#
# A fatal error has been detected by the Java Runtime Environment:
#
#  EXCEPTION_ACCESS_VIOLATION (0xc0000005) at pc=0x00007fffd73dc3a0, pid=8524, tid=4044
#
# JRE version: OpenJDK Runtime Environment (15.0.2+7) (build 15.0.2+7-27)
# Java VM: OpenJDK 64-Bit Server VM (15.0.2+7-27, mixed mode, tiered, compressed oops, g1 gc, windows-amd64)
# Problematic frame:
# C  [ig9icd64.dll+0x6c3a0]
#
# No core dump will be written. Minidumps are not enabled by default on client versions of Windows
#
# If you would like to submit a bug report, please visit:
#   https://bugreport.java.com/bugreport/crash.jsp
# The crash happened outside the Java Virtual Machine in native code.
# See problematic frame for where to report the bug.
#

---------------  S U M M A R Y ------------

Command Line: -Dfile.encoding=UTF-8 -XX:+ShowCodeDetailsInExceptionMessages dg.main.desktop.DesktopLauncher

Host: Intel(R) Core(TM) i7-10750H CPU @ 2.60GHz, 12 cores, 15G,  Windows 10 , 64 bit Build 19041 (10.0.19041.1348)
Time: Fri Nov 26 08:02:54 2021 Hora estándar romance elapsed time: 23.988595 seconds (0d 0h 0m 23s)

---------------  T H R E A D  ---------------

Current thread (0x000001c7bda76af0):  JavaThread "LWJGL Application" [_thread_in_native, id=4044, stack(0x0000000217a00000,0x0000000217b00000)]

Stack: [0x0000000217a00000,0x0000000217b00000],  sp=0x0000000217afe858,  free space=1018k
Native frames: (J=compiled Java code, j=interpreted, Vv=VM code, C=native code)
C  [ig9icd64.dll+0x6c3a0]

Java frames: (J=compiled Java code, j=interpreted, Vv=VM code)
J 1529  org.lwjgl.opengl.GL11.nglDrawElements(IIIJJ)V (0 bytes) @ 0x000001c7a7d447fe [0x000001c7a7d447a0+0x000000000000005e]
J 1494 c1 org.lwjgl.opengl.GL11.glDrawElements(ILjava/nio/ShortBuffer;)V (38 bytes) @ 0x000001c7a0a394ec [0x000001c7a0a38ce0+0x000000000000080c]
J 1493 c1 com.badlogic.gdx.backends.lwjgl.LwjglGL20.glDrawElements(IIILjava/nio/Buffer;)V (124 bytes) @ 0x000001c7a0a382e4 [0x000001c7a0a37500+0x0000000000000de4]
J 1524 c1 com.badlogic.gdx.graphics.Mesh.render(Lcom/badlogic/gdx/graphics/glutils/ShaderProgram;IIIZ)V (341 bytes) @ 0x000001c7a0a47ce4 [0x000001c7a0a47680+0x0000000000000664]
J 1481 c1 com.badlogic.gdx.graphics.Mesh.render(Lcom/badlogic/gdx/graphics/glutils/ShaderProgram;III)V (14 bytes) @ 0x000001c7a0a33e34 [0x000001c7a0a33dc0+0x0000000000000074]
J 1368 c1 com.badlogic.gdx.graphics.g2d.SpriteBatch.flush()V (193 bytes) @ 0x000001c7a09ec7d4 [0x000001c7a09eba20+0x0000000000000db4]
J 1495 c1 com.badlogic.gdx.graphics.g2d.SpriteBatch.end()V (66 bytes) @ 0x000001c7a0a3a3a4 [0x000001c7a0a3a2a0+0x0000000000000104]
J 1638 c1 dg.main.MenuP.render(F)V (64 bytes) @ 0x000001c7a0a80854 [0x000001c7a0a80580+0x00000000000002d4]
J 1637 c1 com.badlogic.gdx.Game.render()V (25 bytes) @ 0x000001c7a0a800fc [0x000001c7a0a7ff40+0x00000000000001bc]
j  com.badlogic.gdx.backends.lwjgl.LwjglApplication.mainLoop()V+776
j  com.badlogic.gdx.backends.lwjgl.LwjglApplication$1.run()V+27
v  ~StubRoutines::call_stub

siginfo: EXCEPTION_ACCESS_VIOLATION (0xc0000005), reading address 0x000001c7bd446c00


Register to memory mapping:

RIP=0x00007fffd73dc3a0 ig9icd64.dll
RAX=0x00000000000000ff is an unknown value
RBX=0x000000000000ffff is an unknown value
RCX=0x000001c7c0505fa4 points into unknown readable memory: 00 00 00 00
RDX=0x000001c7bd446c00 is an unknown value
RSP=0x0000000217afe858 is pointing into the stack for thread: 0x000001c7bda76af0
RBP=0x0000000000000006 is an unknown value
RSI=0x0000000217afe910 is pointing into the stack for thread: 0x000001c7bda76af0
RDI=0x0 is NULL
R8 =0x000000000000000c is an unknown value
R9 =0x0000000217afe910 is pointing into the stack for thread: 0x000001c7bda76af0
R10=0x00000000030bf3a4 is an unknown value
R11=0x0000000000000006 is an unknown value
R12=0x0 is NULL
R13=0x0000000000060000 is an unknown value
R14=0x000001c7be262b70 points into unknown readable memory: 0x000001c7c0505fa4 | a4 5f 50 c0 c7 01 00 00
R15=0x000000000000000c is an unknown value


Registers:
RAX=0x00000000000000ff, RBX=0x000000000000ffff, RCX=0x000001c7c0505fa4, RDX=0x000001c7bd446c00
RSP=0x0000000217afe858, RBP=0x0000000000000006, RSI=0x0000000217afe910, RDI=0x0000000000000000
R8 =0x000000000000000c, R9 =0x0000000217afe910, R10=0x00000000030bf3a4, R11=0x0000000000000006
R12=0x0000000000000000, R13=0x0000000000060000, R14=0x000001c7be262b70, R15=0x000000000000000c
RIP=0x00007fffd73dc3a0, EFLAGS=0x0000000000010202

Top of Stack: (sp=0x0000000217afe858)
0x0000000217afe858:   00007fffd79b298a 0000000000060000
0x0000000217afe868:   000001c7bdb68be0 000001c7bdb3dd80
0x0000000217afe878:   000001c7bdb14770 0000000217afe918
0x0000000217afe888:   0000000000000001 0000000000000006
0x0000000217afe898:   001605c25bfd0004 0000000000000001
0x0000000217afe8a8:   00007fffd7de4c2e 0000000000000004
0x0000000217afe8b8:   0000000000000000 0000000000000004
0x0000000217afe8c8:   00000007108beec0 0000000000001403
0x0000000217afe8d8:   0000000000000001 000001c7bdb3dd80
0x0000000217afe8e8:   0000000000000006 000001c7bdb3dd80
0x0000000217afe8f8:   00007fffd7bf5b69 000001c7bd43337c
0x0000000217afe908:   0000000000000004 000001c7bda76a00
0x0000000217afe918:   000001c7bdd08a00 0000000000000004
0x0000000217afe928:   0000000000000006 0000000000000000
0x0000000217afe938:   00007fffd7de50a0 000000000000ffff
0x0000000217afe948:   00007fffd7a2cd8b 0000000000000002 

Instructions: (pc=0x00007fffd73dc3a0)
0x00007fffd73dc2a0:   83 c2 10 66 0f f9 c3 66 0f ea c8 66 0f ee d0 48
0x00007fffd73dc2b0:   83 e9 01 75 dd 66 0f fd cb 66 0f fd d3 66 0f c5
0x00007fffd73dc2c0:   c1 00 66 0f c5 c9 01 66 44 0f c5 c1 06 66 3b d8
0x00007fffd73dc2d0:   66 0f 46 c3 66 3b c1 66 0f 46 c8 66 0f c5 c1 02
0x00007fffd73dc2e0:   66 3b c8 66 0f 46 c1 66 0f c5 c9 03 66 3b c1 66
0x00007fffd73dc2f0:   0f 46 c8 66 0f c5 c1 04 66 3b c8 66 0f 46 c1 66
0x00007fffd73dc300:   0f c5 c9 05 66 3b c1 66 0f 46 c8 66 41 3b c8 66
0x00007fffd73dc310:   0f c5 c1 07 66 44 0f 46 c1 66 0f c5 ca 01 66 44
0x00007fffd73dc320:   3b c0 66 41 0f 46 c0 0f b7 d8 66 0f c5 c2 00 66
0x00007fffd73dc330:   44 0f c5 c2 06 66 3b f8 66 0f 43 c7 66 3b c1 66
0x00007fffd73dc340:   0f 43 c8 66 0f c5 c2 02 66 3b c8 66 0f 43 c1 66
0x00007fffd73dc350:   0f c5 ca 03 66 3b c1 66 0f 43 c8 66 0f c5 c2 04
0x00007fffd73dc360:   66 3b c8 66 0f 43 c1 66 0f c5 ca 05 66 3b c1 66
0x00007fffd73dc370:   0f 43 c8 66 41 3b c8 66 0f c5 c2 07 66 44 0f 43
0x00007fffd73dc380:   c1 66 44 3b c0 66 41 0f 43 c0 0f b7 f8 4d 85 db
0x00007fffd73dc390:   74 52 4c 2b d2 66 66 66 0f 1f 84 00 00 00 00 00
0x00007fffd73dc3a0:   0f b7 0a 66 41 89 0c 12 48 8d 52 02 66 3b d9 0f
0x00007fffd73dc3b0:   b7 c1 66 0f 46 c3 66 3b f9 0f b7 d8 66 0f 43 cf
0x00007fffd73dc3c0:   0f b7 f9 49 83 eb 01 75 d7 66 89 06 48 8b 44 24
0x00007fffd73dc3d0:   28 66 89 08 48 8b 5c 24 08 48 8b 74 24 10 48 8b
0x00007fffd73dc3e0:   7c 24 18 c3 48 8b 44 24 28 66 89 1e 48 8b 5c 24
0x00007fffd73dc3f0:   08 48 8b 74 24 10 66 89 38 48 8b 7c 24 18 c3 cc
0x00007fffd73dc400:   48 89 5c 24 10 56 48 83 ec 50 33 db 41 c1 e8 02
0x00007fffd73dc410:   41 8b f1 4c 8b d1 41 bb ff ff ff ff f6 c2 03 0f
0x00007fffd73dc420:   85 3e 02 00 00 83 bc 24 90 00 00 00 06 0f 8c 30
0x00007fffd73dc430:   02 00 00 0f 18 42 20 0f 18 42 40 41 83 f8 04 0f
0x00007fffd73dc440:   82 1e 02 00 00 44 8d 4a 0f 41 83 e1 f0 44 2b ca
0x00007fffd73dc450:   41 c1 e9 02 45 85 c9 74 3a 48 89 7c 24 60 41 8b
0x00007fffd73dc460:   f9 8b 0a 48 83 c2 04 41 89 0a 49 83 c2 04 3b ce
0x00007fffd73dc470:   74 13 44 3b d9 8b c1 41 0f 46 c3 3b d9 44 8b d8
0x00007fffd73dc480:   0f 43 cb 8b d9 48 83 ef 01 75 d6 48 8b 7c 24 60
0x00007fffd73dc490:   45 2b c1 41 83 f8 08 0f 82 c6 01 00 00 48 8b ce 


Stack slot to memory mapping:
stack at sp + 0 slots: 0x00007fffd79b298a ig9icd64.dll
stack at sp + 1 slots: 0x0000000000060000 is an unknown value
stack at sp + 2 slots: 0x000001c7bdb68be0 points into unknown readable memory: 0x000001c7bd446c00 | 00 6c 44 bd c7 01 00 00
stack at sp + 3 slots: 0x000001c7bdb3dd80 points into unknown readable memory: 0x000001c7bdad8f40 | 40 8f ad bd c7 01 00 00
stack at sp + 4 slots: 0x000001c7bdb14770 points into unknown readable memory: 0x0000010000000000 | 00 00 00 00 00 01 00 00
stack at sp + 5 slots: 0x0000000217afe918 is pointing into the stack for thread: 0x000001c7bda76af0
stack at sp + 6 slots: 0x0000000000000001 is an unknown value
stack at sp + 7 slots: 0x0000000000000006 is an unknown value


---------------  P R O C E S S  ---------------

Threads class SMR info:
_java_thread_list=0x000001c7be00ac60, length=15, elements={
0x000001c7bc254020, 0x000001c7bc25ca30, 0x000001c7bb99dc50, 0x000001c7bb99e610,
0x000001c7bc23bde0, 0x000001c7bc23ffd0, 0x000001c7bc240a80, 0x000001c7bc2ddb50,
0x000001c7bc413010, 0x000001c7bc42d560, 0x000001c7bcd7fe00, 0x000001c7bcd84fd0,
0x000001c7bda76af0, 0x000001c79c7ce4d0, 0x000001c7be23bf60
}

Java Threads: ( => current thread )
  0x000001c7bc254020 JavaThread "Reference Handler" daemon [_thread_blocked, id=6344, stack(0x0000000216800000,0x0000000216900000)]
  0x000001c7bc25ca30 JavaThread "Finalizer" daemon [_thread_blocked, id=15628, stack(0x0000000216900000,0x0000000216a00000)]
  0x000001c7bb99dc50 JavaThread "Signal Dispatcher" daemon [_thread_blocked, id=4528, stack(0x0000000216a00000,0x0000000216b00000)]
  0x000001c7bb99e610 JavaThread "Attach Listener" daemon [_thread_blocked, id=21176, stack(0x0000000216b00000,0x0000000216c00000)]
  0x000001c7bc23bde0 JavaThread "Service Thread" daemon [_thread_blocked, id=13868, stack(0x0000000216c00000,0x0000000216d00000)]
  0x000001c7bc23ffd0 JavaThread "C2 CompilerThread0" daemon [_thread_blocked, id=756, stack(0x0000000216d00000,0x0000000216e00000)]
  0x000001c7bc240a80 JavaThread "C1 CompilerThread0" daemon [_thread_blocked, id=18684, stack(0x0000000216e00000,0x0000000216f00000)]
  0x000001c7bc2ddb50 JavaThread "Sweeper thread" daemon [_thread_blocked, id=12840, stack(0x0000000216f00000,0x0000000217000000)]
  0x000001c7bc413010 JavaThread "Notification Thread" daemon [_thread_blocked, id=10008, stack(0x0000000217000000,0x0000000217100000)]
  0x000001c7bc42d560 JavaThread "Common-Cleaner" daemon [_thread_blocked, id=18516, stack(0x0000000217200000,0x0000000217300000)]
  0x000001c7bcd7fe00 JavaThread "Java2D Disposer" daemon [_thread_blocked, id=2948, stack(0x0000000217300000,0x0000000217400000)]
  0x000001c7bcd84fd0 JavaThread "AWT-Windows" daemon [_thread_in_native, id=11400, stack(0x0000000217500000,0x0000000217600000)]
=>0x000001c7bda76af0 JavaThread "LWJGL Application" [_thread_in_native, id=4044, stack(0x0000000217a00000,0x0000000217b00000)]
  0x000001c79c7ce4d0 JavaThread "DestroyJavaVM" [_thread_blocked, id=4520, stack(0x0000000216100000,0x0000000216200000)]
  0x000001c7be23bf60 JavaThread "LWJGL Timer" daemon [_thread_blocked, id=21368, stack(0x0000000218000000,0x0000000218100000)]

Other Threads:
  0x000001c7bc22e190 VMThread "VM Thread" [stack: 0x0000000216700000,0x0000000216800000] [id=21184]
  0x000001c7bc4154f0 WatcherThread [stack: 0x0000000217100000,0x0000000217200000] [id=11708]
  0x000001c79c81f480 GCTaskThread "GC Thread#0" [stack: 0x0000000216200000,0x0000000216300000] [id=20292]
  0x000001c79c830dc0 ConcurrentGCThread "G1 Main Marker" [stack: 0x0000000216300000,0x0000000216400000] [id=15752]
  0x000001c79c831a30 ConcurrentGCThread "G1 Conc#0" [stack: 0x0000000216400000,0x0000000216500000] [id=13196]
  0x000001c79c89e010 ConcurrentGCThread "G1 Refine#0" [stack: 0x0000000216500000,0x0000000216600000] [id=22216]
  0x000001c79c89e9c0 ConcurrentGCThread "G1 Young RemSet Sampling" [stack: 0x0000000216600000,0x0000000216700000] [id=5472]

Threads with active compile tasks:

VM state: not at safepoint (normal execution)

VM Mutex/Monitor currently owned by a thread: None

Heap address: 0x0000000702000000, size: 4064 MB, Compressed Oops mode: Zero based, Oop shift amount: 3
CDS disabled.
Compressed class space mapped at: 0x0000000800000000-0x0000000840000000, size: 1073741824
Narrow klass base: 0x0000000800000000, Narrow klass shift: 0, Narrow klass range: 0x40000000

GC Precious Log:
 CPUs: 12 total, 12 available
 Memory: 16251M
 Large Page Support: Disabled
 NUMA Support: Disabled
 Compressed Oops: Enabled (Zero based)
 Heap Region Size: 2M
 Heap Min Capacity: 8M
 Heap Initial Capacity: 254M
 Heap Max Capacity: 4064M
 Pre-touch: Disabled
 Parallel Workers: 10
 Concurrent Workers: 3
 Concurrent Refinement Workers: 10
 Periodic GC: Disabled

Heap:
 garbage-first heap   total 260096K, used 18432K [0x0000000702000000, 0x0000000800000000)
  region size 2048K, 11 young (22528K), 0 survivors (0K)
 Metaspace       used 17889K, capacity 18038K, committed 18304K, reserved 1067008K
  class space    used 1531K, capacity 1604K, committed 1664K, reserved 1048576K

Heap Regions: E=young(eden), S=young(survivor), O=old, HS=humongous(starts), HC=humongous(continues), CS=collection set, F=free, OA=open archive, CA=closed archive, TAMS=top-at-mark-start (previous, next)
|   0|0x0000000702000000, 0x0000000702000000, 0x0000000702200000|  0%| F|  |TAMS 0x0000000702000000, 0x0000000702000000| Untracked 
|   1|0x0000000702200000, 0x0000000702200000, 0x0000000702400000|  0%| F|  |TAMS 0x0000000702200000, 0x0000000702200000| Untracked 
|   2|0x0000000702400000, 0x0000000702400000, 0x0000000702600000|  0%| F|  |TAMS 0x0000000702400000, 0x0000000702400000| Untracked 
|   3|0x0000000702600000, 0x0000000702600000, 0x0000000702800000|  0%| F|  |TAMS 0x0000000702600000, 0x0000000702600000| Untracked 
|   4|0x0000000702800000, 0x0000000702800000, 0x0000000702a00000|  0%| F|  |TAMS 0x0000000702800000, 0x0000000702800000| Untracked 
|   5|0x0000000702a00000, 0x0000000702a00000, 0x0000000702c00000|  0%| F|  |TAMS 0x0000000702a00000, 0x0000000702a00000| Untracked 
|   6|0x0000000702c00000, 0x0000000702c00000, 0x0000000702e00000|  0%| F|  |TAMS 0x0000000702c00000, 0x0000000702c00000| Untracked 
|   7|0x0000000702e00000, 0x0000000702e00000, 0x0000000703000000|  0%| F|  |TAMS 0x0000000702e00000, 0x0000000702e00000| Untracked 
|   8|0x0000000703000000, 0x0000000703000000, 0x0000000703200000|  0%| F|  |TAMS 0x0000000703000000, 0x0000000703000000| Untracked 
|   9|0x0000000703200000, 0x0000000703200000, 0x0000000703400000|  0%| F|  |TAMS 0x0000000703200000, 0x0000000703200000| Untracked 
|  10|0x0000000703400000, 0x0000000703400000, 0x0000000703600000|  0%| F|  |TAMS 0x0000000703400000, 0x0000000703400000| Untracked 
|  11|0x0000000703600000, 0x0000000703600000, 0x0000000703800000|  0%| F|  |TAMS 0x0000000703600000, 0x0000000703600000| Untracked 
|  12|0x0000000703800000, 0x0000000703800000, 0x0000000703a00000|  0%| F|  |TAMS 0x0000000703800000, 0x0000000703800000| Untracked 
|  13|0x0000000703a00000, 0x0000000703a00000, 0x0000000703c00000|  0%| F|  |TAMS 0x0000000703a00000, 0x0000000703a00000| Untracked 
|  14|0x0000000703c00000, 0x0000000703c00000, 0x0000000703e00000|  0%| F|  |TAMS 0x0000000703c00000, 0x0000000703c00000| Untracked 
|  15|0x0000000703e00000, 0x0000000703e00000, 0x0000000704000000|  0%| F|  |TAMS 0x0000000703e00000, 0x0000000703e00000| Untracked 
|  16|0x0000000704000000, 0x0000000704000000, 0x0000000704200000|  0%| F|  |TAMS 0x0000000704000000, 0x0000000704000000| Untracked 
|  17|0x0000000704200000, 0x0000000704200000, 0x0000000704400000|  0%| F|  |TAMS 0x0000000704200000, 0x0000000704200000| Untracked 
|  18|0x0000000704400000, 0x0000000704400000, 0x0000000704600000|  0%| F|  |TAMS 0x0000000704400000, 0x0000000704400000| Untracked 
|  19|0x0000000704600000, 0x0000000704600000, 0x0000000704800000|  0%| F|  |TAMS 0x0000000704600000, 0x0000000704600000| Untracked 
|  20|0x0000000704800000, 0x0000000704800000, 0x0000000704a00000|  0%| F|  |TAMS 0x0000000704800000, 0x0000000704800000| Untracked 
|  21|0x0000000704a00000, 0x0000000704a00000, 0x0000000704c00000|  0%| F|  |TAMS 0x0000000704a00000, 0x0000000704a00000| Untracked 
|  22|0x0000000704c00000, 0x0000000704c00000, 0x0000000704e00000|  0%| F|  |TAMS 0x0000000704c00000, 0x0000000704c00000| Untracked 
|  23|0x0000000704e00000, 0x0000000704e00000, 0x0000000705000000|  0%| F|  |TAMS 0x0000000704e00000, 0x0000000704e00000| Untracked 
|  24|0x0000000705000000, 0x0000000705000000, 0x0000000705200000|  0%| F|  |TAMS 0x0000000705000000, 0x0000000705000000| Untracked 
|  25|0x0000000705200000, 0x0000000705200000, 0x0000000705400000|  0%| F|  |TAMS 0x0000000705200000, 0x0000000705200000| Untracked 
|  26|0x0000000705400000, 0x0000000705400000, 0x0000000705600000|  0%| F|  |TAMS 0x0000000705400000, 0x0000000705400000| Untracked 
|  27|0x0000000705600000, 0x0000000705600000, 0x0000000705800000|  0%| F|  |TAMS 0x0000000705600000, 0x0000000705600000| Untracked 
|  28|0x0000000705800000, 0x0000000705800000, 0x0000000705a00000|  0%| F|  |TAMS 0x0000000705800000, 0x0000000705800000| Untracked 
|  29|0x0000000705a00000, 0x0000000705a00000, 0x0000000705c00000|  0%| F|  |TAMS 0x0000000705a00000, 0x0000000705a00000| Untracked 
|  30|0x0000000705c00000, 0x0000000705c00000, 0x0000000705e00000|  0%| F|  |TAMS 0x0000000705c00000, 0x0000000705c00000| Untracked 
|  31|0x0000000705e00000, 0x0000000705e00000, 0x0000000706000000|  0%| F|  |TAMS 0x0000000705e00000, 0x0000000705e00000| Untracked 
|  32|0x0000000706000000, 0x0000000706000000, 0x0000000706200000|  0%| F|  |TAMS 0x0000000706000000, 0x0000000706000000| Untracked 
|  33|0x0000000706200000, 0x0000000706200000, 0x0000000706400000|  0%| F|  |TAMS 0x0000000706200000, 0x0000000706200000| Untracked 
|  34|0x0000000706400000, 0x0000000706400000, 0x0000000706600000|  0%| F|  |TAMS 0x0000000706400000, 0x0000000706400000| Untracked 
|  35|0x0000000706600000, 0x0000000706600000, 0x0000000706800000|  0%| F|  |TAMS 0x0000000706600000, 0x0000000706600000| Untracked 
|  36|0x0000000706800000, 0x0000000706800000, 0x0000000706a00000|  0%| F|  |TAMS 0x0000000706800000, 0x0000000706800000| Untracked 
|  37|0x0000000706a00000, 0x0000000706a00000, 0x0000000706c00000|  0%| F|  |TAMS 0x0000000706a00000, 0x0000000706a00000| Untracked 
|  38|0x0000000706c00000, 0x0000000706c00000, 0x0000000706e00000|  0%| F|  |TAMS 0x0000000706c00000, 0x0000000706c00000| Untracked 
|  39|0x0000000706e00000, 0x0000000706e00000, 0x0000000707000000|  0%| F|  |TAMS 0x0000000706e00000, 0x0000000706e00000| Untracked 
|  40|0x0000000707000000, 0x0000000707000000, 0x0000000707200000|  0%| F|  |TAMS 0x0000000707000000, 0x0000000707000000| Untracked 
|  41|0x0000000707200000, 0x0000000707200000, 0x0000000707400000|  0%| F|  |TAMS 0x0000000707200000, 0x0000000707200000| Untracked 
|  42|0x0000000707400000, 0x0000000707400000, 0x0000000707600000|  0%| F|  |TAMS 0x0000000707400000, 0x0000000707400000| Untracked 
|  43|0x0000000707600000, 0x0000000707600000, 0x0000000707800000|  0%| F|  |TAMS 0x0000000707600000, 0x0000000707600000| Untracked 
|  44|0x0000000707800000, 0x0000000707800000, 0x0000000707a00000|  0%| F|  |TAMS 0x0000000707800000, 0x0000000707800000| Untracked 
|  45|0x0000000707a00000, 0x0000000707a00000, 0x0000000707c00000|  0%| F|  |TAMS 0x0000000707a00000, 0x0000000707a00000| Untracked 
|  46|0x0000000707c00000, 0x0000000707c00000, 0x0000000707e00000|  0%| F|  |TAMS 0x0000000707c00000, 0x0000000707c00000| Untracked 
|  47|0x0000000707e00000, 0x0000000707e00000, 0x0000000708000000|  0%| F|  |TAMS 0x0000000707e00000, 0x0000000707e00000| Untracked 
|  48|0x0000000708000000, 0x0000000708000000, 0x0000000708200000|  0%| F|  |TAMS 0x0000000708000000, 0x0000000708000000| Untracked 
|  49|0x0000000708200000, 0x0000000708200000, 0x0000000708400000|  0%| F|  |TAMS 0x0000000708200000, 0x0000000708200000| Untracked 
|  50|0x0000000708400000, 0x0000000708400000, 0x0000000708600000|  0%| F|  |TAMS 0x0000000708400000, 0x0000000708400000| Untracked 
|  51|0x0000000708600000, 0x0000000708600000, 0x0000000708800000|  0%| F|  |TAMS 0x0000000708600000, 0x0000000708600000| Untracked 
|  52|0x0000000708800000, 0x0000000708800000, 0x0000000708a00000|  0%| F|  |TAMS 0x0000000708800000, 0x0000000708800000| Untracked 
|  53|0x0000000708a00000, 0x0000000708a00000, 0x0000000708c00000|  0%| F|  |TAMS 0x0000000708a00000, 0x0000000708a00000| Untracked 
|  54|0x0000000708c00000, 0x0000000708c00000, 0x0000000708e00000|  0%| F|  |TAMS 0x0000000708c00000, 0x0000000708c00000| Untracked 
|  55|0x0000000708e00000, 0x0000000708e00000, 0x0000000709000000|  0%| F|  |TAMS 0x0000000708e00000, 0x0000000708e00000| Untracked 
|  56|0x0000000709000000, 0x0000000709000000, 0x0000000709200000|  0%| F|  |TAMS 0x0000000709000000, 0x0000000709000000| Untracked 
|  57|0x0000000709200000, 0x0000000709200000, 0x0000000709400000|  0%| F|  |TAMS 0x0000000709200000, 0x0000000709200000| Untracked 
|  58|0x0000000709400000, 0x0000000709400000, 0x0000000709600000|  0%| F|  |TAMS 0x0000000709400000, 0x0000000709400000| Untracked 
|  59|0x0000000709600000, 0x0000000709600000, 0x0000000709800000|  0%| F|  |TAMS 0x0000000709600000, 0x0000000709600000| Untracked 
|  60|0x0000000709800000, 0x0000000709800000, 0x0000000709a00000|  0%| F|  |TAMS 0x0000000709800000, 0x0000000709800000| Untracked 
|  61|0x0000000709a00000, 0x0000000709a00000, 0x0000000709c00000|  0%| F|  |TAMS 0x0000000709a00000, 0x0000000709a00000| Untracked 
|  62|0x0000000709c00000, 0x0000000709c00000, 0x0000000709e00000|  0%| F|  |TAMS 0x0000000709c00000, 0x0000000709c00000| Untracked 
|  63|0x0000000709e00000, 0x0000000709e00000, 0x000000070a000000|  0%| F|  |TAMS 0x0000000709e00000, 0x0000000709e00000| Untracked 
|  64|0x000000070a000000, 0x000000070a000000, 0x000000070a200000|  0%| F|  |TAMS 0x000000070a000000, 0x000000070a000000| Untracked 
|  65|0x000000070a200000, 0x000000070a200000, 0x000000070a400000|  0%| F|  |TAMS 0x000000070a200000, 0x000000070a200000| Untracked 
|  66|0x000000070a400000, 0x000000070a400000, 0x000000070a600000|  0%| F|  |TAMS 0x000000070a400000, 0x000000070a400000| Untracked 
|  67|0x000000070a600000, 0x000000070a600000, 0x000000070a800000|  0%| F|  |TAMS 0x000000070a600000, 0x000000070a600000| Untracked 
|  68|0x000000070a800000, 0x000000070a800000, 0x000000070aa00000|  0%| F|  |TAMS 0x000000070a800000, 0x000000070a800000| Untracked 
|  69|0x000000070aa00000, 0x000000070aa00000, 0x000000070ac00000|  0%| F|  |TAMS 0x000000070aa00000, 0x000000070aa00000| Untracked 
|  70|0x000000070ac00000, 0x000000070ac00000, 0x000000070ae00000|  0%| F|  |TAMS 0x000000070ac00000, 0x000000070ac00000| Untracked 
|  71|0x000000070ae00000, 0x000000070ae00000, 0x000000070b000000|  0%| F|  |TAMS 0x000000070ae00000, 0x000000070ae00000| Untracked 
|  72|0x000000070b000000, 0x000000070b000000, 0x000000070b200000|  0%| F|  |TAMS 0x000000070b000000, 0x000000070b000000| Untracked 
|  73|0x000000070b200000, 0x000000070b200000, 0x000000070b400000|  0%| F|  |TAMS 0x000000070b200000, 0x000000070b200000| Untracked 
|  74|0x000000070b400000, 0x000000070b400000, 0x000000070b600000|  0%| F|  |TAMS 0x000000070b400000, 0x000000070b400000| Untracked 
|  75|0x000000070b600000, 0x000000070b600000, 0x000000070b800000|  0%| F|  |TAMS 0x000000070b600000, 0x000000070b600000| Untracked 
|  76|0x000000070b800000, 0x000000070b800000, 0x000000070ba00000|  0%| F|  |TAMS 0x000000070b800000, 0x000000070b800000| Untracked 
|  77|0x000000070ba00000, 0x000000070ba00000, 0x000000070bc00000|  0%| F|  |TAMS 0x000000070ba00000, 0x000000070ba00000| Untracked 
|  78|0x000000070bc00000, 0x000000070bc00000, 0x000000070be00000|  0%| F|  |TAMS 0x000000070bc00000, 0x000000070bc00000| Untracked 
|  79|0x000000070be00000, 0x000000070be00000, 0x000000070c000000|  0%| F|  |TAMS 0x000000070be00000, 0x000000070be00000| Untracked 
|  80|0x000000070c000000, 0x000000070c000000, 0x000000070c200000|  0%| F|  |TAMS 0x000000070c000000, 0x000000070c000000| Untracked 
|  81|0x000000070c200000, 0x000000070c200000, 0x000000070c400000|  0%| F|  |TAMS 0x000000070c200000, 0x000000070c200000| Untracked 
|  82|0x000000070c400000, 0x000000070c400000, 0x000000070c600000|  0%| F|  |TAMS 0x000000070c400000, 0x000000070c400000| Untracked 
|  83|0x000000070c600000, 0x000000070c600000, 0x000000070c800000|  0%| F|  |TAMS 0x000000070c600000, 0x000000070c600000| Untracked 
|  84|0x000000070c800000, 0x000000070c800000, 0x000000070ca00000|  0%| F|  |TAMS 0x000000070c800000, 0x000000070c800000| Untracked 
|  85|0x000000070ca00000, 0x000000070ca00000, 0x000000070cc00000|  0%| F|  |TAMS 0x000000070ca00000, 0x000000070ca00000| Untracked 
|  86|0x000000070cc00000, 0x000000070cc00000, 0x000000070ce00000|  0%| F|  |TAMS 0x000000070cc00000, 0x000000070cc00000| Untracked 
|  87|0x000000070ce00000, 0x000000070ce00000, 0x000000070d000000|  0%| F|  |TAMS 0x000000070ce00000, 0x000000070ce00000| Untracked 
|  88|0x000000070d000000, 0x000000070d000000, 0x000000070d200000|  0%| F|  |TAMS 0x000000070d000000, 0x000000070d000000| Untracked 
|  89|0x000000070d200000, 0x000000070d200000, 0x000000070d400000|  0%| F|  |TAMS 0x000000070d200000, 0x000000070d200000| Untracked 
|  90|0x000000070d400000, 0x000000070d400000, 0x000000070d600000|  0%| F|  |TAMS 0x000000070d400000, 0x000000070d400000| Untracked 
|  91|0x000000070d600000, 0x000000070d600000, 0x000000070d800000|  0%| F|  |TAMS 0x000000070d600000, 0x000000070d600000| Untracked 
|  92|0x000000070d800000, 0x000000070d800000, 0x000000070da00000|  0%| F|  |TAMS 0x000000070d800000, 0x000000070d800000| Untracked 
|  93|0x000000070da00000, 0x000000070da00000, 0x000000070dc00000|  0%| F|  |TAMS 0x000000070da00000, 0x000000070da00000| Untracked 
|  94|0x000000070dc00000, 0x000000070dc00000, 0x000000070de00000|  0%| F|  |TAMS 0x000000070dc00000, 0x000000070dc00000| Untracked 
|  95|0x000000070de00000, 0x000000070de00000, 0x000000070e000000|  0%| F|  |TAMS 0x000000070de00000, 0x000000070de00000| Untracked 
|  96|0x000000070e000000, 0x000000070e000000, 0x000000070e200000|  0%| F|  |TAMS 0x000000070e000000, 0x000000070e000000| Untracked 
|  97|0x000000070e200000, 0x000000070e200000, 0x000000070e400000|  0%| F|  |TAMS 0x000000070e200000, 0x000000070e200000| Untracked 
|  98|0x000000070e400000, 0x000000070e400000, 0x000000070e600000|  0%| F|  |TAMS 0x000000070e400000, 0x000000070e400000| Untracked 
|  99|0x000000070e600000, 0x000000070e600000, 0x000000070e800000|  0%| F|  |TAMS 0x000000070e600000, 0x000000070e600000| Untracked 
| 100|0x000000070e800000, 0x000000070e800000, 0x000000070ea00000|  0%| F|  |TAMS 0x000000070e800000, 0x000000070e800000| Untracked 
| 101|0x000000070ea00000, 0x000000070ea00000, 0x000000070ec00000|  0%| F|  |TAMS 0x000000070ea00000, 0x000000070ea00000| Untracked 
| 102|0x000000070ec00000, 0x000000070ec00000, 0x000000070ee00000|  0%| F|  |TAMS 0x000000070ec00000, 0x000000070ec00000| Untracked 
| 103|0x000000070ee00000, 0x000000070ee00000, 0x000000070f000000|  0%| F|  |TAMS 0x000000070ee00000, 0x000000070ee00000| Untracked 
| 104|0x000000070f000000, 0x000000070f000000, 0x000000070f200000|  0%| F|  |TAMS 0x000000070f000000, 0x000000070f000000| Untracked 
| 105|0x000000070f200000, 0x000000070f200000, 0x000000070f400000|  0%| F|  |TAMS 0x000000070f200000, 0x000000070f200000| Untracked 
| 106|0x000000070f400000, 0x000000070f400000, 0x000000070f600000|  0%| F|  |TAMS 0x000000070f400000, 0x000000070f400000| Untracked 
| 107|0x000000070f600000, 0x000000070f600000, 0x000000070f800000|  0%| F|  |TAMS 0x000000070f600000, 0x000000070f600000| Untracked 
| 108|0x000000070f800000, 0x000000070f800000, 0x000000070fa00000|  0%| F|  |TAMS 0x000000070f800000, 0x000000070f800000| Untracked 
| 109|0x000000070fa00000, 0x000000070fa00000, 0x000000070fc00000|  0%| F|  |TAMS 0x000000070fa00000, 0x000000070fa00000| Untracked 
| 110|0x000000070fc00000, 0x000000070fc00000, 0x000000070fe00000|  0%| F|  |TAMS 0x000000070fc00000, 0x000000070fc00000| Untracked 
| 111|0x000000070fe00000, 0x000000070fe00000, 0x0000000710000000|  0%| F|  |TAMS 0x000000070fe00000, 0x000000070fe00000| Untracked 
| 112|0x0000000710000000, 0x0000000710000000, 0x0000000710200000|  0%| F|  |TAMS 0x0000000710000000, 0x0000000710000000| Untracked 
| 113|0x0000000710200000, 0x0000000710200000, 0x0000000710400000|  0%| F|  |TAMS 0x0000000710200000, 0x0000000710200000| Untracked 
| 114|0x0000000710400000, 0x0000000710400000, 0x0000000710600000|  0%| F|  |TAMS 0x0000000710400000, 0x0000000710400000| Untracked 
| 115|0x0000000710600000, 0x0000000710600000, 0x0000000710800000|  0%| F|  |TAMS 0x0000000710600000, 0x0000000710600000| Untracked 
| 116|0x0000000710800000, 0x0000000710a00000, 0x0000000710a00000|100%| E|  |TAMS 0x0000000710800000, 0x0000000710800000| Complete 
| 117|0x0000000710a00000, 0x0000000710c00000, 0x0000000710c00000|100%| E|CS|TAMS 0x0000000710a00000, 0x0000000710a00000| Complete 
| 118|0x0000000710c00000, 0x0000000710e00000, 0x0000000710e00000|100%| E|CS|TAMS 0x0000000710c00000, 0x0000000710c00000| Complete 
| 119|0x0000000710e00000, 0x0000000711000000, 0x0000000711000000|100%| E|CS|TAMS 0x0000000710e00000, 0x0000000710e00000| Complete 
| 120|0x0000000711000000, 0x0000000711200000, 0x0000000711200000|100%| E|CS|TAMS 0x0000000711000000, 0x0000000711000000| Complete 
| 121|0x0000000711200000, 0x0000000711400000, 0x0000000711400000|100%| E|  |TAMS 0x0000000711200000, 0x0000000711200000| Complete 
| 122|0x0000000711400000, 0x0000000711600000, 0x0000000711600000|100%| E|CS|TAMS 0x0000000711400000, 0x0000000711400000| Complete 
| 123|0x0000000711600000, 0x0000000711800000, 0x0000000711800000|100%| E|CS|TAMS 0x0000000711600000, 0x0000000711600000| Complete 
| 124|0x0000000711800000, 0x0000000711a00000, 0x0000000711a00000|100%| E|CS|TAMS 0x0000000711800000, 0x0000000711800000| Complete 
| 125|0x0000000711a00000, 0x0000000711c00000, 0x0000000711c00000|100%| E|CS|TAMS 0x0000000711a00000, 0x0000000711a00000| Complete 
| 126|0x0000000711c00000, 0x0000000711e00000, 0x0000000711e00000|100%| E|CS|TAMS 0x0000000711c00000, 0x0000000711c00000| Complete 

Card table byte_map: [0x000001c7afe10000,0x000001c7b0600000] _byte_map_base: 0x000001c7ac600000

Marking Bits (Prev, Next): (CMBitMap*) 0x000001c79c81fcf0, (CMBitMap*) 0x000001c79c81fd30
 Prev Bits: [0x000001c7b0df0000, 0x000001c7b4d70000)
 Next Bits: [0x000001c7b4d70000, 0x000001c7b8cf0000)

Polling page: 0x000001c79a560000

Metaspace:

Usage:
  Non-class:     16.05 MB capacity,    15.97 MB (>99%) used,    57.27 KB ( <1%) free+waste,    18.62 KB ( <1%) overhead. 
      Class:      1.57 MB capacity,     1.50 MB ( 95%) used,    66.70 KB (  4%) free+waste,     5.81 KB ( <1%) overhead. 
       Both:     17.62 MB capacity,    17.47 MB (>99%) used,   123.98 KB ( <1%) free+waste,    24.44 KB ( <1%) overhead. 

Virtual space:
  Non-class space:       18.00 MB reserved,      16.25 MB ( 90%) committed 
      Class space:        1.00 GB reserved,       1.62 MB ( <1%) committed 
             Both:        1.02 GB reserved,      17.88 MB (  2%) committed 

Chunk freelists:
   Non-Class:  142.00 KB
       Class:  28.00 KB
        Both:  170.00 KB

MaxMetaspaceSize: 17179869184.00 GB
CompressedClassSpaceSize: 1.00 GB

CodeHeap 'non-profiled nmethods': size=120000Kb used=772Kb max_used=772Kb free=119228Kb
 bounds [0x000001c7a7cb0000, 0x000001c7a7f20000, 0x000001c7af1e0000]
CodeHeap 'profiled nmethods': size=120000Kb used=3159Kb max_used=3159Kb free=116840Kb
 bounds [0x000001c7a0780000, 0x000001c7a0aa0000, 0x000001c7a7cb0000]
CodeHeap 'non-nmethods': size=5760Kb used=1323Kb max_used=1365Kb free=4436Kb
 bounds [0x000001c7a01e0000, 0x000001c7a0450000, 0x000001c7a0780000]
 total_blobs=2336 nmethods=1712 adapters=537
 compilation: enabled
              stopped_count=0, restarted_count=0
 full_count=0

Compilation events (20 events):
Event: 22.667 Thread 0x000001c7bc240a80 1702       3       jdk.internal.misc.Unsafe::getLongUnaligned (12 bytes)
Event: 22.668 Thread 0x000001c7bc240a80 nmethod 1702 0x000001c7a0a94490 code [0x000001c7a0a94640, 0x000001c7a0a94828]
Event: 22.683 Thread 0x000001c7bc23ffd0 1703       4       com.badlogic.gdx.math.Matrix4::setToOrtho (191 bytes)
Event: 22.685 Thread 0x000001c7bc23ffd0 nmethod 1703 0x000001c7a7d6f910 code [0x000001c7a7d6fae0, 0x000001c7a7d6fc78]
Event: 22.800 Thread 0x000001c7bc23ffd0 1705       4       org.lwjgl.opengl.Display::wasResized (4 bytes)
Event: 22.800 Thread 0x000001c7bc23ffd0 nmethod 1705 0x000001c7a7d70190 code [0x000001c7a7d70300, 0x000001c7a7d70358]
Event: 22.900 Thread 0x000001c7bc23ffd0 1706       4       java.nio.ByteBuffer::flip (5 bytes)
Event: 22.901 Thread 0x000001c7bc23ffd0 nmethod 1706 0x000001c7a7d70490 code [0x000001c7a7d70600, 0x000001c7a7d70698]
Event: 23.783 Thread 0x000001c7bc23ffd0 1707       4       java.nio.HeapByteBuffer::compact (85 bytes)
Event: 23.785 Thread 0x000001c7bc23ffd0 nmethod 1707 0x000001c7a7d70790 code [0x000001c7a7d70920, 0x000001c7a7d70b18]
Event: 23.868 Thread 0x000001c7bc240a80 1708       3       com.badlogic.gdx.scenes.scene2d.Event::reset (41 bytes)
Event: 23.868 Thread 0x000001c7bc240a80 nmethod 1708 0x000001c7a0a94910 code [0x000001c7a0a94aa0, 0x000001c7a0a94c58]
Event: 23.883 Thread 0x000001c7bc240a80 1709       3       com.badlogic.gdx.scenes.scene2d.InputEvent::reset (15 bytes)
Event: 23.884 Thread 0x000001c7bc240a80 nmethod 1709 0x000001c7a0a94d10 code [0x000001c7a0a94ec0, 0x000001c7a0a95028]
Event: 23.884 Thread 0x000001c7bc240a80 1711       3       java.lang.StrictMath::floorOrCeil (128 bytes)
Event: 23.884 Thread 0x000001c7bc240a80 nmethod 1711 0x000001c7a0a95110 code [0x000001c7a0a952c0, 0x000001c7a0a95718]
Event: 23.884 Thread 0x000001c7bc240a80 1710       1       com.badlogic.gdx.scenes.scene2d.utils.BaseDrawable::getMinHeight (5 bytes)
Event: 23.884 Thread 0x000001c7bc240a80 nmethod 1710 0x000001c7a7d70d10 code [0x000001c7a7d70ea0, 0x000001c7a7d70f58]
Event: 23.969 Thread 0x000001c7bc240a80 1712       3       com.badlogic.gdx.utils.ObjectMap$MapIterator::findNextIndex (47 bytes)
Event: 23.969 Thread 0x000001c7bc240a80 nmethod 1712 0x000001c7a0a95810 code [0x000001c7a0a959c0, 0x000001c7a0a95c18]

GC Heap History (0 events):
No events

Deoptimization events (20 events):
Event: 21.334 Thread 0x000001c7bda76af0 Uncommon trap: trap_request=0xffffff45 fr.pc=0x000001c7a7d576dc relative=0x0000000000000c7c
Event: 21.334 Thread 0x000001c7bda76af0 Uncommon trap: reason=unstable_if action=reinterpret pc=0x000001c7a7d576dc method=com.badlogic.gdx.scenes.scene2d.Stage.act(F)V @ 27 c2
Event: 21.334 Thread 0x000001c7bda76af0 DEOPT PACKING pc=0x000001c7a7d576dc sp=0x0000000217afeef0
Event: 21.335 Thread 0x000001c7bda76af0 DEOPT UNPACKING pc=0x000001c7a022e42f sp=0x0000000217afeea0 mode 2
Event: 21.335 Thread 0x000001c7bda76af0 Uncommon trap: trap_request=0xffffff45 fr.pc=0x000001c7a7d4a1e4 relative=0x0000000000000064
Event: 21.335 Thread 0x000001c7bda76af0 Uncommon trap: reason=unstable_if action=reinterpret pc=0x000001c7a7d4a1e4 method=com.badlogic.gdx.scenes.scene2d.utils.ClickListener.isVisualPressed()Z @ 4 c2
Event: 21.335 Thread 0x000001c7bda76af0 DEOPT PACKING pc=0x000001c7a7d4a1e4 sp=0x0000000217afe9d0
Event: 21.335 Thread 0x000001c7bda76af0 DEOPT UNPACKING pc=0x000001c7a022e42f sp=0x0000000217afe968 mode 2
Event: 21.335 Thread 0x000001c7bda76af0 Uncommon trap: trap_request=0xffffff45 fr.pc=0x000001c7a7d4af28 relative=0x0000000000000108
Event: 21.335 Thread 0x000001c7bda76af0 Uncommon trap: reason=unstable_if action=reinterpret pc=0x000001c7a7d4af28 method=com.badlogic.gdx.scenes.scene2d.ui.WidgetGroup.validate()V @ 105 c2
Event: 21.335 Thread 0x000001c7bda76af0 DEOPT PACKING pc=0x000001c7a7d4af28 sp=0x0000000217afe8e0
Event: 21.335 Thread 0x000001c7bda76af0 DEOPT UNPACKING pc=0x000001c7a022e42f sp=0x0000000217afe868 mode 2
Event: 21.467 Thread 0x000001c7bda76af0 Uncommon trap: trap_request=0xffffff45 fr.pc=0x000001c7a7d4d558 relative=0x0000000000000058
Event: 21.467 Thread 0x000001c7bda76af0 Uncommon trap: reason=unstable_if action=reinterpret pc=0x000001c7a7d4d558 method=com.badlogic.gdx.utils.SnapshotArray.modified()V @ 4 c2
Event: 21.467 Thread 0x000001c7bda76af0 DEOPT PACKING pc=0x000001c7a7d4d558 sp=0x0000000217afedb0
Event: 21.467 Thread 0x000001c7bda76af0 DEOPT UNPACKING pc=0x000001c7a022e42f sp=0x0000000217afed50 mode 2
Event: 21.467 Thread 0x000001c7bda76af0 Uncommon trap: trap_request=0xffffff45 fr.pc=0x000001c7a7d4d8d4 relative=0x00000000000000d4
Event: 21.467 Thread 0x000001c7bda76af0 Uncommon trap: reason=unstable_if action=reinterpret pc=0x000001c7a7d4d8d4 method=com.badlogic.gdx.utils.SnapshotArray.end()V @ 30 c2
Event: 21.467 Thread 0x000001c7bda76af0 DEOPT PACKING pc=0x000001c7a7d4d8d4 sp=0x0000000217afee00
Event: 21.467 Thread 0x000001c7bda76af0 DEOPT UNPACKING pc=0x000001c7a022e42f sp=0x0000000217afeda8 mode 2

Classes unloaded (0 events):
No events

Classes redefined (0 events):
No events

Internal exceptions (12 events):
Event: 0.223 Thread 0x000001c79c7ce4d0 Exception <a 'java/lang/NoSuchMethodError'{0x0000000711a089c8}: 'void java.lang.invoke.DirectMethodHandle$Holder.invokeSpecial(java.lang.Object, java.lang.Object, java.lang.Object)'> (0x0000000711a089c8) 
thrown [./open/src/hotspot/share/interpreter/linkResolver.cpp, line 782]
Event: 0.364 Thread 0x000001c79c7ce4d0 Exception <a 'java/lang/NoSuchMethodError'{0x000000071194d2f8}: 'void java.lang.invoke.DirectMethodHandle$Holder.invokeStatic(java.lang.Object, java.lang.Object)'> (0x000000071194d2f8) 
thrown [./open/src/hotspot/share/interpreter/linkResolver.cpp, line 782]
Event: 0.364 Thread 0x000001c79c7ce4d0 Exception <a 'java/lang/NoSuchMethodError'{0x0000000711950ef8}: 'void java.lang.invoke.DirectMethodHandle$Holder.invokeStaticInit(java.lang.Object, java.lang.Object)'> (0x0000000711950ef8) 
thrown [./open/src/hotspot/share/interpreter/linkResolver.cpp, line 782]
Event: 0.369 Thread 0x000001c79c7ce4d0 Exception <a 'java/lang/NoSuchMethodError'{0x0000000711977c30}: 'java.lang.Object java.lang.invoke.DirectMethodHandle$Holder.invokeStatic(java.lang.Object)'> (0x0000000711977c30) 
thrown [./open/src/hotspot/share/interpreter/linkResolver.cpp, line 782]
Event: 0.371 Thread 0x000001c79c7ce4d0 Exception <a 'java/lang/NoSuchMethodError'{0x0000000711981e78}: 'java.lang.Object java.lang.invoke.DirectMethodHandle$Holder.invokeStaticInit(java.lang.Object, int, int, int, int)'> (0x0000000711981e78) 
thrown [./open/src/hotspot/share/interpreter/linkResolver.cpp, line 782]
Event: 0.425 Thread 0x000001c79c7ce4d0 Exception <a 'java/lang/NoSuchMethodError'{0x0000000711646860}: 'java.lang.Object java.lang.invoke.DirectMethodHandle$Holder.invokeStaticInit(java.lang.Object, java.lang.Object, int, int, int, int)'> (0x0000000711646860) 
thrown [./open/src/hotspot/share/interpreter/linkResolver.cpp, line 782]
Event: 0.541 Thread 0x000001c79c7ce4d0 Exception <a 'java/lang/ClassNotFoundException'{0x0000000711701a40}: sun/awt/resources/spi/awtProvider> (0x0000000711701a40) 
thrown [./open/src/hotspot/share/classfile/systemDictionary.cpp, line 295]
Event: 0.552 Thread 0x000001c79c7ce4d0 Exception <a 'java/io/FileNotFoundException'{0x0000000711733968}> (0x0000000711733968) 
thrown [./open/src/hotspot/share/prims/jni.cpp, line 578]
Event: 0.557 Thread 0x000001c79c7ce4d0 Exception <a 'java/io/FileNotFoundException'{0x00000007117625c8}> (0x00000007117625c8) 
thrown [./open/src/hotspot/share/prims/jni.cpp, line 578]
Event: 0.593 Thread 0x000001c79c7ce4d0 Exception <a 'java/lang/NoSuchMethodError'{0x0000000711795aa8}: 'java.lang.Object java.lang.invoke.DirectMethodHandle$Holder.invokeStaticInit(java.lang.Object)'> (0x0000000711795aa8) 
thrown [./open/src/hotspot/share/interpreter/linkResolver.cpp, line 782]
Event: 1.300 Thread 0x000001c7bda76af0 Exception <a 'java/lang/NoSuchMethodError'{0x0000000710fb43c0}: 'java.lang.Object java.lang.invoke.DirectMethodHandle$Holder.invokeStatic(java.lang.Object, int, java.lang.Object)'> (0x0000000710fb43c0) 
thrown [./open/src/hotspot/share/interpreter/linkResolver.cpp, line 782]
Event: 1.305 Thread 0x000001c7bda76af0 Exception <a 'java/lang/ClassNotFoundException'{0x0000000710fc6bb0}: sun/util/logging/resources/spi/loggingProvider> (0x0000000710fc6bb0) 
thrown [./open/src/hotspot/share/classfile/systemDictionary.cpp, line 295]

Events (20 events):
Event: 2.888 Loaded shared library C:\Users\eneko\AppData\Local\Temp\libgdxeneko\1cecf4f6\lwjgl64.dll
Event: 3.535 Loaded shared library C:\Users\eneko\AppData\Local\Temp\libgdxeneko\1cecf4f6\lwjgl64.dll
Event: 3.586 Loaded shared library C:\Users\eneko\AppData\Local\Temp\libgdxeneko\1cecf4f6\lwjgl64.dll
Event: 4.119 Loaded shared library C:\Users\eneko\AppData\Local\Temp\libgdxeneko\1cecf4f6\lwjgl64.dll
Event: 4.120 Loaded shared library C:\Users\eneko\AppData\Local\Temp\libgdxeneko\1cecf4f6\lwjgl64.dll
Event: 4.122 Loaded shared library C:\Users\eneko\AppData\Local\Temp\libgdxeneko\1cecf4f6\lwjgl64.dll
Event: 4.651 Loaded shared library C:\Users\eneko\AppData\Local\Temp\libgdxeneko\1cecf4f6\lwjgl64.dll
Event: 4.653 Loaded shared library C:\Users\eneko\AppData\Local\Temp\libgdxeneko\1cecf4f6\lwjgl64.dll
Event: 4.655 Loaded shared library C:\Users\eneko\AppData\Local\Temp\libgdxeneko\1cecf4f6\lwjgl64.dll
Event: 5.685 Loaded shared library C:\Users\eneko\AppData\Local\Temp\libgdxeneko\1cecf4f6\lwjgl64.dll
Event: 5.719 Loaded shared library C:\Users\eneko\AppData\Local\Temp\libgdxeneko\1cecf4f6\lwjgl64.dll
Event: 5.720 Loaded shared library C:\Users\eneko\AppData\Local\Temp\libgdxeneko\1cecf4f6\lwjgl64.dll
Event: 6.938 Thread 0x000001c7be014450 Thread added: 0x000001c7be014450
Event: 6.938 Thread 0x000001c7be014960 Thread added: 0x000001c7be014960
Event: 7.367 Thread 0x000001c7be014960 Thread exited: 0x000001c7be014960
Event: 7.367 Thread 0x000001c7be014450 Thread exited: 0x000001c7be014450
Event: 9.918 Loaded shared library C:\Users\eneko\AppData\Local\Temp\libgdxeneko\e1cd32f8\gdx64.dll
Event: 9.968 Loaded shared library C:\Users\eneko\AppData\Local\Temp\libgdxeneko\1cecf4f6\lwjgl64.dll
Event: 9.970 Loaded shared library C:\Users\eneko\AppData\Local\Temp\libgdxeneko\1cecf4f6\lwjgl64.dll
Event: 22.784 Loaded shared library C:\Users\eneko\AppData\Local\Temp\libgdxeneko\1cecf4f6\lwjgl64.dll


Dynamic libraries:
0x00007ff7fd780000 - 0x00007ff7fd78d000 	C:\Users\eneko\.p2\pool\plugins\org.eclipse.justj.openjdk.hotspot.jre.full.win32.x86_64_15.0.2.v20210201-0955\jre\bin\javaw.exe
0x00007ff849130000 - 0x00007ff849325000 	C:\WINDOWS\SYSTEM32\ntdll.dll
0x00007ff83aed0000 - 0x00007ff83aee6000 	C:\Program Files\Avast Software\Avast\aswhook.dll
0x00007ff848e30000 - 0x00007ff848eee000 	C:\WINDOWS\System32\KERNEL32.DLL
0x00007ff846d10000 - 0x00007ff846fd8000 	C:\WINDOWS\System32\KERNELBASE.dll
0x00007ff846850000 - 0x00007ff846950000 	C:\WINDOWS\System32\ucrtbase.dll
0x00007ff835a60000 - 0x00007ff835a78000 	C:\Users\eneko\.p2\pool\plugins\org.eclipse.justj.openjdk.hotspot.jre.full.win32.x86_64_15.0.2.v20210201-0955\jre\bin\jli.dll
0x00007ff82edb0000 - 0x00007ff82edc9000 	C:\Users\eneko\.p2\pool\plugins\org.eclipse.justj.openjdk.hotspot.jre.full.win32.x86_64_15.0.2.v20210201-0955\jre\bin\VCRUNTIME140.dll
0x00007ff848740000 - 0x00007ff8488e1000 	C:\WINDOWS\System32\USER32.dll
0x00007ff846950000 - 0x00007ff846972000 	C:\WINDOWS\System32\win32u.dll
0x00007ff823c70000 - 0x00007ff823f0a000 	C:\WINDOWS\WinSxS\amd64_microsoft.windows.common-controls_6595b64144ccf1df_6.0.19041.1110_none_60b5254171f9507e\COMCTL32.dll
0x00007ff8482e0000 - 0x00007ff84830b000 	C:\WINDOWS\System32\GDI32.dll
0x00007ff848ef0000 - 0x00007ff848f8e000 	C:\WINDOWS\System32\msvcrt.dll
0x00007ff846aa0000 - 0x00007ff846bab000 	C:\WINDOWS\System32\gdi32full.dll
0x00007ff8470e0000 - 0x00007ff84717d000 	C:\WINDOWS\System32\msvcp_win.dll
0x00007ff847ef0000 - 0x00007ff847f20000 	C:\WINDOWS\System32\IMM32.DLL
0x00007ff843b80000 - 0x00007ff843b8c000 	C:\Users\eneko\.p2\pool\plugins\org.eclipse.justj.openjdk.hotspot.jre.full.win32.x86_64_15.0.2.v20210201-0955\jre\bin\vcruntime140_1.dll
0x00007ff81ec70000 - 0x00007ff81ed01000 	C:\Users\eneko\.p2\pool\plugins\org.eclipse.justj.openjdk.hotspot.jre.full.win32.x86_64_15.0.2.v20210201-0955\jre\bin\msvcp140.dll
0x00007ffff4210000 - 0x00007ffff4d6e000 	C:\Users\eneko\.p2\pool\plugins\org.eclipse.justj.openjdk.hotspot.jre.full.win32.x86_64_15.0.2.v20210201-0955\jre\bin\server\jvm.dll
0x00007ff849040000 - 0x00007ff8490ec000 	C:\WINDOWS\System32\ADVAPI32.dll
0x00007ff848bb0000 - 0x00007ff848c4b000 	C:\WINDOWS\System32\sechost.dll
0x00007ff848d00000 - 0x00007ff848e2a000 	C:\WINDOWS\System32\RPCRT4.dll
0x00007ff847f80000 - 0x00007ff847f88000 	C:\WINDOWS\System32\PSAPI.DLL
0x00007ff834ea0000 - 0x00007ff834ea9000 	C:\WINDOWS\SYSTEM32\WSOCK32.dll
0x00007ff8217e0000 - 0x00007ff821807000 	C:\WINDOWS\SYSTEM32\WINMM.dll
0x00007ff83e6b0000 - 0x00007ff83e6ba000 	C:\WINDOWS\SYSTEM32\VERSION.dll
0x00007ff848310000 - 0x00007ff84837b000 	C:\WINDOWS\System32\WS2_32.dll
0x00007ff8450d0000 - 0x00007ff8450e2000 	C:\WINDOWS\SYSTEM32\kernel.appcore.dll
0x00007ff8408b0000 - 0x00007ff8408ba000 	C:\Users\eneko\.p2\pool\plugins\org.eclipse.justj.openjdk.hotspot.jre.full.win32.x86_64_15.0.2.v20210201-0955\jre\bin\jimage.dll
0x00007ff844de0000 - 0x00007ff844fc4000 	C:\WINDOWS\SYSTEM32\DBGHELP.DLL
0x00007ff83d9a0000 - 0x00007ff83d9cc000 	C:\WINDOWS\SYSTEM32\dbgcore.DLL
0x00007ff846980000 - 0x00007ff846a03000 	C:\WINDOWS\System32\bcryptPrimitives.dll
0x00007ff826fa0000 - 0x00007ff826fc5000 	C:\Users\eneko\.p2\pool\plugins\org.eclipse.justj.openjdk.hotspot.jre.full.win32.x86_64_15.0.2.v20210201-0955\jre\bin\java.dll
0x00007ff82eef0000 - 0x00007ff82ef08000 	C:\Users\eneko\.p2\pool\plugins\org.eclipse.justj.openjdk.hotspot.jre.full.win32.x86_64_15.0.2.v20210201-0955\jre\bin\zip.dll
0x00007ff847690000 - 0x00007ff847dcf000 	C:\WINDOWS\System32\SHELL32.dll
0x00007ff844590000 - 0x00007ff844d20000 	C:\WINDOWS\SYSTEM32\windows.storage.dll
0x00007ff848380000 - 0x00007ff8486d5000 	C:\WINDOWS\System32\combase.dll
0x00007ff8462a0000 - 0x00007ff8462ce000 	C:\WINDOWS\SYSTEM32\Wldp.dll
0x00007ff848b00000 - 0x00007ff848bad000 	C:\WINDOWS\System32\SHCORE.dll
0x00007ff847f20000 - 0x00007ff847f75000 	C:\WINDOWS\System32\shlwapi.dll
0x00007ff846790000 - 0x00007ff8467af000 	C:\WINDOWS\SYSTEM32\profapi.dll
0x00007ff82def0000 - 0x00007ff82df09000 	C:\Users\eneko\.p2\pool\plugins\org.eclipse.justj.openjdk.hotspot.jre.full.win32.x86_64_15.0.2.v20210201-0955\jre\bin\net.dll
0x00007ff8365c0000 - 0x00007ff8366cc000 	C:\WINDOWS\SYSTEM32\WINHTTP.dll
0x00007ff846000000 - 0x00007ff84606a000 	C:\WINDOWS\system32\mswsock.dll
0x00007ff82c860000 - 0x00007ff82c872000 	C:\Users\eneko\.p2\pool\plugins\org.eclipse.justj.openjdk.hotspot.jre.full.win32.x86_64_15.0.2.v20210201-0955\jre\bin\nio.dll
0x00007ff846200000 - 0x00007ff846218000 	C:\WINDOWS\SYSTEM32\CRYPTSP.dll
0x00007ff845910000 - 0x00007ff845944000 	C:\WINDOWS\system32\rsaenh.dll
0x00007ff846a10000 - 0x00007ff846a37000 	C:\WINDOWS\System32\bcrypt.dll
0x00007ff846750000 - 0x00007ff84677e000 	C:\WINDOWS\SYSTEM32\USERENV.dll
0x00007ff8461f0000 - 0x00007ff8461fc000 	C:\WINDOWS\SYSTEM32\CRYPTBASE.dll
0x00007ff845ca0000 - 0x00007ff845cdb000 	C:\WINDOWS\SYSTEM32\IPHLPAPI.DLL
0x00007ff8489c0000 - 0x00007ff8489c8000 	C:\WINDOWS\System32\NSI.dll
0x00007ff83dc30000 - 0x00007ff83dc47000 	C:\WINDOWS\SYSTEM32\dhcpcsvc6.DLL
0x00007ff83e750000 - 0x00007ff83e76d000 	C:\WINDOWS\SYSTEM32\dhcpcsvc.DLL
0x00007ff845ce0000 - 0x00007ff845dab000 	C:\WINDOWS\SYSTEM32\DNSAPI.dll
0x0000000070bc0000 - 0x0000000070c9c000 	C:\Users\eneko\AppData\Local\Temp\sqlite-3.36.0.3-522a3cf1-8186-4027-8a1b-5b82175122e5-sqlitejdbc.dll
0x00007ffff9e40000 - 0x00007ffff9fbf000 	C:\Users\eneko\.p2\pool\plugins\org.eclipse.justj.openjdk.hotspot.jre.full.win32.x86_64_15.0.2.v20210201-0955\jre\bin\awt.dll
0x00007ff8488f0000 - 0x00007ff8489bd000 	C:\WINDOWS\System32\OLEAUT32.dll
0x00007ff843d70000 - 0x00007ff843e00000 	C:\WINDOWS\SYSTEM32\apphelp.dll
0x00007ff843ed0000 - 0x00007ff843f6e000 	C:\WINDOWS\system32\uxtheme.dll
0x00007ff847dd0000 - 0x00007ff847ee5000 	C:\WINDOWS\System32\MSCTF.dll
0x00007ff8489d0000 - 0x00007ff848afa000 	C:\WINDOWS\System32\ole32.dll
0x00007ff8440c0000 - 0x00007ff8440ef000 	C:\WINDOWS\system32\DWMAPI.DLL
0x00007ff82e040000 - 0x00007ff82e165000 	C:\WINDOWS\system32\opengl32.dll
0x00007ff83aef0000 - 0x00007ff83af1c000 	C:\WINDOWS\SYSTEM32\GLU32.dll
0x000000006e700000 - 0x000000006e72a000 	C:\Users\eneko\AppData\Local\Temp\libgdxeneko\e1cd32f8\gdx64.dll
0x00007ff840030000 - 0x00007ff840040000 	C:\Users\eneko\.p2\pool\plugins\org.eclipse.justj.openjdk.hotspot.jre.full.win32.x86_64_15.0.2.v20210201-0955\jre\bin\verify.dll
0x0000000180000000 - 0x0000000180053000 	C:\Users\eneko\AppData\Local\Temp\libgdxeneko\1cecf4f6\lwjgl64.dll
0x000001c7be9f0000 - 0x000001c7bea54000 	C:\Users\eneko\AppData\Local\Temp\libgdxeneko\1cecf4f6\OpenAL64.dll
0x00007ff841380000 - 0x00007ff841405000 	C:\WINDOWS\System32\MMDevApi.dll
0x00007ff8465f0000 - 0x00007ff846624000 	C:\WINDOWS\System32\DEVOBJ.dll
0x00007ff847090000 - 0x00007ff8470de000 	C:\WINDOWS\System32\cfgmgr32.dll
0x00007ffffe1d0000 - 0x00007ffffe26c000 	C:\WINDOWS\SYSTEM32\dsound.dll
0x00007ff845e10000 - 0x00007ff845e5b000 	C:\WINDOWS\SYSTEM32\powrprof.dll
0x00007ff82bb50000 - 0x00007ff82bb76000 	C:\WINDOWS\SYSTEM32\winmmbase.dll
0x00007ff845c80000 - 0x00007ff845c92000 	C:\WINDOWS\SYSTEM32\UMPDC.dll
0x00007ff841410000 - 0x00007ff841591000 	C:\WINDOWS\SYSTEM32\AUDIOSES.DLL
0x00007ff843fc0000 - 0x00007ff843fd4000 	C:\WINDOWS\SYSTEM32\resourcepolicyclient.dll
0x00007ff840ff0000 - 0x00007ff84109e000 	C:\WINDOWS\SYSTEM32\mscms.dll
0x00007ff840ef0000 - 0x00007ff840f01000 	C:\WINDOWS\SYSTEM32\ColorAdapterClient.dll
0x00007ff83f160000 - 0x00007ff83f1a4000 	C:\Windows\System32\Windows.Internal.Graphics.Display.DisplayColorManagement.dll
0x00007ff83abe0000 - 0x00007ff83acd9000 	C:\WINDOWS\SYSTEM32\textinputframework.dll
0x00007ff843690000 - 0x00007ff8439ee000 	C:\WINDOWS\System32\CoreUIComponents.dll
0x00007ff843a30000 - 0x00007ff843b22000 	C:\WINDOWS\System32\CoreMessaging.dll
0x00007ff845540000 - 0x00007ff845573000 	C:\WINDOWS\SYSTEM32\ntmarta.dll
0x00007ff842fc0000 - 0x00007ff843114000 	C:\WINDOWS\SYSTEM32\wintypes.dll
0x00007ff83e460000 - 0x00007ff83e559000 	C:\Windows\System32\AppXDeploymentClient.dll
0x00007fffd7370000 - 0x00007fffd833a000 	C:\WINDOWS\System32\DriverStore\FileRepository\iigd_dch.inf_amd64_c9929a6553f8ecd2\ig9icd64.dll
0x00007ff845140000 - 0x00007ff845234000 	C:\WINDOWS\system32\dxgi.dll
0x00007ff83a840000 - 0x00007ff83aa7f000 	C:\WINDOWS\System32\DriverStore\FileRepository\iigd_dch.inf_amd64_c9929a6553f8ecd2\igdgmm64.dll
0x00007ff83f210000 - 0x00007ff83f253000 	C:\WINDOWS\SYSTEM32\icm32.dll
0x00007ffff9a30000 - 0x00007ffff9e3c000 	C:\WINDOWS\System32\DriverStore\FileRepository\iigd_dch.inf_amd64_c9929a6553f8ecd2\igdml64.dll
0x00007ff837ad0000 - 0x00007ff83a699000 	C:\WINDOWS\System32\DriverStore\FileRepository\iigd_dch.inf_amd64_c9929a6553f8ecd2\igc64.dll

dbghelp: loaded successfully - version: 4.0.5 - missing functions: none
symbol engine: initialized successfully - sym options: 0x614 - pdb path: .;C:\Users\eneko\.p2\pool\plugins\org.eclipse.justj.openjdk.hotspot.jre.full.win32.x86_64_15.0.2.v20210201-0955\jre\bin;C:\WINDOWS\SYSTEM32;C:\Program Files\Avast Software\Avast;C:\WINDOWS\WinSxS\amd64_microsoft.windows.common-controls_6595b64144ccf1df_6.0.19041.1110_none_60b5254171f9507e;C:\Users\eneko\.p2\pool\plugins\org.eclipse.justj.openjdk.hotspot.jre.full.win32.x86_64_15.0.2.v20210201-0955\jre\bin\server;C:\Users\eneko\AppData\Local\Temp;C:\Users\eneko\AppData\Local\Temp\libgdxeneko\e1cd32f8;C:\Users\eneko\AppData\Local\Temp\libgdxeneko\1cecf4f6;C:\WINDOWS\System32\DriverStore\FileRepository\iigd_dch.inf_amd64_c9929a6553f8ecd2

VM Arguments:
jvm_args: -Dfile.encoding=UTF-8 -XX:+ShowCodeDetailsInExceptionMessages 
java_command: dg.main.desktop.DesktopLauncher
java_class_path (initial): C:\Users\eneko\git\Dokdo\desktop\bin\main;C:\Users\eneko\git\Dokdo\core\bin\default;C:\Users\eneko\git\Dokdo\core\bin\main;C:\Users\eneko\.gradle\caches\modules-2\files-2.1\com.badlogicgames.gdx\gdx-tools\1.10.0\d699cf4953fb42a071c7c3feb9b5c45601aa6a4b\gdx-tools-1.10.0.jar;C:\Users\eneko\.gradle\caches\modules-2\files-2.1\com.badlogicgames.gdx\gdx-backend-lwjgl\1.10.0\58ff89d9e4fd8a82591367f187d606e781cacc05\gdx-backend-lwjgl-1.10.0.jar;C:\Users\eneko\.gradle\caches\modules-2\files-2.1\com.badlogicgames.gdx\gdx-platform\1.10.0\9a8fa793d2fd6d360afc6c9e4c1f5583da263b88\gdx-platform-1.10.0-natives-desktop.jar;C:\Users\eneko\.gradle\caches\modules-2\files-2.1\com.badlogicgames.gdx\gdx-box2d-platform\1.10.0\588c4191c5a64ed39365e71484aa37d81c38eb5e\gdx-box2d-platform-1.10.0-natives-desktop.jar;C:\Users\eneko\.gradle\caches\modules-2\files-2.1\com.badlogicgames.gdx-controllers\gdx-controllers-desktop\2.1.0\6a40821fd5233d56ef82a78db790784e0d34a340\gdx-controllers-desktop-2.1.0.jar;C:\Users\eneko\.gradle\caches\modules-2\files-2.1\com.badlogicgames.gdx\gdx-freetype-platform\1.10.0\6e5d28752759e69384f12e4569d2c884ff71352f\gdx-freetype-platform-1.10.0-natives-desktop.jar;C:\Users\eneko\.gradle\caches\modules-2\files-2.1\com.badlogicgames.gdx\gdx-bullet-platform\1.10.0\ce92e8dfc762523d769cbc50853163c03bf98cf1\gdx-bullet-platform-1.10.0-natives-desktop.jar;C:\Users\eneko\.gradle\caches\modules-2\files-2.1\com.badlogicgames.gdx\gdx-backend-headless\1.10.0\990eadbb431197c5b9b816d1659c772e0268e65\gdx-backend-headless-1.10.0.jar;C:\Users\eneko\.gradle\caches\modules-2\files-2.1\com.badlogicgames.gdx\gdx-freetype\1.10.0\de1d0d5c1e92e8d91364256fd6b7bb279d3e9859\gdx-freetype-1.10.0.jar;C:\Users\eneko\.gradle\caches\modules-2\files-2.1\com.badlogicgames.box2dlights\box2dlights\1.5\6902dbcd250c95a27973aa24a147a95b3828d348\box2dlights-1.5.jar;C:\Users\eneko\.gradle\caches\modules-2\files-2.1\com.badlogicgames.gdx\gdx-box2d\1.10.0\b3a3c0f00b90716238835434d0ae89
Launcher Type: SUN_STANDARD

[Global flags]
     intx CICompilerCount                          = 4                                         {product} {ergonomic}
     uint ConcGCThreads                            = 3                                         {product} {ergonomic}
     uint G1ConcRefinementThreads                  = 10                                        {product} {ergonomic}
   size_t G1HeapRegionSize                         = 2097152                                   {product} {ergonomic}
    uintx GCDrainStackTargetSize                   = 64                                        {product} {ergonomic}
   size_t InitialHeapSize                          = 266338304                                 {product} {ergonomic}
   size_t MarkStackSize                            = 4194304                                   {product} {ergonomic}
   size_t MaxHeapSize                              = 4261412864                                {product} {ergonomic}
   size_t MaxNewSize                               = 2556428288                                {product} {ergonomic}
   size_t MinHeapDeltaBytes                        = 2097152                                   {product} {ergonomic}
   size_t MinHeapSize                              = 8388608                                   {product} {ergonomic}
    uintx NonNMethodCodeHeapSize                   = 5839372                                {pd product} {ergonomic}
    uintx NonProfiledCodeHeapSize                  = 122909434                              {pd product} {ergonomic}
    uintx ProfiledCodeHeapSize                     = 122909434                              {pd product} {ergonomic}
    uintx ReservedCodeCacheSize                    = 251658240                              {pd product} {ergonomic}
     bool SegmentedCodeCache                       = true                                      {product} {ergonomic}
     bool ShowCodeDetailsInExceptionMessages       = true                                   {manageable} {command line}
   size_t SoftMaxHeapSize                          = 4261412864                             {manageable} {ergonomic}
     bool UseCompressedClassPointers               = true                                 {lp64_product} {ergonomic}
     bool UseCompressedOops                        = true                                 {lp64_product} {ergonomic}
     bool UseG1GC                                  = true                                      {product} {ergonomic}
     bool UseLargePagesIndividualAllocation        = false                                  {pd product} {ergonomic}

Logging:
Log output configuration:
 #0: stdout all=warning uptime,level,tags
 #1: stderr all=off uptime,level,tags

Environment Variables:
JAVA_HOME=C:\Program Files\Semeru\jdk-16.0.2.7-openj9\
PATH=C:/Users/eneko/.p2/pool/plugins/org.eclipse.justj.openjdk.hotspot.jre.full.win32.x86_64_15.0.2.v20210201-0955/jre/bin/server;C:/Users/eneko/.p2/pool/plugins/org.eclipse.justj.openjdk.hotspot.jre.full.win32.x86_64_15.0.2.v20210201-0955/jre/bin;C:\Program Files\Semeru\jdk-16.0.2.7-openj9\bin;C:\Program Files (x86)\Common Files\Oracle\Java\javapath;C:\Windows\system32;C:\Windows;C:\Windows\System32\Wbem;C:\Windows\System32\WindowsPowerShell\v1.0\;C:\Windows\System32\OpenSSH\;C:\Program Files (x86)\NVIDIA Corporation\PhysX\Common;C:\Program Files\NVIDIA Corporation\NVIDIA NvDLISR;C:\WINDOWS\system32;C:\WINDOWS;C:\WINDOWS\System32\Wbem;C:\WINDOWS\System32\WindowsPowerShell\v1.0\;C:\WINDOWS\System32\OpenSSH\;C:\Program Files\MySQL\MySQL Shell 8.0\bin\;C:\Users\eneko\AppData\Local\Microsoft\WindowsApps;;C:\Users\eneko\AppData\Local\Programs\Microsoft VS Code\bin;C:\WINDOWS\System32;
USERNAME=eneko
OS=Windows_NT
PROCESSOR_IDENTIFIER=Intel64 Family 6 Model 165 Stepping 2, GenuineIntel



---------------  S Y S T E M  ---------------

OS:
 Windows 10 , 64 bit Build 19041 (10.0.19041.1348)
OS uptime: 0 days 17:02 hours

CPU: total 12 (initial active 12) (6 cores per cpu, 2 threads per core) family 6 model 165 stepping 2 microcode 0xea, cmov, cx8, fxsr, mmx, sse, sse2, sse3, ssse3, sse4.1, sse4.2, popcnt, vzeroupper, avx, avx2, aes, clmul, erms, 3dnowpref, lzcnt, ht, tsc, tscinvbit, bmi1, bmi2, adx, fma, clflush, clflushopt

Memory: 4k page, system-wide physical 16251M (8573M free)
TotalPageFile size 18683M (AvailPageFile size 8757M)
current process WorkingSet (physical memory assigned to process): 163M, peak: 165M
current process commit charge ("private bytes"): 392M, peak: 394M

vm_info: OpenJDK 64-Bit Server VM (15.0.2+7-27) for windows-amd64 JRE (15.0.2+7-27), built on Dec  7 2020 20:02:38 by "mach5one" with unknown MS VC++:1925

END.
