#
# A fatal error has been detected by the Java Runtime Environment:
#
#  EXCEPTION_ACCESS_VIOLATION (0xc0000005) at pc=0x00007ffc6e9444e6, pid=13600, tid=4600
#
# JRE version: OpenJDK Runtime Environment Temurin-11.0.13+8 (11.0.13+8) (build 11.0.13+8)
# Java VM: OpenJDK 64-Bit Server VM Temurin-11.0.13+8 (11.0.13+8, mixed mode, tiered, compressed oops, g1 gc, windows-amd64)
# Problematic frame:
# C  [msvcrt.dll+0x744e6]
#
# No core dump will be written. Minidumps are not enabled by default on client versions of Windows
#
# If you would like to submit a bug report, please visit:
#   https://github.com/adoptium/adoptium-support/issues
# The crash happened outside the Java Virtual Machine in native code.
# See problematic frame for where to report the bug.
#

---------------  S U M M A R Y ------------

Command Line: -Dfile.encoding=ISO-8859-1 dg.main.desktop.DesktopLauncher

Host: AMD Ryzen 7 2700X Eight-Core Processor         , 16 cores, 23G,  Windows 10 , 64 bit Build 19041 (10.0.19041.1348)
Time: Mon Nov 15 15:08:20 2021 Hora estándar romance elapsed time: 15.936990 seconds (0d 0h 0m 15s)

---------------  T H R E A D  ---------------

Current thread (0x0000021acb65e000):  JavaThread "LWJGL Application" [_thread_in_native, id=4600, stack(0x0000008686300000,0x0000008686400000)]

Stack: [0x0000008686300000,0x0000008686400000],  sp=0x00000086863fef18,  free space=1019k
Native frames: (J=compiled Java code, j=interpreted, Vv=VM code, C=native code)
C  [msvcrt.dll+0x744e6]
C  [gdx64.dll+0x20f4]

Java frames: (J=compiled Java code, j=interpreted, Vv=VM code)
J 1252  com.badlogic.gdx.utils.BufferUtils.copyJni([FLjava/nio/Buffer;II)V (0 bytes) @ 0x0000021aac02fbc0 [0x0000021aac02fb40+0x0000000000000080]
J 1251 c1 com.badlogic.gdx.utils.BufferUtils.copy([FLjava/nio/Buffer;II)V (45 bytes) @ 0x0000021aa4da0d44 [0x0000021aa4da08a0+0x00000000000004a4]
J 1275 c1 com.badlogic.gdx.graphics.g2d.SpriteBatch.flush()V (193 bytes) @ 0x0000021aa4daa384 [0x0000021aa4da9e20+0x0000000000000564]
J 1366 c1 com.badlogic.gdx.graphics.g2d.SpriteBatch.end()V (66 bytes) @ 0x0000021aa4de7f4c [0x0000021aa4de7e40+0x000000000000010c]
J 1466 c1 dg.main.MenuP.render(F)V (64 bytes) @ 0x0000021aa4e345ec [0x0000021aa4e339e0+0x0000000000000c0c]
J 1465 c1 com.badlogic.gdx.Game.render()V (25 bytes) @ 0x0000021aa4e2e12c [0x0000021aa4e2df60+0x00000000000001cc]
j  com.badlogic.gdx.backends.lwjgl.LwjglApplication.mainLoop()V+776
j  com.badlogic.gdx.backends.lwjgl.LwjglApplication$1.run()V+27
v  ~StubRoutines::call_stub

siginfo: EXCEPTION_ACCESS_VIOLATION (0xc0000005), writing address 0x0000021ac8f22000


Register to memory mapping:

RIP=0x00007ffc6e9444e6 msvcrt.dll
RAX=0x0000021ac8f21fd0 points into unknown readable memory: 0x442baaab4446c000 | 00 c0 46 44 ab aa 2b 44
RBX=0x0000021acb65e348 points into unknown readable memory: 0x00007ffc16dd0e40 | 40 0e dd 16 fc 7f 00 00
RCX=0x0000021ac8f22020 is an unknown value
RDX=0xfffffdebcf01f410 is an unknown value
RSP=0x00000086863fef18 is pointing into the stack for thread: 0x0000021acb65e000
RBP=0x00000086863fefb0 is pointing into the stack for thread: 0x0000021acb65e000
RSI=0x0000000000000014 is an unknown value
RDI=0x0 is NULL
R8 =0x0 is NULL
R9 =0x0 is NULL
R10=0x00000000000000ae is an unknown value
R11=0x0000000697f41430 is pointing into object: [F 
{0x0000000697f413d0} - klass: {type array float}
 - length: 20000
R12=0x0000000697f413e0 is pointing into object: [F 
{0x0000000697f413d0} - klass: {type array float}
 - length: 20000
R13=0x0000021ac8f21fd0 points into unknown readable memory: 0x442baaab4446c000 | 00 c0 46 44 ab aa 2b 44
R14=0x00000086863fefe0 is pointing into the stack for thread: 0x0000021acb65e000
R15=0x0000021acb65e000 is a thread


Registers:
RAX=0x0000021ac8f21fd0, RBX=0x0000021acb65e348, RCX=0x0000021ac8f22020, RDX=0xfffffdebcf01f410
RSP=0x00000086863fef18, RBP=0x00000086863fefb0, RSI=0x0000000000000014, RDI=0x0000000000000000
R8 =0x0000000000000000, R9 =0x0000000000000000, R10=0x00000000000000ae, R11=0x0000000697f41430
R12=0x0000000697f413e0, R13=0x0000021ac8f21fd0, R14=0x00000086863fefe0, R15=0x0000021acb65e000
RIP=0x00007ffc6e9444e6, EFLAGS=0x0000000000010246

Top of Stack: (sp=0x00000086863fef18)
0x00000086863fef18:   000000006e7020f4 0000021acb65e348
0x00000086863fef28:   00000086863fefb0 0000000000000014
0x00000086863fef38:   0000000000000000 0000021a99b5a990
0x00000086863fef48:   0000000000000188 0000000697f412c8
0x00000086863fef58:   0000000000000000 00000086863feff0
0x00000086863fef68:   0000000000000000 0000000000000000
0x00000086863fef78:   0000021aac02fc60 0000000000000000
0x00000086863fef88:   0000021ad0569c60 0000000000000000
0x00000086863fef98:   0000000000000000 0000000000000014
0x00000086863fefa8:   0000000000000000 0000000697f413d0
0x00000086863fefb8:   0000000697f412c8 0000000000000000
0x00000086863fefc8:   00007ffc18598005 0000000697f40fe0
0x00000086863fefd8:   0000021aac034339 0000000698473ca0
0x00000086863fefe8:   00000086863ff050 00000086863ff4e8
0x00000086863feff8:   0000021aa4da0d44 00007ffc2de18d30
0x00000086863ff008:   00000006984c6228 0000000000000010 

Instructions: (pc=0x00007ffc6e9444e6)
0x00007ffc6e9443e6:   0f 10 02 42 0f 10 4c 02 f0 0f 11 01 42 0f 11 4c
0x00007ffc6e9443f6:   01 f0 c3 0f 1f 80 00 00 00 00 4d 85 c0 74 15 48
0x00007ffc6e944406:   2b d1 72 16 44 8a 1c 11 48 ff c1 49 ff c8 44 88
0x00007ffc6e944416:   59 ff 75 f0 c3 0f 1f 44 00 00 49 03 c8 44 8a 5c
0x00007ffc6e944426:   11 ff 48 ff c9 49 ff c8 44 88 19 75 f0 c3 66 66
0x00007ffc6e944436:   66 66 0f 1f 84 00 00 00 00 00 4e 8d 1c 02 48 2b
0x00007ffc6e944446:   d1 73 09 4c 3b d9 0f 87 6e 01 00 00 0f 10 04 11
0x00007ffc6e944456:   48 83 c1 10 f6 c1 0f 74 12 48 83 e1 f0 0f 10 0c
0x00007ffc6e944466:   11 0f 11 00 0f 28 c1 48 83 c1 10 4c 03 c0 4c 2b
0x00007ffc6e944476:   c1 4d 8b c8 49 c1 e9 06 74 6f 49 81 f9 00 10 00
0x00007ffc6e944486:   00 0f 87 b3 00 00 00 49 83 e0 3f eb 2d 66 66 66
0x00007ffc6e944496:   66 66 66 66 0f 1f 84 00 00 00 00 00 66 66 66 66
0x00007ffc6e9444a6:   66 66 66 0f 1f 84 00 00 00 00 00 66 66 66 66 66
0x00007ffc6e9444b6:   66 66 0f 1f 84 00 00 00 00 00 0f 10 0c 11 0f 10
0x00007ffc6e9444c6:   54 11 10 0f 10 5c 11 20 0f 10 64 11 30 0f 29 41
0x00007ffc6e9444d6:   f0 48 83 c1 40 49 ff c9 0f 29 49 c0 0f 29 51 d0
0x00007ffc6e9444e6:   0f 29 59 e0 0f 28 c4 75 d1 4d 8b c8 49 c1 e9 04
0x00007ffc6e9444f6:   74 19 0f 1f 84 00 00 00 00 00 0f 29 41 f0 0f 10
0x00007ffc6e944506:   04 11 48 83 c1 10 49 ff c9 75 ef 49 83 e0 0f 74
0x00007ffc6e944516:   0e 4e 8d 5c 01 f0 41 0f 10 0c 13 41 0f 11 0b 0f
0x00007ffc6e944526:   29 41 f0 c3 66 66 66 66 66 66 66 0f 1f 84 00 00
0x00007ffc6e944536:   00 00 00 0f 1f 80 00 00 00 00 4d 8b c8 49 c1 e9
0x00007ffc6e944546:   06 49 83 e0 3f 0f 18 44 11 40 eb 2e 66 66 66 66
0x00007ffc6e944556:   66 66 66 0f 1f 84 00 00 00 00 00 66 66 66 66 66
0x00007ffc6e944566:   66 66 0f 1f 84 00 00 00 00 00 66 66 66 66 66 66
0x00007ffc6e944576:   66 0f 1f 84 00 00 00 00 00 90 0f 10 0c 11 0f 10
0x00007ffc6e944586:   54 11 10 0f 10 5c 11 20 0f 10 64 11 30 0f 2b 41
0x00007ffc6e944596:   f0 48 83 c1 40 0f 18 44 11 40 49 ff c9 0f 2b 49
0x00007ffc6e9445a6:   c0 0f 2b 51 d0 0f 2b 59 e0 0f 28 c4 75 cc 0f ae
0x00007ffc6e9445b6:   f8 e9 33 ff ff ff 0f 1f 40 00 49 03 c8 0f 10 44
0x00007ffc6e9445c6:   11 f0 48 83 e9 10 49 83 e8 10 f6 c1 0f 74 18 4c
0x00007ffc6e9445d6:   8b d9 48 83 e1 f0 0f 10 0c 11 41 0f 11 03 0f 28 


Stack slot to memory mapping:
stack at sp + 0 slots: 0x000000006e7020f4 gdx64.dll
stack at sp + 1 slots: 0x0000021acb65e348 points into unknown readable memory: 0x00007ffc16dd0e40 | 40 0e dd 16 fc 7f 00 00
stack at sp + 2 slots: 0x00000086863fefb0 is pointing into the stack for thread: 0x0000021acb65e000
stack at sp + 3 slots: 0x0000000000000014 is an unknown value
stack at sp + 4 slots: 0x0 is NULL
stack at sp + 5 slots: 0x0000021a99b5a990 points into unknown readable memory: 0x0000000000000004 | 04 00 00 00 00 00 00 00
stack at sp + 6 slots: 0x0000000000000188 is an unknown value
stack at sp + 7 slots: 0x0000000697f412c8 is an oop: java.nio.DirectByteBuffer 
{0x0000000697f412c8} - klass: 'java/nio/DirectByteBuffer'


---------------  P R O C E S S  ---------------

Threads class SMR info:
_java_thread_list=0x0000021ad10398a0, length=14, elements={
0x0000021ac5bba800, 0x0000021ac5bc3800, 0x0000021ac5c19800, 0x0000021ac5c1a800,
0x0000021ac5c1d000, 0x0000021ac5c2d800, 0x0000021ac5c2f000, 0x0000021ac5c38000,
0x0000021ac5dbe800, 0x0000021ac62e8000, 0x0000021ac62ec000, 0x0000021acb65e000,
0x0000021a9bcfe800, 0x0000021ad105b800
}

Java Threads: ( => current thread )
  0x0000021ac5bba800 JavaThread "Reference Handler" daemon [_thread_blocked, id=18860, stack(0x0000008683e00000,0x0000008683f00000)]
  0x0000021ac5bc3800 JavaThread "Finalizer" daemon [_thread_blocked, id=6880, stack(0x0000008683f00000,0x0000008684000000)]
  0x0000021ac5c19800 JavaThread "Signal Dispatcher" daemon [_thread_blocked, id=7724, stack(0x0000008684000000,0x0000008684100000)]
  0x0000021ac5c1a800 JavaThread "Attach Listener" daemon [_thread_blocked, id=8312, stack(0x0000008684100000,0x0000008684200000)]
  0x0000021ac5c1d000 JavaThread "Service Thread" daemon [_thread_blocked, id=12028, stack(0x0000008684200000,0x0000008684300000)]
  0x0000021ac5c2d800 JavaThread "C2 CompilerThread0" daemon [_thread_blocked, id=7928, stack(0x0000008684300000,0x0000008684400000)]
  0x0000021ac5c2f000 JavaThread "C1 CompilerThread0" daemon [_thread_blocked, id=19428, stack(0x0000008684400000,0x0000008684500000)]
  0x0000021ac5c38000 JavaThread "Sweeper thread" daemon [_thread_blocked, id=13308, stack(0x0000008684500000,0x0000008684600000)]
  0x0000021ac5dbe800 JavaThread "Common-Cleaner" daemon [_thread_blocked, id=14988, stack(0x0000008684700000,0x0000008684800000)]
  0x0000021ac62e8000 JavaThread "Java2D Disposer" daemon [_thread_blocked, id=10312, stack(0x0000008684900000,0x0000008684a00000)]
  0x0000021ac62ec000 JavaThread "AWT-Windows" daemon [_thread_in_native, id=16832, stack(0x0000008684b00000,0x0000008684c00000)]
=>0x0000021acb65e000 JavaThread "LWJGL Application" [_thread_in_native, id=4600, stack(0x0000008686300000,0x0000008686400000)]
  0x0000021a9bcfe800 JavaThread "DestroyJavaVM" [_thread_blocked, id=16236, stack(0x0000008683700000,0x0000008683800000)]
  0x0000021ad105b800 JavaThread "LWJGL Timer" daemon [_thread_blocked, id=2448, stack(0x0000008686600000,0x0000008686700000)]

Other Threads:
  0x0000021ac5b98800 VMThread "VM Thread" [stack: 0x0000008683d00000,0x0000008683e00000] [id=18892]
  0x0000021ac5db9800 WatcherThread [stack: 0x0000008684600000,0x0000008684700000] [id=9480]
  0x0000021a9bd18000 GCTaskThread "GC Thread#0" [stack: 0x0000008683800000,0x0000008683900000] [id=3124]
  0x0000021a9bda2000 ConcurrentGCThread "G1 Main Marker" [stack: 0x0000008683900000,0x0000008683a00000] [id=8256]
  0x0000021a9bda3000 ConcurrentGCThread "G1 Conc#0" [stack: 0x0000008683a00000,0x0000008683b00000] [id=3720]
  0x0000021ac51fb000 ConcurrentGCThread "G1 Refine#0" [stack: 0x0000008683b00000,0x0000008683c00000] [id=13032]
  0x0000021ac51fc000 ConcurrentGCThread "G1 Young RemSet Sampling" [stack: 0x0000008683c00000,0x0000008683d00000] [id=16360]

Threads with active compile tasks:

VM state:not at safepoint (normal execution)

VM Mutex/Monitor currently owned by a thread: None

Heap address: 0x0000000681200000, size: 6126 MB, Compressed Oops mode: Zero based, Oop shift amount: 3
Narrow klass base: 0x0000000800000000, Narrow klass shift: 0
Compressed class space size: 1073741824 Address: 0x0000000800000000

Heap:
 garbage-first heap   total 393216K, used 18432K [0x0000000681200000, 0x0000000800000000)
  region size 1024K, 20 young (20480K), 0 survivors (0K)
 Metaspace       used 15496K, capacity 15807K, committed 16128K, reserved 1064960K
  class space    used 1354K, capacity 1450K, committed 1536K, reserved 1048576K
Heap Regions: E=young(eden), S=young(survivor), O=old, HS=humongous(starts), HC=humongous(continues), CS=collection set, F=free, A=archive, TAMS=top-at-mark-start (previous, next)
|   0|0x0000000681200000, 0x0000000681200000, 0x0000000681300000|  0%| F|  |TAMS 0x0000000681200000, 0x0000000681200000| Untracked 
|   1|0x0000000681300000, 0x0000000681300000, 0x0000000681400000|  0%| F|  |TAMS 0x0000000681300000, 0x0000000681300000| Untracked 
|   2|0x0000000681400000, 0x0000000681400000, 0x0000000681500000|  0%| F|  |TAMS 0x0000000681400000, 0x0000000681400000| Untracked 
|   3|0x0000000681500000, 0x0000000681500000, 0x0000000681600000|  0%| F|  |TAMS 0x0000000681500000, 0x0000000681500000| Untracked 
|   4|0x0000000681600000, 0x0000000681600000, 0x0000000681700000|  0%| F|  |TAMS 0x0000000681600000, 0x0000000681600000| Untracked 
|   5|0x0000000681700000, 0x0000000681700000, 0x0000000681800000|  0%| F|  |TAMS 0x0000000681700000, 0x0000000681700000| Untracked 
|   6|0x0000000681800000, 0x0000000681800000, 0x0000000681900000|  0%| F|  |TAMS 0x0000000681800000, 0x0000000681800000| Untracked 
|   7|0x0000000681900000, 0x0000000681900000, 0x0000000681a00000|  0%| F|  |TAMS 0x0000000681900000, 0x0000000681900000| Untracked 
|   8|0x0000000681a00000, 0x0000000681a00000, 0x0000000681b00000|  0%| F|  |TAMS 0x0000000681a00000, 0x0000000681a00000| Untracked 
|   9|0x0000000681b00000, 0x0000000681b00000, 0x0000000681c00000|  0%| F|  |TAMS 0x0000000681b00000, 0x0000000681b00000| Untracked 
|  10|0x0000000681c00000, 0x0000000681c00000, 0x0000000681d00000|  0%| F|  |TAMS 0x0000000681c00000, 0x0000000681c00000| Untracked 
|  11|0x0000000681d00000, 0x0000000681d00000, 0x0000000681e00000|  0%| F|  |TAMS 0x0000000681d00000, 0x0000000681d00000| Untracked 
|  12|0x0000000681e00000, 0x0000000681e00000, 0x0000000681f00000|  0%| F|  |TAMS 0x0000000681e00000, 0x0000000681e00000| Untracked 
|  13|0x0000000681f00000, 0x0000000681f00000, 0x0000000682000000|  0%| F|  |TAMS 0x0000000681f00000, 0x0000000681f00000| Untracked 
|  14|0x0000000682000000, 0x0000000682000000, 0x0000000682100000|  0%| F|  |TAMS 0x0000000682000000, 0x0000000682000000| Untracked 
|  15|0x0000000682100000, 0x0000000682100000, 0x0000000682200000|  0%| F|  |TAMS 0x0000000682100000, 0x0000000682100000| Untracked 
|  16|0x0000000682200000, 0x0000000682200000, 0x0000000682300000|  0%| F|  |TAMS 0x0000000682200000, 0x0000000682200000| Untracked 
|  17|0x0000000682300000, 0x0000000682300000, 0x0000000682400000|  0%| F|  |TAMS 0x0000000682300000, 0x0000000682300000| Untracked 
|  18|0x0000000682400000, 0x0000000682400000, 0x0000000682500000|  0%| F|  |TAMS 0x0000000682400000, 0x0000000682400000| Untracked 
|  19|0x0000000682500000, 0x0000000682500000, 0x0000000682600000|  0%| F|  |TAMS 0x0000000682500000, 0x0000000682500000| Untracked 
|  20|0x0000000682600000, 0x0000000682600000, 0x0000000682700000|  0%| F|  |TAMS 0x0000000682600000, 0x0000000682600000| Untracked 
|  21|0x0000000682700000, 0x0000000682700000, 0x0000000682800000|  0%| F|  |TAMS 0x0000000682700000, 0x0000000682700000| Untracked 
|  22|0x0000000682800000, 0x0000000682800000, 0x0000000682900000|  0%| F|  |TAMS 0x0000000682800000, 0x0000000682800000| Untracked 
|  23|0x0000000682900000, 0x0000000682900000, 0x0000000682a00000|  0%| F|  |TAMS 0x0000000682900000, 0x0000000682900000| Untracked 
|  24|0x0000000682a00000, 0x0000000682a00000, 0x0000000682b00000|  0%| F|  |TAMS 0x0000000682a00000, 0x0000000682a00000| Untracked 
|  25|0x0000000682b00000, 0x0000000682b00000, 0x0000000682c00000|  0%| F|  |TAMS 0x0000000682b00000, 0x0000000682b00000| Untracked 
|  26|0x0000000682c00000, 0x0000000682c00000, 0x0000000682d00000|  0%| F|  |TAMS 0x0000000682c00000, 0x0000000682c00000| Untracked 
|  27|0x0000000682d00000, 0x0000000682d00000, 0x0000000682e00000|  0%| F|  |TAMS 0x0000000682d00000, 0x0000000682d00000| Untracked 
|  28|0x0000000682e00000, 0x0000000682e00000, 0x0000000682f00000|  0%| F|  |TAMS 0x0000000682e00000, 0x0000000682e00000| Untracked 
|  29|0x0000000682f00000, 0x0000000682f00000, 0x0000000683000000|  0%| F|  |TAMS 0x0000000682f00000, 0x0000000682f00000| Untracked 
|  30|0x0000000683000000, 0x0000000683000000, 0x0000000683100000|  0%| F|  |TAMS 0x0000000683000000, 0x0000000683000000| Untracked 
|  31|0x0000000683100000, 0x0000000683100000, 0x0000000683200000|  0%| F|  |TAMS 0x0000000683100000, 0x0000000683100000| Untracked 
|  32|0x0000000683200000, 0x0000000683200000, 0x0000000683300000|  0%| F|  |TAMS 0x0000000683200000, 0x0000000683200000| Untracked 
|  33|0x0000000683300000, 0x0000000683300000, 0x0000000683400000|  0%| F|  |TAMS 0x0000000683300000, 0x0000000683300000| Untracked 
|  34|0x0000000683400000, 0x0000000683400000, 0x0000000683500000|  0%| F|  |TAMS 0x0000000683400000, 0x0000000683400000| Untracked 
|  35|0x0000000683500000, 0x0000000683500000, 0x0000000683600000|  0%| F|  |TAMS 0x0000000683500000, 0x0000000683500000| Untracked 
|  36|0x0000000683600000, 0x0000000683600000, 0x0000000683700000|  0%| F|  |TAMS 0x0000000683600000, 0x0000000683600000| Untracked 
|  37|0x0000000683700000, 0x0000000683700000, 0x0000000683800000|  0%| F|  |TAMS 0x0000000683700000, 0x0000000683700000| Untracked 
|  38|0x0000000683800000, 0x0000000683800000, 0x0000000683900000|  0%| F|  |TAMS 0x0000000683800000, 0x0000000683800000| Untracked 
|  39|0x0000000683900000, 0x0000000683900000, 0x0000000683a00000|  0%| F|  |TAMS 0x0000000683900000, 0x0000000683900000| Untracked 
|  40|0x0000000683a00000, 0x0000000683a00000, 0x0000000683b00000|  0%| F|  |TAMS 0x0000000683a00000, 0x0000000683a00000| Untracked 
|  41|0x0000000683b00000, 0x0000000683b00000, 0x0000000683c00000|  0%| F|  |TAMS 0x0000000683b00000, 0x0000000683b00000| Untracked 
|  42|0x0000000683c00000, 0x0000000683c00000, 0x0000000683d00000|  0%| F|  |TAMS 0x0000000683c00000, 0x0000000683c00000| Untracked 
|  43|0x0000000683d00000, 0x0000000683d00000, 0x0000000683e00000|  0%| F|  |TAMS 0x0000000683d00000, 0x0000000683d00000| Untracked 
|  44|0x0000000683e00000, 0x0000000683e00000, 0x0000000683f00000|  0%| F|  |TAMS 0x0000000683e00000, 0x0000000683e00000| Untracked 
|  45|0x0000000683f00000, 0x0000000683f00000, 0x0000000684000000|  0%| F|  |TAMS 0x0000000683f00000, 0x0000000683f00000| Untracked 
|  46|0x0000000684000000, 0x0000000684000000, 0x0000000684100000|  0%| F|  |TAMS 0x0000000684000000, 0x0000000684000000| Untracked 
|  47|0x0000000684100000, 0x0000000684100000, 0x0000000684200000|  0%| F|  |TAMS 0x0000000684100000, 0x0000000684100000| Untracked 
|  48|0x0000000684200000, 0x0000000684200000, 0x0000000684300000|  0%| F|  |TAMS 0x0000000684200000, 0x0000000684200000| Untracked 
|  49|0x0000000684300000, 0x0000000684300000, 0x0000000684400000|  0%| F|  |TAMS 0x0000000684300000, 0x0000000684300000| Untracked 
|  50|0x0000000684400000, 0x0000000684400000, 0x0000000684500000|  0%| F|  |TAMS 0x0000000684400000, 0x0000000684400000| Untracked 
|  51|0x0000000684500000, 0x0000000684500000, 0x0000000684600000|  0%| F|  |TAMS 0x0000000684500000, 0x0000000684500000| Untracked 
|  52|0x0000000684600000, 0x0000000684600000, 0x0000000684700000|  0%| F|  |TAMS 0x0000000684600000, 0x0000000684600000| Untracked 
|  53|0x0000000684700000, 0x0000000684700000, 0x0000000684800000|  0%| F|  |TAMS 0x0000000684700000, 0x0000000684700000| Untracked 
|  54|0x0000000684800000, 0x0000000684800000, 0x0000000684900000|  0%| F|  |TAMS 0x0000000684800000, 0x0000000684800000| Untracked 
|  55|0x0000000684900000, 0x0000000684900000, 0x0000000684a00000|  0%| F|  |TAMS 0x0000000684900000, 0x0000000684900000| Untracked 
|  56|0x0000000684a00000, 0x0000000684a00000, 0x0000000684b00000|  0%| F|  |TAMS 0x0000000684a00000, 0x0000000684a00000| Untracked 
|  57|0x0000000684b00000, 0x0000000684b00000, 0x0000000684c00000|  0%| F|  |TAMS 0x0000000684b00000, 0x0000000684b00000| Untracked 
|  58|0x0000000684c00000, 0x0000000684c00000, 0x0000000684d00000|  0%| F|  |TAMS 0x0000000684c00000, 0x0000000684c00000| Untracked 
|  59|0x0000000684d00000, 0x0000000684d00000, 0x0000000684e00000|  0%| F|  |TAMS 0x0000000684d00000, 0x0000000684d00000| Untracked 
|  60|0x0000000684e00000, 0x0000000684e00000, 0x0000000684f00000|  0%| F|  |TAMS 0x0000000684e00000, 0x0000000684e00000| Untracked 
|  61|0x0000000684f00000, 0x0000000684f00000, 0x0000000685000000|  0%| F|  |TAMS 0x0000000684f00000, 0x0000000684f00000| Untracked 
|  62|0x0000000685000000, 0x0000000685000000, 0x0000000685100000|  0%| F|  |TAMS 0x0000000685000000, 0x0000000685000000| Untracked 
|  63|0x0000000685100000, 0x0000000685100000, 0x0000000685200000|  0%| F|  |TAMS 0x0000000685100000, 0x0000000685100000| Untracked 
|  64|0x0000000685200000, 0x0000000685200000, 0x0000000685300000|  0%| F|  |TAMS 0x0000000685200000, 0x0000000685200000| Untracked 
|  65|0x0000000685300000, 0x0000000685300000, 0x0000000685400000|  0%| F|  |TAMS 0x0000000685300000, 0x0000000685300000| Untracked 
|  66|0x0000000685400000, 0x0000000685400000, 0x0000000685500000|  0%| F|  |TAMS 0x0000000685400000, 0x0000000685400000| Untracked 
|  67|0x0000000685500000, 0x0000000685500000, 0x0000000685600000|  0%| F|  |TAMS 0x0000000685500000, 0x0000000685500000| Untracked 
|  68|0x0000000685600000, 0x0000000685600000, 0x0000000685700000|  0%| F|  |TAMS 0x0000000685600000, 0x0000000685600000| Untracked 
|  69|0x0000000685700000, 0x0000000685700000, 0x0000000685800000|  0%| F|  |TAMS 0x0000000685700000, 0x0000000685700000| Untracked 
|  70|0x0000000685800000, 0x0000000685800000, 0x0000000685900000|  0%| F|  |TAMS 0x0000000685800000, 0x0000000685800000| Untracked 
|  71|0x0000000685900000, 0x0000000685900000, 0x0000000685a00000|  0%| F|  |TAMS 0x0000000685900000, 0x0000000685900000| Untracked 
|  72|0x0000000685a00000, 0x0000000685a00000, 0x0000000685b00000|  0%| F|  |TAMS 0x0000000685a00000, 0x0000000685a00000| Untracked 
|  73|0x0000000685b00000, 0x0000000685b00000, 0x0000000685c00000|  0%| F|  |TAMS 0x0000000685b00000, 0x0000000685b00000| Untracked 
|  74|0x0000000685c00000, 0x0000000685c00000, 0x0000000685d00000|  0%| F|  |TAMS 0x0000000685c00000, 0x0000000685c00000| Untracked 
|  75|0x0000000685d00000, 0x0000000685d00000, 0x0000000685e00000|  0%| F|  |TAMS 0x0000000685d00000, 0x0000000685d00000| Untracked 
|  76|0x0000000685e00000, 0x0000000685e00000, 0x0000000685f00000|  0%| F|  |TAMS 0x0000000685e00000, 0x0000000685e00000| Untracked 
|  77|0x0000000685f00000, 0x0000000685f00000, 0x0000000686000000|  0%| F|  |TAMS 0x0000000685f00000, 0x0000000685f00000| Untracked 
|  78|0x0000000686000000, 0x0000000686000000, 0x0000000686100000|  0%| F|  |TAMS 0x0000000686000000, 0x0000000686000000| Untracked 
|  79|0x0000000686100000, 0x0000000686100000, 0x0000000686200000|  0%| F|  |TAMS 0x0000000686100000, 0x0000000686100000| Untracked 
|  80|0x0000000686200000, 0x0000000686200000, 0x0000000686300000|  0%| F|  |TAMS 0x0000000686200000, 0x0000000686200000| Untracked 
|  81|0x0000000686300000, 0x0000000686300000, 0x0000000686400000|  0%| F|  |TAMS 0x0000000686300000, 0x0000000686300000| Untracked 
|  82|0x0000000686400000, 0x0000000686400000, 0x0000000686500000|  0%| F|  |TAMS 0x0000000686400000, 0x0000000686400000| Untracked 
|  83|0x0000000686500000, 0x0000000686500000, 0x0000000686600000|  0%| F|  |TAMS 0x0000000686500000, 0x0000000686500000| Untracked 
|  84|0x0000000686600000, 0x0000000686600000, 0x0000000686700000|  0%| F|  |TAMS 0x0000000686600000, 0x0000000686600000| Untracked 
|  85|0x0000000686700000, 0x0000000686700000, 0x0000000686800000|  0%| F|  |TAMS 0x0000000686700000, 0x0000000686700000| Untracked 
|  86|0x0000000686800000, 0x0000000686800000, 0x0000000686900000|  0%| F|  |TAMS 0x0000000686800000, 0x0000000686800000| Untracked 
|  87|0x0000000686900000, 0x0000000686900000, 0x0000000686a00000|  0%| F|  |TAMS 0x0000000686900000, 0x0000000686900000| Untracked 
|  88|0x0000000686a00000, 0x0000000686a00000, 0x0000000686b00000|  0%| F|  |TAMS 0x0000000686a00000, 0x0000000686a00000| Untracked 
|  89|0x0000000686b00000, 0x0000000686b00000, 0x0000000686c00000|  0%| F|  |TAMS 0x0000000686b00000, 0x0000000686b00000| Untracked 
|  90|0x0000000686c00000, 0x0000000686c00000, 0x0000000686d00000|  0%| F|  |TAMS 0x0000000686c00000, 0x0000000686c00000| Untracked 
|  91|0x0000000686d00000, 0x0000000686d00000, 0x0000000686e00000|  0%| F|  |TAMS 0x0000000686d00000, 0x0000000686d00000| Untracked 
|  92|0x0000000686e00000, 0x0000000686e00000, 0x0000000686f00000|  0%| F|  |TAMS 0x0000000686e00000, 0x0000000686e00000| Untracked 
|  93|0x0000000686f00000, 0x0000000686f00000, 0x0000000687000000|  0%| F|  |TAMS 0x0000000686f00000, 0x0000000686f00000| Untracked 
|  94|0x0000000687000000, 0x0000000687000000, 0x0000000687100000|  0%| F|  |TAMS 0x0000000687000000, 0x0000000687000000| Untracked 
|  95|0x0000000687100000, 0x0000000687100000, 0x0000000687200000|  0%| F|  |TAMS 0x0000000687100000, 0x0000000687100000| Untracked 
|  96|0x0000000687200000, 0x0000000687200000, 0x0000000687300000|  0%| F|  |TAMS 0x0000000687200000, 0x0000000687200000| Untracked 
|  97|0x0000000687300000, 0x0000000687300000, 0x0000000687400000|  0%| F|  |TAMS 0x0000000687300000, 0x0000000687300000| Untracked 
|  98|0x0000000687400000, 0x0000000687400000, 0x0000000687500000|  0%| F|  |TAMS 0x0000000687400000, 0x0000000687400000| Untracked 
|  99|0x0000000687500000, 0x0000000687500000, 0x0000000687600000|  0%| F|  |TAMS 0x0000000687500000, 0x0000000687500000| Untracked 
| 100|0x0000000687600000, 0x0000000687600000, 0x0000000687700000|  0%| F|  |TAMS 0x0000000687600000, 0x0000000687600000| Untracked 
| 101|0x0000000687700000, 0x0000000687700000, 0x0000000687800000|  0%| F|  |TAMS 0x0000000687700000, 0x0000000687700000| Untracked 
| 102|0x0000000687800000, 0x0000000687800000, 0x0000000687900000|  0%| F|  |TAMS 0x0000000687800000, 0x0000000687800000| Untracked 
| 103|0x0000000687900000, 0x0000000687900000, 0x0000000687a00000|  0%| F|  |TAMS 0x0000000687900000, 0x0000000687900000| Untracked 
| 104|0x0000000687a00000, 0x0000000687a00000, 0x0000000687b00000|  0%| F|  |TAMS 0x0000000687a00000, 0x0000000687a00000| Untracked 
| 105|0x0000000687b00000, 0x0000000687b00000, 0x0000000687c00000|  0%| F|  |TAMS 0x0000000687b00000, 0x0000000687b00000| Untracked 
| 106|0x0000000687c00000, 0x0000000687c00000, 0x0000000687d00000|  0%| F|  |TAMS 0x0000000687c00000, 0x0000000687c00000| Untracked 
| 107|0x0000000687d00000, 0x0000000687d00000, 0x0000000687e00000|  0%| F|  |TAMS 0x0000000687d00000, 0x0000000687d00000| Untracked 
| 108|0x0000000687e00000, 0x0000000687e00000, 0x0000000687f00000|  0%| F|  |TAMS 0x0000000687e00000, 0x0000000687e00000| Untracked 
| 109|0x0000000687f00000, 0x0000000687f00000, 0x0000000688000000|  0%| F|  |TAMS 0x0000000687f00000, 0x0000000687f00000| Untracked 
| 110|0x0000000688000000, 0x0000000688000000, 0x0000000688100000|  0%| F|  |TAMS 0x0000000688000000, 0x0000000688000000| Untracked 
| 111|0x0000000688100000, 0x0000000688100000, 0x0000000688200000|  0%| F|  |TAMS 0x0000000688100000, 0x0000000688100000| Untracked 
| 112|0x0000000688200000, 0x0000000688200000, 0x0000000688300000|  0%| F|  |TAMS 0x0000000688200000, 0x0000000688200000| Untracked 
| 113|0x0000000688300000, 0x0000000688300000, 0x0000000688400000|  0%| F|  |TAMS 0x0000000688300000, 0x0000000688300000| Untracked 
| 114|0x0000000688400000, 0x0000000688400000, 0x0000000688500000|  0%| F|  |TAMS 0x0000000688400000, 0x0000000688400000| Untracked 
| 115|0x0000000688500000, 0x0000000688500000, 0x0000000688600000|  0%| F|  |TAMS 0x0000000688500000, 0x0000000688500000| Untracked 
| 116|0x0000000688600000, 0x0000000688600000, 0x0000000688700000|  0%| F|  |TAMS 0x0000000688600000, 0x0000000688600000| Untracked 
| 117|0x0000000688700000, 0x0000000688700000, 0x0000000688800000|  0%| F|  |TAMS 0x0000000688700000, 0x0000000688700000| Untracked 
| 118|0x0000000688800000, 0x0000000688800000, 0x0000000688900000|  0%| F|  |TAMS 0x0000000688800000, 0x0000000688800000| Untracked 
| 119|0x0000000688900000, 0x0000000688900000, 0x0000000688a00000|  0%| F|  |TAMS 0x0000000688900000, 0x0000000688900000| Untracked 
| 120|0x0000000688a00000, 0x0000000688a00000, 0x0000000688b00000|  0%| F|  |TAMS 0x0000000688a00000, 0x0000000688a00000| Untracked 
| 121|0x0000000688b00000, 0x0000000688b00000, 0x0000000688c00000|  0%| F|  |TAMS 0x0000000688b00000, 0x0000000688b00000| Untracked 
| 122|0x0000000688c00000, 0x0000000688c00000, 0x0000000688d00000|  0%| F|  |TAMS 0x0000000688c00000, 0x0000000688c00000| Untracked 
| 123|0x0000000688d00000, 0x0000000688d00000, 0x0000000688e00000|  0%| F|  |TAMS 0x0000000688d00000, 0x0000000688d00000| Untracked 
| 124|0x0000000688e00000, 0x0000000688e00000, 0x0000000688f00000|  0%| F|  |TAMS 0x0000000688e00000, 0x0000000688e00000| Untracked 
| 125|0x0000000688f00000, 0x0000000688f00000, 0x0000000689000000|  0%| F|  |TAMS 0x0000000688f00000, 0x0000000688f00000| Untracked 
| 126|0x0000000689000000, 0x0000000689000000, 0x0000000689100000|  0%| F|  |TAMS 0x0000000689000000, 0x0000000689000000| Untracked 
| 127|0x0000000689100000, 0x0000000689100000, 0x0000000689200000|  0%| F|  |TAMS 0x0000000689100000, 0x0000000689100000| Untracked 
| 128|0x0000000689200000, 0x0000000689200000, 0x0000000689300000|  0%| F|  |TAMS 0x0000000689200000, 0x0000000689200000| Untracked 
| 129|0x0000000689300000, 0x0000000689300000, 0x0000000689400000|  0%| F|  |TAMS 0x0000000689300000, 0x0000000689300000| Untracked 
| 130|0x0000000689400000, 0x0000000689400000, 0x0000000689500000|  0%| F|  |TAMS 0x0000000689400000, 0x0000000689400000| Untracked 
| 131|0x0000000689500000, 0x0000000689500000, 0x0000000689600000|  0%| F|  |TAMS 0x0000000689500000, 0x0000000689500000| Untracked 
| 132|0x0000000689600000, 0x0000000689600000, 0x0000000689700000|  0%| F|  |TAMS 0x0000000689600000, 0x0000000689600000| Untracked 
| 133|0x0000000689700000, 0x0000000689700000, 0x0000000689800000|  0%| F|  |TAMS 0x0000000689700000, 0x0000000689700000| Untracked 
| 134|0x0000000689800000, 0x0000000689800000, 0x0000000689900000|  0%| F|  |TAMS 0x0000000689800000, 0x0000000689800000| Untracked 
| 135|0x0000000689900000, 0x0000000689900000, 0x0000000689a00000|  0%| F|  |TAMS 0x0000000689900000, 0x0000000689900000| Untracked 
| 136|0x0000000689a00000, 0x0000000689a00000, 0x0000000689b00000|  0%| F|  |TAMS 0x0000000689a00000, 0x0000000689a00000| Untracked 
| 137|0x0000000689b00000, 0x0000000689b00000, 0x0000000689c00000|  0%| F|  |TAMS 0x0000000689b00000, 0x0000000689b00000| Untracked 
| 138|0x0000000689c00000, 0x0000000689c00000, 0x0000000689d00000|  0%| F|  |TAMS 0x0000000689c00000, 0x0000000689c00000| Untracked 
| 139|0x0000000689d00000, 0x0000000689d00000, 0x0000000689e00000|  0%| F|  |TAMS 0x0000000689d00000, 0x0000000689d00000| Untracked 
| 140|0x0000000689e00000, 0x0000000689e00000, 0x0000000689f00000|  0%| F|  |TAMS 0x0000000689e00000, 0x0000000689e00000| Untracked 
| 141|0x0000000689f00000, 0x0000000689f00000, 0x000000068a000000|  0%| F|  |TAMS 0x0000000689f00000, 0x0000000689f00000| Untracked 
| 142|0x000000068a000000, 0x000000068a000000, 0x000000068a100000|  0%| F|  |TAMS 0x000000068a000000, 0x000000068a000000| Untracked 
| 143|0x000000068a100000, 0x000000068a100000, 0x000000068a200000|  0%| F|  |TAMS 0x000000068a100000, 0x000000068a100000| Untracked 
| 144|0x000000068a200000, 0x000000068a200000, 0x000000068a300000|  0%| F|  |TAMS 0x000000068a200000, 0x000000068a200000| Untracked 
| 145|0x000000068a300000, 0x000000068a300000, 0x000000068a400000|  0%| F|  |TAMS 0x000000068a300000, 0x000000068a300000| Untracked 
| 146|0x000000068a400000, 0x000000068a400000, 0x000000068a500000|  0%| F|  |TAMS 0x000000068a400000, 0x000000068a400000| Untracked 
| 147|0x000000068a500000, 0x000000068a500000, 0x000000068a600000|  0%| F|  |TAMS 0x000000068a500000, 0x000000068a500000| Untracked 
| 148|0x000000068a600000, 0x000000068a600000, 0x000000068a700000|  0%| F|  |TAMS 0x000000068a600000, 0x000000068a600000| Untracked 
| 149|0x000000068a700000, 0x000000068a700000, 0x000000068a800000|  0%| F|  |TAMS 0x000000068a700000, 0x000000068a700000| Untracked 
| 150|0x000000068a800000, 0x000000068a800000, 0x000000068a900000|  0%| F|  |TAMS 0x000000068a800000, 0x000000068a800000| Untracked 
| 151|0x000000068a900000, 0x000000068a900000, 0x000000068aa00000|  0%| F|  |TAMS 0x000000068a900000, 0x000000068a900000| Untracked 
| 152|0x000000068aa00000, 0x000000068aa00000, 0x000000068ab00000|  0%| F|  |TAMS 0x000000068aa00000, 0x000000068aa00000| Untracked 
| 153|0x000000068ab00000, 0x000000068ab00000, 0x000000068ac00000|  0%| F|  |TAMS 0x000000068ab00000, 0x000000068ab00000| Untracked 
| 154|0x000000068ac00000, 0x000000068ac00000, 0x000000068ad00000|  0%| F|  |TAMS 0x000000068ac00000, 0x000000068ac00000| Untracked 
| 155|0x000000068ad00000, 0x000000068ad00000, 0x000000068ae00000|  0%| F|  |TAMS 0x000000068ad00000, 0x000000068ad00000| Untracked 
| 156|0x000000068ae00000, 0x000000068ae00000, 0x000000068af00000|  0%| F|  |TAMS 0x000000068ae00000, 0x000000068ae00000| Untracked 
| 157|0x000000068af00000, 0x000000068af00000, 0x000000068b000000|  0%| F|  |TAMS 0x000000068af00000, 0x000000068af00000| Untracked 
| 158|0x000000068b000000, 0x000000068b000000, 0x000000068b100000|  0%| F|  |TAMS 0x000000068b000000, 0x000000068b000000| Untracked 
| 159|0x000000068b100000, 0x000000068b100000, 0x000000068b200000|  0%| F|  |TAMS 0x000000068b100000, 0x000000068b100000| Untracked 
| 160|0x000000068b200000, 0x000000068b200000, 0x000000068b300000|  0%| F|  |TAMS 0x000000068b200000, 0x000000068b200000| Untracked 
| 161|0x000000068b300000, 0x000000068b300000, 0x000000068b400000|  0%| F|  |TAMS 0x000000068b300000, 0x000000068b300000| Untracked 
| 162|0x000000068b400000, 0x000000068b400000, 0x000000068b500000|  0%| F|  |TAMS 0x000000068b400000, 0x000000068b400000| Untracked 
| 163|0x000000068b500000, 0x000000068b500000, 0x000000068b600000|  0%| F|  |TAMS 0x000000068b500000, 0x000000068b500000| Untracked 
| 164|0x000000068b600000, 0x000000068b600000, 0x000000068b700000|  0%| F|  |TAMS 0x000000068b600000, 0x000000068b600000| Untracked 
| 165|0x000000068b700000, 0x000000068b700000, 0x000000068b800000|  0%| F|  |TAMS 0x000000068b700000, 0x000000068b700000| Untracked 
| 166|0x000000068b800000, 0x000000068b800000, 0x000000068b900000|  0%| F|  |TAMS 0x000000068b800000, 0x000000068b800000| Untracked 
| 167|0x000000068b900000, 0x000000068b900000, 0x000000068ba00000|  0%| F|  |TAMS 0x000000068b900000, 0x000000068b900000| Untracked 
| 168|0x000000068ba00000, 0x000000068ba00000, 0x000000068bb00000|  0%| F|  |TAMS 0x000000068ba00000, 0x000000068ba00000| Untracked 
| 169|0x000000068bb00000, 0x000000068bb00000, 0x000000068bc00000|  0%| F|  |TAMS 0x000000068bb00000, 0x000000068bb00000| Untracked 
| 170|0x000000068bc00000, 0x000000068bc00000, 0x000000068bd00000|  0%| F|  |TAMS 0x000000068bc00000, 0x000000068bc00000| Untracked 
| 171|0x000000068bd00000, 0x000000068bd00000, 0x000000068be00000|  0%| F|  |TAMS 0x000000068bd00000, 0x000000068bd00000| Untracked 
| 172|0x000000068be00000, 0x000000068be00000, 0x000000068bf00000|  0%| F|  |TAMS 0x000000068be00000, 0x000000068be00000| Untracked 
| 173|0x000000068bf00000, 0x000000068bf00000, 0x000000068c000000|  0%| F|  |TAMS 0x000000068bf00000, 0x000000068bf00000| Untracked 
| 174|0x000000068c000000, 0x000000068c000000, 0x000000068c100000|  0%| F|  |TAMS 0x000000068c000000, 0x000000068c000000| Untracked 
| 175|0x000000068c100000, 0x000000068c100000, 0x000000068c200000|  0%| F|  |TAMS 0x000000068c100000, 0x000000068c100000| Untracked 
| 176|0x000000068c200000, 0x000000068c200000, 0x000000068c300000|  0%| F|  |TAMS 0x000000068c200000, 0x000000068c200000| Untracked 
| 177|0x000000068c300000, 0x000000068c300000, 0x000000068c400000|  0%| F|  |TAMS 0x000000068c300000, 0x000000068c300000| Untracked 
| 178|0x000000068c400000, 0x000000068c400000, 0x000000068c500000|  0%| F|  |TAMS 0x000000068c400000, 0x000000068c400000| Untracked 
| 179|0x000000068c500000, 0x000000068c500000, 0x000000068c600000|  0%| F|  |TAMS 0x000000068c500000, 0x000000068c500000| Untracked 
| 180|0x000000068c600000, 0x000000068c600000, 0x000000068c700000|  0%| F|  |TAMS 0x000000068c600000, 0x000000068c600000| Untracked 
| 181|0x000000068c700000, 0x000000068c700000, 0x000000068c800000|  0%| F|  |TAMS 0x000000068c700000, 0x000000068c700000| Untracked 
| 182|0x000000068c800000, 0x000000068c800000, 0x000000068c900000|  0%| F|  |TAMS 0x000000068c800000, 0x000000068c800000| Untracked 
| 183|0x000000068c900000, 0x000000068c900000, 0x000000068ca00000|  0%| F|  |TAMS 0x000000068c900000, 0x000000068c900000| Untracked 
| 184|0x000000068ca00000, 0x000000068ca00000, 0x000000068cb00000|  0%| F|  |TAMS 0x000000068ca00000, 0x000000068ca00000| Untracked 
| 185|0x000000068cb00000, 0x000000068cb00000, 0x000000068cc00000|  0%| F|  |TAMS 0x000000068cb00000, 0x000000068cb00000| Untracked 
| 186|0x000000068cc00000, 0x000000068cc00000, 0x000000068cd00000|  0%| F|  |TAMS 0x000000068cc00000, 0x000000068cc00000| Untracked 
| 187|0x000000068cd00000, 0x000000068cd00000, 0x000000068ce00000|  0%| F|  |TAMS 0x000000068cd00000, 0x000000068cd00000| Untracked 
| 188|0x000000068ce00000, 0x000000068ce00000, 0x000000068cf00000|  0%| F|  |TAMS 0x000000068ce00000, 0x000000068ce00000| Untracked 
| 189|0x000000068cf00000, 0x000000068cf00000, 0x000000068d000000|  0%| F|  |TAMS 0x000000068cf00000, 0x000000068cf00000| Untracked 
| 190|0x000000068d000000, 0x000000068d000000, 0x000000068d100000|  0%| F|  |TAMS 0x000000068d000000, 0x000000068d000000| Untracked 
| 191|0x000000068d100000, 0x000000068d100000, 0x000000068d200000|  0%| F|  |TAMS 0x000000068d100000, 0x000000068d100000| Untracked 
| 192|0x000000068d200000, 0x000000068d200000, 0x000000068d300000|  0%| F|  |TAMS 0x000000068d200000, 0x000000068d200000| Untracked 
| 193|0x000000068d300000, 0x000000068d300000, 0x000000068d400000|  0%| F|  |TAMS 0x000000068d300000, 0x000000068d300000| Untracked 
| 194|0x000000068d400000, 0x000000068d400000, 0x000000068d500000|  0%| F|  |TAMS 0x000000068d400000, 0x000000068d400000| Untracked 
| 195|0x000000068d500000, 0x000000068d500000, 0x000000068d600000|  0%| F|  |TAMS 0x000000068d500000, 0x000000068d500000| Untracked 
| 196|0x000000068d600000, 0x000000068d600000, 0x000000068d700000|  0%| F|  |TAMS 0x000000068d600000, 0x000000068d600000| Untracked 
| 197|0x000000068d700000, 0x000000068d700000, 0x000000068d800000|  0%| F|  |TAMS 0x000000068d700000, 0x000000068d700000| Untracked 
| 198|0x000000068d800000, 0x000000068d800000, 0x000000068d900000|  0%| F|  |TAMS 0x000000068d800000, 0x000000068d800000| Untracked 
| 199|0x000000068d900000, 0x000000068d900000, 0x000000068da00000|  0%| F|  |TAMS 0x000000068d900000, 0x000000068d900000| Untracked 
| 200|0x000000068da00000, 0x000000068da00000, 0x000000068db00000|  0%| F|  |TAMS 0x000000068da00000, 0x000000068da00000| Untracked 
| 201|0x000000068db00000, 0x000000068db00000, 0x000000068dc00000|  0%| F|  |TAMS 0x000000068db00000, 0x000000068db00000| Untracked 
| 202|0x000000068dc00000, 0x000000068dc00000, 0x000000068dd00000|  0%| F|  |TAMS 0x000000068dc00000, 0x000000068dc00000| Untracked 
| 203|0x000000068dd00000, 0x000000068dd00000, 0x000000068de00000|  0%| F|  |TAMS 0x000000068dd00000, 0x000000068dd00000| Untracked 
| 204|0x000000068de00000, 0x000000068de00000, 0x000000068df00000|  0%| F|  |TAMS 0x000000068de00000, 0x000000068de00000| Untracked 
| 205|0x000000068df00000, 0x000000068df00000, 0x000000068e000000|  0%| F|  |TAMS 0x000000068df00000, 0x000000068df00000| Untracked 
| 206|0x000000068e000000, 0x000000068e000000, 0x000000068e100000|  0%| F|  |TAMS 0x000000068e000000, 0x000000068e000000| Untracked 
| 207|0x000000068e100000, 0x000000068e100000, 0x000000068e200000|  0%| F|  |TAMS 0x000000068e100000, 0x000000068e100000| Untracked 
| 208|0x000000068e200000, 0x000000068e200000, 0x000000068e300000|  0%| F|  |TAMS 0x000000068e200000, 0x000000068e200000| Untracked 
| 209|0x000000068e300000, 0x000000068e300000, 0x000000068e400000|  0%| F|  |TAMS 0x000000068e300000, 0x000000068e300000| Untracked 
| 210|0x000000068e400000, 0x000000068e400000, 0x000000068e500000|  0%| F|  |TAMS 0x000000068e400000, 0x000000068e400000| Untracked 
| 211|0x000000068e500000, 0x000000068e500000, 0x000000068e600000|  0%| F|  |TAMS 0x000000068e500000, 0x000000068e500000| Untracked 
| 212|0x000000068e600000, 0x000000068e600000, 0x000000068e700000|  0%| F|  |TAMS 0x000000068e600000, 0x000000068e600000| Untracked 
| 213|0x000000068e700000, 0x000000068e700000, 0x000000068e800000|  0%| F|  |TAMS 0x000000068e700000, 0x000000068e700000| Untracked 
| 214|0x000000068e800000, 0x000000068e800000, 0x000000068e900000|  0%| F|  |TAMS 0x000000068e800000, 0x000000068e800000| Untracked 
| 215|0x000000068e900000, 0x000000068e900000, 0x000000068ea00000|  0%| F|  |TAMS 0x000000068e900000, 0x000000068e900000| Untracked 
| 216|0x000000068ea00000, 0x000000068ea00000, 0x000000068eb00000|  0%| F|  |TAMS 0x000000068ea00000, 0x000000068ea00000| Untracked 
| 217|0x000000068eb00000, 0x000000068eb00000, 0x000000068ec00000|  0%| F|  |TAMS 0x000000068eb00000, 0x000000068eb00000| Untracked 
| 218|0x000000068ec00000, 0x000000068ec00000, 0x000000068ed00000|  0%| F|  |TAMS 0x000000068ec00000, 0x000000068ec00000| Untracked 
| 219|0x000000068ed00000, 0x000000068ed00000, 0x000000068ee00000|  0%| F|  |TAMS 0x000000068ed00000, 0x000000068ed00000| Untracked 
| 220|0x000000068ee00000, 0x000000068ee00000, 0x000000068ef00000|  0%| F|  |TAMS 0x000000068ee00000, 0x000000068ee00000| Untracked 
| 221|0x000000068ef00000, 0x000000068ef00000, 0x000000068f000000|  0%| F|  |TAMS 0x000000068ef00000, 0x000000068ef00000| Untracked 
| 222|0x000000068f000000, 0x000000068f000000, 0x000000068f100000|  0%| F|  |TAMS 0x000000068f000000, 0x000000068f000000| Untracked 
| 223|0x000000068f100000, 0x000000068f100000, 0x000000068f200000|  0%| F|  |TAMS 0x000000068f100000, 0x000000068f100000| Untracked 
| 224|0x000000068f200000, 0x000000068f200000, 0x000000068f300000|  0%| F|  |TAMS 0x000000068f200000, 0x000000068f200000| Untracked 
| 225|0x000000068f300000, 0x000000068f300000, 0x000000068f400000|  0%| F|  |TAMS 0x000000068f300000, 0x000000068f300000| Untracked 
| 226|0x000000068f400000, 0x000000068f400000, 0x000000068f500000|  0%| F|  |TAMS 0x000000068f400000, 0x000000068f400000| Untracked 
| 227|0x000000068f500000, 0x000000068f500000, 0x000000068f600000|  0%| F|  |TAMS 0x000000068f500000, 0x000000068f500000| Untracked 
| 228|0x000000068f600000, 0x000000068f600000, 0x000000068f700000|  0%| F|  |TAMS 0x000000068f600000, 0x000000068f600000| Untracked 
| 229|0x000000068f700000, 0x000000068f700000, 0x000000068f800000|  0%| F|  |TAMS 0x000000068f700000, 0x000000068f700000| Untracked 
| 230|0x000000068f800000, 0x000000068f800000, 0x000000068f900000|  0%| F|  |TAMS 0x000000068f800000, 0x000000068f800000| Untracked 
| 231|0x000000068f900000, 0x000000068f900000, 0x000000068fa00000|  0%| F|  |TAMS 0x000000068f900000, 0x000000068f900000| Untracked 
| 232|0x000000068fa00000, 0x000000068fa00000, 0x000000068fb00000|  0%| F|  |TAMS 0x000000068fa00000, 0x000000068fa00000| Untracked 
| 233|0x000000068fb00000, 0x000000068fb00000, 0x000000068fc00000|  0%| F|  |TAMS 0x000000068fb00000, 0x000000068fb00000| Untracked 
| 234|0x000000068fc00000, 0x000000068fc00000, 0x000000068fd00000|  0%| F|  |TAMS 0x000000068fc00000, 0x000000068fc00000| Untracked 
| 235|0x000000068fd00000, 0x000000068fd00000, 0x000000068fe00000|  0%| F|  |TAMS 0x000000068fd00000, 0x000000068fd00000| Untracked 
| 236|0x000000068fe00000, 0x000000068fe00000, 0x000000068ff00000|  0%| F|  |TAMS 0x000000068fe00000, 0x000000068fe00000| Untracked 
| 237|0x000000068ff00000, 0x000000068ff00000, 0x0000000690000000|  0%| F|  |TAMS 0x000000068ff00000, 0x000000068ff00000| Untracked 
| 238|0x0000000690000000, 0x0000000690000000, 0x0000000690100000|  0%| F|  |TAMS 0x0000000690000000, 0x0000000690000000| Untracked 
| 239|0x0000000690100000, 0x0000000690100000, 0x0000000690200000|  0%| F|  |TAMS 0x0000000690100000, 0x0000000690100000| Untracked 
| 240|0x0000000690200000, 0x0000000690200000, 0x0000000690300000|  0%| F|  |TAMS 0x0000000690200000, 0x0000000690200000| Untracked 
| 241|0x0000000690300000, 0x0000000690300000, 0x0000000690400000|  0%| F|  |TAMS 0x0000000690300000, 0x0000000690300000| Untracked 
| 242|0x0000000690400000, 0x0000000690400000, 0x0000000690500000|  0%| F|  |TAMS 0x0000000690400000, 0x0000000690400000| Untracked 
| 243|0x0000000690500000, 0x0000000690500000, 0x0000000690600000|  0%| F|  |TAMS 0x0000000690500000, 0x0000000690500000| Untracked 
| 244|0x0000000690600000, 0x0000000690600000, 0x0000000690700000|  0%| F|  |TAMS 0x0000000690600000, 0x0000000690600000| Untracked 
| 245|0x0000000690700000, 0x0000000690700000, 0x0000000690800000|  0%| F|  |TAMS 0x0000000690700000, 0x0000000690700000| Untracked 
| 246|0x0000000690800000, 0x0000000690800000, 0x0000000690900000|  0%| F|  |TAMS 0x0000000690800000, 0x0000000690800000| Untracked 
| 247|0x0000000690900000, 0x0000000690900000, 0x0000000690a00000|  0%| F|  |TAMS 0x0000000690900000, 0x0000000690900000| Untracked 
| 248|0x0000000690a00000, 0x0000000690a00000, 0x0000000690b00000|  0%| F|  |TAMS 0x0000000690a00000, 0x0000000690a00000| Untracked 
| 249|0x0000000690b00000, 0x0000000690b00000, 0x0000000690c00000|  0%| F|  |TAMS 0x0000000690b00000, 0x0000000690b00000| Untracked 
| 250|0x0000000690c00000, 0x0000000690c00000, 0x0000000690d00000|  0%| F|  |TAMS 0x0000000690c00000, 0x0000000690c00000| Untracked 
| 251|0x0000000690d00000, 0x0000000690d00000, 0x0000000690e00000|  0%| F|  |TAMS 0x0000000690d00000, 0x0000000690d00000| Untracked 
| 252|0x0000000690e00000, 0x0000000690e00000, 0x0000000690f00000|  0%| F|  |TAMS 0x0000000690e00000, 0x0000000690e00000| Untracked 
| 253|0x0000000690f00000, 0x0000000690f00000, 0x0000000691000000|  0%| F|  |TAMS 0x0000000690f00000, 0x0000000690f00000| Untracked 
| 254|0x0000000691000000, 0x0000000691000000, 0x0000000691100000|  0%| F|  |TAMS 0x0000000691000000, 0x0000000691000000| Untracked 
| 255|0x0000000691100000, 0x0000000691100000, 0x0000000691200000|  0%| F|  |TAMS 0x0000000691100000, 0x0000000691100000| Untracked 
| 256|0x0000000691200000, 0x0000000691200000, 0x0000000691300000|  0%| F|  |TAMS 0x0000000691200000, 0x0000000691200000| Untracked 
| 257|0x0000000691300000, 0x0000000691300000, 0x0000000691400000|  0%| F|  |TAMS 0x0000000691300000, 0x0000000691300000| Untracked 
| 258|0x0000000691400000, 0x0000000691400000, 0x0000000691500000|  0%| F|  |TAMS 0x0000000691400000, 0x0000000691400000| Untracked 
| 259|0x0000000691500000, 0x0000000691500000, 0x0000000691600000|  0%| F|  |TAMS 0x0000000691500000, 0x0000000691500000| Untracked 
| 260|0x0000000691600000, 0x0000000691600000, 0x0000000691700000|  0%| F|  |TAMS 0x0000000691600000, 0x0000000691600000| Untracked 
| 261|0x0000000691700000, 0x0000000691700000, 0x0000000691800000|  0%| F|  |TAMS 0x0000000691700000, 0x0000000691700000| Untracked 
| 262|0x0000000691800000, 0x0000000691800000, 0x0000000691900000|  0%| F|  |TAMS 0x0000000691800000, 0x0000000691800000| Untracked 
| 263|0x0000000691900000, 0x0000000691900000, 0x0000000691a00000|  0%| F|  |TAMS 0x0000000691900000, 0x0000000691900000| Untracked 
| 264|0x0000000691a00000, 0x0000000691a00000, 0x0000000691b00000|  0%| F|  |TAMS 0x0000000691a00000, 0x0000000691a00000| Untracked 
| 265|0x0000000691b00000, 0x0000000691b00000, 0x0000000691c00000|  0%| F|  |TAMS 0x0000000691b00000, 0x0000000691b00000| Untracked 
| 266|0x0000000691c00000, 0x0000000691c00000, 0x0000000691d00000|  0%| F|  |TAMS 0x0000000691c00000, 0x0000000691c00000| Untracked 
| 267|0x0000000691d00000, 0x0000000691d00000, 0x0000000691e00000|  0%| F|  |TAMS 0x0000000691d00000, 0x0000000691d00000| Untracked 
| 268|0x0000000691e00000, 0x0000000691e00000, 0x0000000691f00000|  0%| F|  |TAMS 0x0000000691e00000, 0x0000000691e00000| Untracked 
| 269|0x0000000691f00000, 0x0000000691f00000, 0x0000000692000000|  0%| F|  |TAMS 0x0000000691f00000, 0x0000000691f00000| Untracked 
| 270|0x0000000692000000, 0x0000000692000000, 0x0000000692100000|  0%| F|  |TAMS 0x0000000692000000, 0x0000000692000000| Untracked 
| 271|0x0000000692100000, 0x0000000692100000, 0x0000000692200000|  0%| F|  |TAMS 0x0000000692100000, 0x0000000692100000| Untracked 
| 272|0x0000000692200000, 0x0000000692200000, 0x0000000692300000|  0%| F|  |TAMS 0x0000000692200000, 0x0000000692200000| Untracked 
| 273|0x0000000692300000, 0x0000000692300000, 0x0000000692400000|  0%| F|  |TAMS 0x0000000692300000, 0x0000000692300000| Untracked 
| 274|0x0000000692400000, 0x0000000692400000, 0x0000000692500000|  0%| F|  |TAMS 0x0000000692400000, 0x0000000692400000| Untracked 
| 275|0x0000000692500000, 0x0000000692500000, 0x0000000692600000|  0%| F|  |TAMS 0x0000000692500000, 0x0000000692500000| Untracked 
| 276|0x0000000692600000, 0x0000000692600000, 0x0000000692700000|  0%| F|  |TAMS 0x0000000692600000, 0x0000000692600000| Untracked 
| 277|0x0000000692700000, 0x0000000692700000, 0x0000000692800000|  0%| F|  |TAMS 0x0000000692700000, 0x0000000692700000| Untracked 
| 278|0x0000000692800000, 0x0000000692800000, 0x0000000692900000|  0%| F|  |TAMS 0x0000000692800000, 0x0000000692800000| Untracked 
| 279|0x0000000692900000, 0x0000000692900000, 0x0000000692a00000|  0%| F|  |TAMS 0x0000000692900000, 0x0000000692900000| Untracked 
| 280|0x0000000692a00000, 0x0000000692a00000, 0x0000000692b00000|  0%| F|  |TAMS 0x0000000692a00000, 0x0000000692a00000| Untracked 
| 281|0x0000000692b00000, 0x0000000692b00000, 0x0000000692c00000|  0%| F|  |TAMS 0x0000000692b00000, 0x0000000692b00000| Untracked 
| 282|0x0000000692c00000, 0x0000000692c00000, 0x0000000692d00000|  0%| F|  |TAMS 0x0000000692c00000, 0x0000000692c00000| Untracked 
| 283|0x0000000692d00000, 0x0000000692d00000, 0x0000000692e00000|  0%| F|  |TAMS 0x0000000692d00000, 0x0000000692d00000| Untracked 
| 284|0x0000000692e00000, 0x0000000692e00000, 0x0000000692f00000|  0%| F|  |TAMS 0x0000000692e00000, 0x0000000692e00000| Untracked 
| 285|0x0000000692f00000, 0x0000000692f00000, 0x0000000693000000|  0%| F|  |TAMS 0x0000000692f00000, 0x0000000692f00000| Untracked 
| 286|0x0000000693000000, 0x0000000693000000, 0x0000000693100000|  0%| F|  |TAMS 0x0000000693000000, 0x0000000693000000| Untracked 
| 287|0x0000000693100000, 0x0000000693100000, 0x0000000693200000|  0%| F|  |TAMS 0x0000000693100000, 0x0000000693100000| Untracked 
| 288|0x0000000693200000, 0x0000000693200000, 0x0000000693300000|  0%| F|  |TAMS 0x0000000693200000, 0x0000000693200000| Untracked 
| 289|0x0000000693300000, 0x0000000693300000, 0x0000000693400000|  0%| F|  |TAMS 0x0000000693300000, 0x0000000693300000| Untracked 
| 290|0x0000000693400000, 0x0000000693400000, 0x0000000693500000|  0%| F|  |TAMS 0x0000000693400000, 0x0000000693400000| Untracked 
| 291|0x0000000693500000, 0x0000000693500000, 0x0000000693600000|  0%| F|  |TAMS 0x0000000693500000, 0x0000000693500000| Untracked 
| 292|0x0000000693600000, 0x0000000693600000, 0x0000000693700000|  0%| F|  |TAMS 0x0000000693600000, 0x0000000693600000| Untracked 
| 293|0x0000000693700000, 0x0000000693700000, 0x0000000693800000|  0%| F|  |TAMS 0x0000000693700000, 0x0000000693700000| Untracked 
| 294|0x0000000693800000, 0x0000000693800000, 0x0000000693900000|  0%| F|  |TAMS 0x0000000693800000, 0x0000000693800000| Untracked 
| 295|0x0000000693900000, 0x0000000693900000, 0x0000000693a00000|  0%| F|  |TAMS 0x0000000693900000, 0x0000000693900000| Untracked 
| 296|0x0000000693a00000, 0x0000000693a00000, 0x0000000693b00000|  0%| F|  |TAMS 0x0000000693a00000, 0x0000000693a00000| Untracked 
| 297|0x0000000693b00000, 0x0000000693b00000, 0x0000000693c00000|  0%| F|  |TAMS 0x0000000693b00000, 0x0000000693b00000| Untracked 
| 298|0x0000000693c00000, 0x0000000693c00000, 0x0000000693d00000|  0%| F|  |TAMS 0x0000000693c00000, 0x0000000693c00000| Untracked 
| 299|0x0000000693d00000, 0x0000000693d00000, 0x0000000693e00000|  0%| F|  |TAMS 0x0000000693d00000, 0x0000000693d00000| Untracked 
| 300|0x0000000693e00000, 0x0000000693e00000, 0x0000000693f00000|  0%| F|  |TAMS 0x0000000693e00000, 0x0000000693e00000| Untracked 
| 301|0x0000000693f00000, 0x0000000693f00000, 0x0000000694000000|  0%| F|  |TAMS 0x0000000693f00000, 0x0000000693f00000| Untracked 
| 302|0x0000000694000000, 0x0000000694000000, 0x0000000694100000|  0%| F|  |TAMS 0x0000000694000000, 0x0000000694000000| Untracked 
| 303|0x0000000694100000, 0x0000000694100000, 0x0000000694200000|  0%| F|  |TAMS 0x0000000694100000, 0x0000000694100000| Untracked 
| 304|0x0000000694200000, 0x0000000694200000, 0x0000000694300000|  0%| F|  |TAMS 0x0000000694200000, 0x0000000694200000| Untracked 
| 305|0x0000000694300000, 0x0000000694300000, 0x0000000694400000|  0%| F|  |TAMS 0x0000000694300000, 0x0000000694300000| Untracked 
| 306|0x0000000694400000, 0x0000000694400000, 0x0000000694500000|  0%| F|  |TAMS 0x0000000694400000, 0x0000000694400000| Untracked 
| 307|0x0000000694500000, 0x0000000694500000, 0x0000000694600000|  0%| F|  |TAMS 0x0000000694500000, 0x0000000694500000| Untracked 
| 308|0x0000000694600000, 0x0000000694600000, 0x0000000694700000|  0%| F|  |TAMS 0x0000000694600000, 0x0000000694600000| Untracked 
| 309|0x0000000694700000, 0x0000000694700000, 0x0000000694800000|  0%| F|  |TAMS 0x0000000694700000, 0x0000000694700000| Untracked 
| 310|0x0000000694800000, 0x0000000694800000, 0x0000000694900000|  0%| F|  |TAMS 0x0000000694800000, 0x0000000694800000| Untracked 
| 311|0x0000000694900000, 0x0000000694900000, 0x0000000694a00000|  0%| F|  |TAMS 0x0000000694900000, 0x0000000694900000| Untracked 
| 312|0x0000000694a00000, 0x0000000694a00000, 0x0000000694b00000|  0%| F|  |TAMS 0x0000000694a00000, 0x0000000694a00000| Untracked 
| 313|0x0000000694b00000, 0x0000000694b00000, 0x0000000694c00000|  0%| F|  |TAMS 0x0000000694b00000, 0x0000000694b00000| Untracked 
| 314|0x0000000694c00000, 0x0000000694c00000, 0x0000000694d00000|  0%| F|  |TAMS 0x0000000694c00000, 0x0000000694c00000| Untracked 
| 315|0x0000000694d00000, 0x0000000694d00000, 0x0000000694e00000|  0%| F|  |TAMS 0x0000000694d00000, 0x0000000694d00000| Untracked 
| 316|0x0000000694e00000, 0x0000000694e00000, 0x0000000694f00000|  0%| F|  |TAMS 0x0000000694e00000, 0x0000000694e00000| Untracked 
| 317|0x0000000694f00000, 0x0000000694f00000, 0x0000000695000000|  0%| F|  |TAMS 0x0000000694f00000, 0x0000000694f00000| Untracked 
| 318|0x0000000695000000, 0x0000000695000000, 0x0000000695100000|  0%| F|  |TAMS 0x0000000695000000, 0x0000000695000000| Untracked 
| 319|0x0000000695100000, 0x0000000695100000, 0x0000000695200000|  0%| F|  |TAMS 0x0000000695100000, 0x0000000695100000| Untracked 
| 320|0x0000000695200000, 0x0000000695200000, 0x0000000695300000|  0%| F|  |TAMS 0x0000000695200000, 0x0000000695200000| Untracked 
| 321|0x0000000695300000, 0x0000000695300000, 0x0000000695400000|  0%| F|  |TAMS 0x0000000695300000, 0x0000000695300000| Untracked 
| 322|0x0000000695400000, 0x0000000695400000, 0x0000000695500000|  0%| F|  |TAMS 0x0000000695400000, 0x0000000695400000| Untracked 
| 323|0x0000000695500000, 0x0000000695500000, 0x0000000695600000|  0%| F|  |TAMS 0x0000000695500000, 0x0000000695500000| Untracked 
| 324|0x0000000695600000, 0x0000000695600000, 0x0000000695700000|  0%| F|  |TAMS 0x0000000695600000, 0x0000000695600000| Untracked 
| 325|0x0000000695700000, 0x0000000695700000, 0x0000000695800000|  0%| F|  |TAMS 0x0000000695700000, 0x0000000695700000| Untracked 
| 326|0x0000000695800000, 0x0000000695800000, 0x0000000695900000|  0%| F|  |TAMS 0x0000000695800000, 0x0000000695800000| Untracked 
| 327|0x0000000695900000, 0x0000000695900000, 0x0000000695a00000|  0%| F|  |TAMS 0x0000000695900000, 0x0000000695900000| Untracked 
| 328|0x0000000695a00000, 0x0000000695a00000, 0x0000000695b00000|  0%| F|  |TAMS 0x0000000695a00000, 0x0000000695a00000| Untracked 
| 329|0x0000000695b00000, 0x0000000695b00000, 0x0000000695c00000|  0%| F|  |TAMS 0x0000000695b00000, 0x0000000695b00000| Untracked 
| 330|0x0000000695c00000, 0x0000000695c00000, 0x0000000695d00000|  0%| F|  |TAMS 0x0000000695c00000, 0x0000000695c00000| Untracked 
| 331|0x0000000695d00000, 0x0000000695d00000, 0x0000000695e00000|  0%| F|  |TAMS 0x0000000695d00000, 0x0000000695d00000| Untracked 
| 332|0x0000000695e00000, 0x0000000695e00000, 0x0000000695f00000|  0%| F|  |TAMS 0x0000000695e00000, 0x0000000695e00000| Untracked 
| 333|0x0000000695f00000, 0x0000000695f00000, 0x0000000696000000|  0%| F|  |TAMS 0x0000000695f00000, 0x0000000695f00000| Untracked 
| 334|0x0000000696000000, 0x0000000696000000, 0x0000000696100000|  0%| F|  |TAMS 0x0000000696000000, 0x0000000696000000| Untracked 
| 335|0x0000000696100000, 0x0000000696100000, 0x0000000696200000|  0%| F|  |TAMS 0x0000000696100000, 0x0000000696100000| Untracked 
| 336|0x0000000696200000, 0x0000000696200000, 0x0000000696300000|  0%| F|  |TAMS 0x0000000696200000, 0x0000000696200000| Untracked 
| 337|0x0000000696300000, 0x0000000696300000, 0x0000000696400000|  0%| F|  |TAMS 0x0000000696300000, 0x0000000696300000| Untracked 
| 338|0x0000000696400000, 0x0000000696400000, 0x0000000696500000|  0%| F|  |TAMS 0x0000000696400000, 0x0000000696400000| Untracked 
| 339|0x0000000696500000, 0x0000000696500000, 0x0000000696600000|  0%| F|  |TAMS 0x0000000696500000, 0x0000000696500000| Untracked 
| 340|0x0000000696600000, 0x0000000696600000, 0x0000000696700000|  0%| F|  |TAMS 0x0000000696600000, 0x0000000696600000| Untracked 
| 341|0x0000000696700000, 0x0000000696700000, 0x0000000696800000|  0%| F|  |TAMS 0x0000000696700000, 0x0000000696700000| Untracked 
| 342|0x0000000696800000, 0x0000000696800000, 0x0000000696900000|  0%| F|  |TAMS 0x0000000696800000, 0x0000000696800000| Untracked 
| 343|0x0000000696900000, 0x0000000696900000, 0x0000000696a00000|  0%| F|  |TAMS 0x0000000696900000, 0x0000000696900000| Untracked 
| 344|0x0000000696a00000, 0x0000000696a00000, 0x0000000696b00000|  0%| F|  |TAMS 0x0000000696a00000, 0x0000000696a00000| Untracked 
| 345|0x0000000696b00000, 0x0000000696b00000, 0x0000000696c00000|  0%| F|  |TAMS 0x0000000696b00000, 0x0000000696b00000| Untracked 
| 346|0x0000000696c00000, 0x0000000696c00000, 0x0000000696d00000|  0%| F|  |TAMS 0x0000000696c00000, 0x0000000696c00000| Untracked 
| 347|0x0000000696d00000, 0x0000000696d00000, 0x0000000696e00000|  0%| F|  |TAMS 0x0000000696d00000, 0x0000000696d00000| Untracked 
| 348|0x0000000696e00000, 0x0000000696e00000, 0x0000000696f00000|  0%| F|  |TAMS 0x0000000696e00000, 0x0000000696e00000| Untracked 
| 349|0x0000000696f00000, 0x0000000696f00000, 0x0000000697000000|  0%| F|  |TAMS 0x0000000696f00000, 0x0000000696f00000| Untracked 
| 350|0x0000000697000000, 0x0000000697000000, 0x0000000697100000|  0%| F|  |TAMS 0x0000000697000000, 0x0000000697000000| Untracked 
| 351|0x0000000697100000, 0x0000000697100000, 0x0000000697200000|  0%| F|  |TAMS 0x0000000697100000, 0x0000000697100000| Untracked 
| 352|0x0000000697200000, 0x0000000697200000, 0x0000000697300000|  0%| F|  |TAMS 0x0000000697200000, 0x0000000697200000| Untracked 
| 353|0x0000000697300000, 0x0000000697300000, 0x0000000697400000|  0%| F|  |TAMS 0x0000000697300000, 0x0000000697300000| Untracked 
| 354|0x0000000697400000, 0x0000000697400000, 0x0000000697500000|  0%| F|  |TAMS 0x0000000697400000, 0x0000000697400000| Untracked 
| 355|0x0000000697500000, 0x0000000697500000, 0x0000000697600000|  0%| F|  |TAMS 0x0000000697500000, 0x0000000697500000| Untracked 
| 356|0x0000000697600000, 0x0000000697600000, 0x0000000697700000|  0%| F|  |TAMS 0x0000000697600000, 0x0000000697600000| Untracked 
| 357|0x0000000697700000, 0x0000000697700000, 0x0000000697800000|  0%| F|  |TAMS 0x0000000697700000, 0x0000000697700000| Untracked 
| 358|0x0000000697800000, 0x0000000697800000, 0x0000000697900000|  0%| F|  |TAMS 0x0000000697800000, 0x0000000697800000| Untracked 
| 359|0x0000000697900000, 0x0000000697900000, 0x0000000697a00000|  0%| F|  |TAMS 0x0000000697900000, 0x0000000697900000| Untracked 
| 360|0x0000000697a00000, 0x0000000697a00000, 0x0000000697b00000|  0%| F|  |TAMS 0x0000000697a00000, 0x0000000697a00000| Untracked 
| 361|0x0000000697b00000, 0x0000000697b00000, 0x0000000697c00000|  0%| F|  |TAMS 0x0000000697b00000, 0x0000000697b00000| Untracked 
| 362|0x0000000697c00000, 0x0000000697c00000, 0x0000000697d00000|  0%| F|  |TAMS 0x0000000697c00000, 0x0000000697c00000| Untracked 
| 363|0x0000000697d00000, 0x0000000697d00000, 0x0000000697e00000|  0%| F|  |TAMS 0x0000000697d00000, 0x0000000697d00000| Untracked 
| 364|0x0000000697e00000, 0x0000000697f00000, 0x0000000697f00000|100%| E|  |TAMS 0x0000000697e00000, 0x0000000697e00000| Complete 
| 365|0x0000000697f00000, 0x0000000698000000, 0x0000000698000000|100%| E|  |TAMS 0x0000000697f00000, 0x0000000697f00000| Complete 
| 366|0x0000000698000000, 0x0000000698100000, 0x0000000698100000|100%| E|CS|TAMS 0x0000000698000000, 0x0000000698000000| Complete 
| 367|0x0000000698100000, 0x0000000698200000, 0x0000000698200000|100%| E|CS|TAMS 0x0000000698100000, 0x0000000698100000| Complete 
| 368|0x0000000698200000, 0x0000000698300000, 0x0000000698300000|100%| E|CS|TAMS 0x0000000698200000, 0x0000000698200000| Complete 
| 369|0x0000000698300000, 0x0000000698400000, 0x0000000698400000|100%| E|CS|TAMS 0x0000000698300000, 0x0000000698300000| Complete 
| 370|0x0000000698400000, 0x0000000698500000, 0x0000000698500000|100%| E|CS|TAMS 0x0000000698400000, 0x0000000698400000| Complete 
| 371|0x0000000698500000, 0x0000000698600000, 0x0000000698600000|100%| E|CS|TAMS 0x0000000698500000, 0x0000000698500000| Complete 
| 372|0x0000000698600000, 0x0000000698700000, 0x0000000698700000|100%| E|CS|TAMS 0x0000000698600000, 0x0000000698600000| Complete 
| 373|0x0000000698700000, 0x0000000698800000, 0x0000000698800000|100%| E|CS|TAMS 0x0000000698700000, 0x0000000698700000| Complete 
| 374|0x0000000698800000, 0x0000000698900000, 0x0000000698900000|100%| E|CS|TAMS 0x0000000698800000, 0x0000000698800000| Complete 
| 375|0x0000000698900000, 0x0000000698a00000, 0x0000000698a00000|100%| E|CS|TAMS 0x0000000698900000, 0x0000000698900000| Complete 
| 376|0x0000000698a00000, 0x0000000698b00000, 0x0000000698b00000|100%| E|CS|TAMS 0x0000000698a00000, 0x0000000698a00000| Complete 
| 377|0x0000000698b00000, 0x0000000698c00000, 0x0000000698c00000|100%| E|CS|TAMS 0x0000000698b00000, 0x0000000698b00000| Complete 
| 378|0x0000000698c00000, 0x0000000698d00000, 0x0000000698d00000|100%| E|CS|TAMS 0x0000000698c00000, 0x0000000698c00000| Complete 
| 379|0x0000000698d00000, 0x0000000698e00000, 0x0000000698e00000|100%| E|CS|TAMS 0x0000000698d00000, 0x0000000698d00000| Complete 
| 380|0x0000000698e00000, 0x0000000698f00000, 0x0000000698f00000|100%| E|CS|TAMS 0x0000000698e00000, 0x0000000698e00000| Complete 
| 381|0x0000000698f00000, 0x0000000699000000, 0x0000000699000000|100%| E|CS|TAMS 0x0000000698f00000, 0x0000000698f00000| Complete 
| 382|0x0000000699000000, 0x0000000699100000, 0x0000000699100000|100%| E|CS|TAMS 0x0000000699000000, 0x0000000699000000| Complete 
| 383|0x0000000699100000, 0x0000000699200000, 0x0000000699200000|100%| E|CS|TAMS 0x0000000699100000, 0x0000000699100000| Complete 

Card table byte_map: [0x0000021ab48c0000,0x0000021ab54c0000] _byte_map_base: 0x0000021ab14b7000

Marking Bits (Prev, Next): (CMBitMap*) 0x0000021a9bd86fb8, (CMBitMap*) 0x0000021a9bd86ff0
 Prev Bits: [0x0000021ab60c0000, 0x0000021abc078000)
 Next Bits: [0x0000021abc080000, 0x0000021ac2038000)

Polling page: 0x0000021a99cc0000

Metaspace:

Usage:
  Non-class:     14.02 MB capacity,    13.81 MB ( 99%) used,   187.92 KB (  1%) free+waste,    27.00 KB ( <1%) overhead. 
      Class:      1.42 MB capacity,     1.32 MB ( 93%) used,    83.38 KB (  6%) free+waste,    11.81 KB ( <1%) overhead. 
       Both:     15.44 MB capacity,    15.13 MB ( 98%) used,   271.30 KB (  2%) free+waste,    38.81 KB ( <1%) overhead. 

Virtual space:
  Non-class space:       16.00 MB reserved,      14.25 MB ( 89%) committed 
      Class space:        1.00 GB reserved,       1.50 MB ( <1%) committed 
             Both:        1.02 GB reserved,      15.75 MB (  2%) committed 

Chunk freelists:
   Non-Class:  43.00 KB
       Class:  22.00 KB
        Both:  65.00 KB

MaxMetaspaceSize: 17179869184.00 GB
CompressedClassSpaceSize: 1.00 GB
Initial GC threshold: 20.80 MB
Current GC threshold: 20.80 MB
CDS: off

CodeHeap 'non-profiled nmethods': size=119168Kb used=454Kb max_used=454Kb free=118714Kb
 bounds [0x0000021aabfd0000, 0x0000021aac240000, 0x0000021ab3430000]
CodeHeap 'profiled nmethods': size=119168Kb used=2856Kb max_used=2856Kb free=116311Kb
 bounds [0x0000021aa4b70000, 0x0000021aa4e40000, 0x0000021aabfd0000]
CodeHeap 'non-nmethods': size=7424Kb used=1304Kb max_used=3010Kb free=6119Kb
 bounds [0x0000021aa4430000, 0x0000021aa4730000, 0x0000021aa4b70000]
 total_blobs=2104 nmethods=1495 adapters=522
 compilation: enabled
              stopped_count=0, restarted_count=0
 full_count=0

Compilation events (20 events):
Event: 11.964 Thread 0x0000021ac5c2d800 1486       4       com.badlogic.gdx.utils.SnapshotArray::end (80 bytes)
Event: 11.965 Thread 0x0000021ac5c2d800 nmethod 1486 0x0000021aac03cf90 code [0x0000021aac03d120, 0x0000021aac03d218]
Event: 12.481 Thread 0x0000021ac5c2d800 1487       4       com.badlogic.gdx.scenes.scene2d.Actor::parentToLocalCoordinates (228 bytes)
Event: 12.483 Thread 0x0000021ac5c2d800 nmethod 1487 0x0000021aac03d310 code [0x0000021aac03d4e0, 0x0000021aac03d698]
Event: 12.483 Thread 0x0000021ac5c2d800 1488       4       com.badlogic.gdx.graphics.glutils.ShaderProgram::fetchUniformLocation (120 bytes)
Event: 12.495 Thread 0x0000021ac5c2d800 nmethod 1488 0x0000021aac03d810 code [0x0000021aac03d9c0, 0x0000021aac03e018]
Event: 14.098 Thread 0x0000021ac5c2d800 1489       4       com.badlogic.gdx.graphics.g2d.SpriteBatch::draw (165 bytes)
Event: 14.120 Thread 0x0000021ac5c2d800 nmethod 1489 0x0000021aac03e510 code [0x0000021aac03e7a0, 0x0000021aac03f8a0]
Event: 14.614 Thread 0x0000021ac5c2d800 1490       4       com.badlogic.gdx.scenes.scene2d.Actor::hit (61 bytes)
Event: 14.614 Thread 0x0000021ac5c2d800 nmethod 1490 0x0000021aac040a10 code [0x0000021aac040be0, 0x0000021aac040cd8]
Event: 14.614 Thread 0x0000021ac5c2d800 1491   !   4       com.badlogic.gdx.scenes.scene2d.Actor::act (188 bytes)
Event: 14.615 Thread 0x0000021ac5c2d800 nmethod 1491 0x0000021aac040d90 code [0x0000021aac040f20, 0x0000021aac040fb8]
Event: 15.648 Thread 0x0000021ac5c2f000 1492       3       com.badlogic.gdx.scenes.scene2d.Actor::hit (61 bytes)
Event: 15.648 Thread 0x0000021ac5c2f000 nmethod 1492 0x0000021aa4e39610 code [0x0000021aa4e397e0, 0x0000021aa4e39c18]
Event: 15.831 Thread 0x0000021ac5c2d800 1493       4       java.nio.ByteBuffer::flip (7 bytes)
Event: 15.831 Thread 0x0000021ac5c2d800 nmethod 1493 0x0000021aac041090 code [0x0000021aac041220, 0x0000021aac041298]
Event: 15.914 Thread 0x0000021ac5c2d800 1494   !   4       org.lwjgl.opengl.Display::isFullscreen (34 bytes)
Event: 15.915 Thread 0x0000021ac5c2d800 nmethod 1494 0x0000021aac041390 code [0x0000021aac041540, 0x0000021aac041778]
Event: 15.932 Thread 0x0000021ac5c2f000 1495       3       com.badlogic.gdx.utils.ObjectMap$MapIterator::findNextIndex (47 bytes)
Event: 15.932 Thread 0x0000021ac5c2f000 nmethod 1495 0x0000021aa4e39c90 code [0x0000021aa4e39e40, 0x0000021aa4e3a098]

GC Heap History (0 events):
No events

Deoptimization events (20 events):
Event: 15.499 Thread 0x0000021acb65e000 Uncommon trap: trap_request=0xffffff4d fr.pc=0x0000021aac040cb8 relative=0x00000000000000d8
Event: 15.499 Thread 0x0000021acb65e000 Uncommon trap: reason=unstable_if action=reinterpret pc=0x0000021aac040cb8 method=com.badlogic.gdx.scenes.scene2d.Actor.hit(FFZ)Lcom/badlogic/gdx/scenes/scene2d/Actor; @ 28 c2
Event: 15.499 Thread 0x0000021acb65e000 DEOPT PACKING pc=0x0000021aac040cb8 sp=0x00000086863feec0
Event: 15.499 Thread 0x0000021acb65e000 DEOPT UNPACKING pc=0x0000021aa447a1af sp=0x00000086863fee40 mode 2
Event: 15.850 Thread 0x0000021acb65e000 Uncommon trap: trap_request=0xffffff4d fr.pc=0x0000021aac03ab04 relative=0x0000000000000064
Event: 15.850 Thread 0x0000021acb65e000 Uncommon trap: reason=unstable_if action=reinterpret pc=0x0000021aac03ab04 method=com.badlogic.gdx.scenes.scene2d.utils.ClickListener.isVisualPressed()Z @ 4 c2
Event: 15.850 Thread 0x0000021acb65e000 DEOPT PACKING pc=0x0000021aac03ab04 sp=0x00000086863fed20
Event: 15.850 Thread 0x0000021acb65e000 DEOPT UNPACKING pc=0x0000021aa447a1af sp=0x00000086863fecb8 mode 2
Event: 15.850 Thread 0x0000021acb65e000 Uncommon trap: trap_request=0xffffff4d fr.pc=0x0000021aac03b248 relative=0x0000000000000108
Event: 15.850 Thread 0x0000021acb65e000 Uncommon trap: reason=unstable_if action=reinterpret pc=0x0000021aac03b248 method=com.badlogic.gdx.scenes.scene2d.ui.WidgetGroup.validate()V @ 105 c2
Event: 15.850 Thread 0x0000021acb65e000 DEOPT PACKING pc=0x0000021aac03b248 sp=0x00000086863fec00
Event: 15.850 Thread 0x0000021acb65e000 DEOPT UNPACKING pc=0x0000021aa447a1af sp=0x00000086863feb88 mode 2
Event: 15.931 Thread 0x0000021acb65e000 Uncommon trap: trap_request=0xffffff4d fr.pc=0x0000021aac03bdf8 relative=0x0000000000000058
Event: 15.931 Thread 0x0000021acb65e000 Uncommon trap: reason=unstable_if action=reinterpret pc=0x0000021aac03bdf8 method=com.badlogic.gdx.utils.SnapshotArray.modified()V @ 4 c2
Event: 15.931 Thread 0x0000021acb65e000 DEOPT PACKING pc=0x0000021aac03bdf8 sp=0x00000086863ff210
Event: 15.931 Thread 0x0000021acb65e000 DEOPT UNPACKING pc=0x0000021aa447a1af sp=0x00000086863ff1b0 mode 2
Event: 15.932 Thread 0x0000021acb65e000 Uncommon trap: trap_request=0xffffff4d fr.pc=0x0000021aac03d1f8 relative=0x00000000000000d8
Event: 15.932 Thread 0x0000021acb65e000 Uncommon trap: reason=unstable_if action=reinterpret pc=0x0000021aac03d1f8 method=com.badlogic.gdx.utils.SnapshotArray.end()V @ 30 c2
Event: 15.932 Thread 0x0000021acb65e000 DEOPT PACKING pc=0x0000021aac03d1f8 sp=0x00000086863ff260
Event: 15.932 Thread 0x0000021acb65e000 DEOPT UNPACKING pc=0x0000021aa447a1af sp=0x00000086863ff208 mode 2

Classes redefined (0 events):
No events

Internal exceptions (20 events):
Event: 0.139 Thread 0x0000021a9bcfe800 Exception <a 'java/lang/ClassNotFoundException'{0x0000000698f15420}: sun/awt/resources/spi/awtProvider> (0x0000000698f15420) thrown at [./src/hotspot/share/classfile/systemDictionary.cpp, line 231]
Event: 0.171 Thread 0x0000021a9bcfe800 Exception <a 'java/io/FileNotFoundException'{0x0000000698fb1230}> (0x0000000698fb1230) thrown at [./src/hotspot/share/prims/jni.cpp, line 616]
Event: 0.177 Thread 0x0000021a9bcfe800 Exception <a 'java/lang/NoSuchMethodError'{0x0000000698e160e8}: 'java.lang.Object java.lang.invoke.DirectMethodHandle$Holder.invokeStatic(java.lang.Object, java.lang.Object, java.lang.Object, java.lang.Object, java.lang.Object, java.lang.Object, java.lang.Object, java.lang.Object, java.lang.Object, java.lang.Object, java.lang.Object, java.lang.Object, java.lang.Object, java.lang.Object, java.lang.Object)'> (0x0000000698e160e8) thrown at [./src/hotspot/share/interpreter/linkResolver.cpp, line 773]
Event: 0.179 Thread 0x0000021a9bcfe800 Exception <a 'java/lang/NoSuchMethodError'{0x0000000698e23e58}: 'java.lang.Object java.lang.invoke.DirectMethodHandle$Holder.invokeStatic(java.lang.Object, java.lang.Object, java.lang.Object, java.lang.Object, java.lang.Object, java.lang.Object, java.lang.Object, java.lang.Object, java.lang.Object, java.lang.Object, java.lang.Object, java.lang.Object, java.lang.Object, java.lang.Object, java.lang.Object, java.lang.Object)'> (0x0000000698e23e58) thrown at [./src/hotspot/share/interpreter/linkResolver.cpp, l
Event: 0.179 Thread 0x0000021a9bcfe800 Exception <a 'java/lang/NoSuchMethodError'{0x0000000698e31ac8}: 'java.lang.Object java.lang.invoke.DirectMethodHandle$Holder.invokeSpecial(java.lang.Object, java.lang.Object, int, int, java.lang.Object, java.lang.Object, java.lang.Object)'> (0x0000000698e31ac8) thrown at [./src/hotspot/share/interpreter/linkResolver.cpp, line 773]
Event: 0.180 Thread 0x0000021a9bcfe800 Exception <a 'java/lang/NoSuchMethodError'{0x0000000698e35058}: 'java.lang.Object java.lang.invoke.DelegatingMethodHandle$Holder.reinvoke_L(java.lang.Object, int, int, java.lang.Object, java.lang.Object, java.lang.Object)'> (0x0000000698e35058) thrown at [./src/hotspot/share/interpreter/linkResolver.cpp, line 773]
Event: 0.180 Thread 0x0000021a9bcfe800 Exception <a 'java/lang/NoSuchMethodError'{0x0000000698e39138}: 'java.lang.Object java.lang.invoke.DirectMethodHandle$Holder.invokeStatic(java.lang.Object, java.lang.Object, java.lang.Object, java.lang.Object, int)'> (0x0000000698e39138) thrown at [./src/hotspot/share/interpreter/linkResolver.cpp, line 773]
Event: 0.185 Thread 0x0000021a9bcfe800 Exception <a 'java/io/FileNotFoundException'{0x0000000698e9bc90}> (0x0000000698e9bc90) thrown at [./src/hotspot/share/prims/jni.cpp, line 616]
Event: 0.585 Thread 0x0000021ac62ec000 Exception <a 'java/lang/NoSuchMethodError'{0x0000000698d80770}: 'void java.lang.invoke.DirectMethodHandle$Holder.invokeSpecial(java.lang.Object, java.lang.Object)'> (0x0000000698d80770) thrown at [./src/hotspot/share/interpreter/linkResolver.cpp, line 773]
Event: 0.588 Thread 0x0000021a9bcfe800 Exception <a 'java/lang/NoSuchMethodError'{0x0000000698d64140}: 'java.lang.Object java.lang.invoke.DirectMethodHandle$Holder.invokeStatic(java.lang.Object, java.lang.Object, java.lang.Object, java.lang.Object, java.lang.Object, java.lang.Object, java.lang.Object, java.lang.Object, int)'> (0x0000000698d64140) thrown at [./src/hotspot/share/interpreter/linkResolver.cpp, line 773]
Event: 0.590 Thread 0x0000021a9bcfe800 Exception <a 'java/lang/NoSuchMethodError'{0x0000000698df9288}: 'java.lang.Object java.lang.invoke.DirectMethodHandle$Holder.invokeStatic(java.lang.Object, java.lang.Object, java.lang.Object, java.lang.Object, java.lang.Object, java.lang.Object, java.lang.Object, java.lang.Object, int, int)'> (0x0000000698df9288) thrown at [./src/hotspot/share/interpreter/linkResolver.cpp, line 773]
Event: 0.735 Thread 0x0000021a9bcfe800 Exception <a 'java/security/PrivilegedActionException'{0x0000000698bc44d8}> (0x0000000698bc44d8) thrown at [./src/hotspot/share/prims/jvm.cpp, line 1306]
Event: 0.735 Thread 0x0000021a9bcfe800 Exception <a 'java/security/PrivilegedActionException'{0x0000000698bc6c88}> (0x0000000698bc6c88) thrown at [./src/hotspot/share/prims/jvm.cpp, line 1306]
Event: 0.735 Thread 0x0000021a9bcfe800 Exception <a 'java/security/PrivilegedActionException'{0x0000000698bc7c40}> (0x0000000698bc7c40) thrown at [./src/hotspot/share/prims/jvm.cpp, line 1306]
Event: 0.737 Thread 0x0000021a9bcfe800 Exception <a 'java/security/PrivilegedActionException'{0x0000000698bd7a08}> (0x0000000698bd7a08) thrown at [./src/hotspot/share/prims/jvm.cpp, line 1306]
Event: 0.737 Thread 0x0000021a9bcfe800 Exception <a 'java/security/PrivilegedActionException'{0x0000000698bd85c8}> (0x0000000698bd85c8) thrown at [./src/hotspot/share/prims/jvm.cpp, line 1306]
Event: 0.737 Thread 0x0000021a9bcfe800 Exception <a 'java/security/PrivilegedActionException'{0x0000000698bd9148}> (0x0000000698bd9148) thrown at [./src/hotspot/share/prims/jvm.cpp, line 1306]
Event: 1.152 Thread 0x0000021acb65e000 Exception <a 'java/lang/NullPointerException'{0x00000006986ab990}> (0x00000006986ab990) thrown at [./src/hotspot/share/interpreter/linkResolver.cpp, line 1440]
Event: 1.175 Thread 0x0000021acb65e000 Exception <a 'java/lang/ClassNotFoundException'{0x0000000698588478}: sun/util/logging/resources/spi/loggingProvider> (0x0000000698588478) thrown at [./src/hotspot/share/classfile/systemDictionary.cpp, line 231]
Event: 1.256 Thread 0x0000021acb65e000 Exception <a 'java/lang/NoSuchMethodError'{0x00000006981cb890}: 'int java.lang.invoke.DirectMethodHandle$Holder.invokeSpecialIFC(java.lang.Object, java.lang.Object, int)'> (0x00000006981cb890) thrown at [./src/hotspot/share/interpreter/linkResolver.cpp, line 773]

Events (20 events):
Event: 4.464 Thread 0x0000021ad0da8800 Thread exited: 0x0000021ad0da8800
Event: 4.464 Thread 0x0000021ac6092000 Thread exited: 0x0000021ac6092000
Event: 5.515 Loaded shared library C:\Users\victo\AppData\Local\Temp\libgdxvicto\1cecf4f6\lwjgl64.dll
Event: 7.615 Loaded shared library C:\Users\victo\AppData\Local\Temp\libgdxvicto\e1cd32f8\gdx64.dll
Event: 7.667 Loaded shared library C:\Users\victo\AppData\Local\Temp\libgdxvicto\1cecf4f6\lwjgl64.dll
Event: 7.670 Loaded shared library C:\Users\victo\AppData\Local\Temp\libgdxvicto\1cecf4f6\lwjgl64.dll
Event: 7.681 Thread 0x0000021ad0da8800 Thread added: 0x0000021ad0da8800
Event: 7.681 Thread 0x0000021ad0da9000 Thread added: 0x0000021ad0da9000
Event: 7.681 Thread 0x0000021ad1078800 Thread added: 0x0000021ad1078800
Event: 9.348 Thread 0x0000021ad1078800 Thread exited: 0x0000021ad1078800
Event: 9.398 Thread 0x0000021ad0da9000 Thread exited: 0x0000021ad0da9000
Event: 11.164 Thread 0x0000021ad0da8800 Thread exited: 0x0000021ad0da8800
Event: 15.532 loading class com/badlogic/gdx/scenes/scene2d/InputEvent$Type
Event: 15.532 loading class com/badlogic/gdx/scenes/scene2d/InputEvent$Type done
Event: 15.731 loading class com/badlogic/gdx/scenes/scene2d/InputListener$1
Event: 15.731 loading class com/badlogic/gdx/scenes/scene2d/InputListener$1 done
Event: 15.849 loading class com/badlogic/gdx/utils/TimeUtils
Event: 15.849 loading class com/badlogic/gdx/utils/TimeUtils done
Event: 15.931 loading class com/badlogic/gdx/utils/ObjectSet$ObjectSetIterator
Event: 15.931 loading class com/badlogic/gdx/utils/ObjectSet$ObjectSetIterator done


Dynamic libraries:
0x00007ff7ff6a0000 - 0x00007ff7ff6ad000 	C:\Program Files\Eclipse Adoptium\jdk-11.0.13.8-hotspot\bin\javaw.exe
0x00007ffc6f7b0000 - 0x00007ffc6f9a5000 	C:\Windows\SYSTEM32\ntdll.dll
0x00007ffc6d8b0000 - 0x00007ffc6d96e000 	C:\Windows\System32\KERNEL32.DLL
0x00007ffc6d3f0000 - 0x00007ffc6d6b8000 	C:\Windows\System32\KERNELBASE.dll
0x00007ffc6d190000 - 0x00007ffc6d290000 	C:\Windows\System32\ucrtbase.dll
0x00007ffc66ec0000 - 0x00007ffc66ed5000 	C:\Program Files\Eclipse Adoptium\jdk-11.0.13.8-hotspot\bin\VCRUNTIME140.dll
0x00007ffc66f60000 - 0x00007ffc66f77000 	C:\Program Files\Eclipse Adoptium\jdk-11.0.13.8-hotspot\bin\jli.dll
0x00007ffc6f3e0000 - 0x00007ffc6f581000 	C:\Windows\System32\USER32.dll
0x00007ffc6d770000 - 0x00007ffc6d792000 	C:\Windows\System32\win32u.dll
0x00007ffc576b0000 - 0x00007ffc5794a000 	C:\Windows\WinSxS\amd64_microsoft.windows.common-controls_6595b64144ccf1df_6.0.19041.1110_none_60b5254171f9507e\COMCTL32.dll
0x00007ffc6e7a0000 - 0x00007ffc6e7cb000 	C:\Windows\System32\GDI32.dll
0x00007ffc6e8d0000 - 0x00007ffc6e96e000 	C:\Windows\System32\msvcrt.dll
0x00007ffc6d080000 - 0x00007ffc6d18b000 	C:\Windows\System32\gdi32full.dll
0x00007ffc6d290000 - 0x00007ffc6d32d000 	C:\Windows\System32\msvcp_win.dll
0x00007ffc6f340000 - 0x00007ffc6f370000 	C:\Windows\System32\IMM32.DLL
0x00007ffc65a00000 - 0x00007ffc65a9b000 	C:\Program Files\Eclipse Adoptium\jdk-11.0.13.8-hotspot\bin\msvcp140.dll
0x00007ffc16390000 - 0x00007ffc16f0e000 	C:\Program Files\Eclipse Adoptium\jdk-11.0.13.8-hotspot\bin\server\jvm.dll
0x00007ffc6f6c0000 - 0x00007ffc6f76c000 	C:\Windows\System32\ADVAPI32.dll
0x00007ffc6e7d0000 - 0x00007ffc6e86b000 	C:\Windows\System32\sechost.dll
0x00007ffc6eb10000 - 0x00007ffc6ec3a000 	C:\Windows\System32\RPCRT4.dll
0x00007ffc6f330000 - 0x00007ffc6f338000 	C:\Windows\System32\PSAPI.DLL
0x00007ffc5d6a0000 - 0x00007ffc5d6a9000 	C:\Windows\SYSTEM32\WSOCK32.dll
0x00007ffc63df0000 - 0x00007ffc63dfa000 	C:\Windows\SYSTEM32\VERSION.dll
0x00007ffc6e970000 - 0x00007ffc6e9db000 	C:\Windows\System32\WS2_32.dll
0x00007ffc61e40000 - 0x00007ffc61e67000 	C:\Windows\SYSTEM32\WINMM.dll
0x00007ffc6b7a0000 - 0x00007ffc6b7b2000 	C:\Windows\SYSTEM32\kernel.appcore.dll
0x00007ffc5cb10000 - 0x00007ffc5cb20000 	C:\Program Files\Eclipse Adoptium\jdk-11.0.13.8-hotspot\bin\verify.dll
0x00007ffc6ac60000 - 0x00007ffc6ae44000 	C:\Windows\SYSTEM32\DBGHELP.DLL
0x00007ffc58650000 - 0x00007ffc5867c000 	C:\Windows\SYSTEM32\dbgcore.DLL
0x00007ffc6d330000 - 0x00007ffc6d3b3000 	C:\Windows\System32\bcryptPrimitives.dll
0x00007ffc4b470000 - 0x00007ffc4b498000 	C:\Program Files\Eclipse Adoptium\jdk-11.0.13.8-hotspot\bin\java.dll
0x00007ffc5c830000 - 0x00007ffc5c83a000 	C:\Program Files\Eclipse Adoptium\jdk-11.0.13.8-hotspot\bin\jimage.dll
0x00007ffc5b530000 - 0x00007ffc5b547000 	C:\Program Files\Eclipse Adoptium\jdk-11.0.13.8-hotspot\bin\zip.dll
0x00007ffc6db80000 - 0x00007ffc6e2bf000 	C:\Windows\System32\SHELL32.dll
0x00007ffc6ae50000 - 0x00007ffc6b5e0000 	C:\Windows\SYSTEM32\windows.storage.dll
0x00007ffc6e360000 - 0x00007ffc6e6b5000 	C:\Windows\System32\combase.dll
0x00007ffc6c920000 - 0x00007ffc6c94e000 	C:\Windows\SYSTEM32\Wldp.dll
0x00007ffc6d800000 - 0x00007ffc6d8ad000 	C:\Windows\System32\SHCORE.dll
0x00007ffc6f590000 - 0x00007ffc6f5e5000 	C:\Windows\System32\shlwapi.dll
0x00007ffc6ce10000 - 0x00007ffc6ce2f000 	C:\Windows\SYSTEM32\profapi.dll
0x00007ffc56300000 - 0x00007ffc56319000 	C:\Program Files\Eclipse Adoptium\jdk-11.0.13.8-hotspot\bin\net.dll
0x00007ffc5d160000 - 0x00007ffc5d26c000 	C:\Windows\SYSTEM32\WINHTTP.dll
0x00007ffc6c680000 - 0x00007ffc6c6ea000 	C:\Windows\system32\mswsock.dll
0x00007ffc54ec0000 - 0x00007ffc54ed2000 	C:\Program Files\Eclipse Adoptium\jdk-11.0.13.8-hotspot\bin\nio.dll
0x00007ffc42f30000 - 0x00007ffc430ca000 	C:\Program Files\Eclipse Adoptium\jdk-11.0.13.8-hotspot\bin\awt.dll
0x00007ffc6f5f0000 - 0x00007ffc6f6bd000 	C:\Windows\System32\OLEAUT32.dll
0x00007ffc6a300000 - 0x00007ffc6a390000 	C:\Windows\SYSTEM32\apphelp.dll
0x00007ffc6a4e0000 - 0x00007ffc6a57e000 	C:\Windows\system32\uxtheme.dll
0x00007ffc5b550000 - 0x00007ffc5b5cf000 	C:\Program Files\ASUSTeKcomputer.Inc\Sonic Suite 3\Foundation\x64\SS3DevProps.dll
0x00007ffc6f200000 - 0x00007ffc6f32a000 	C:\Windows\System32\ole32.dll
0x00007ffc6f0e0000 - 0x00007ffc6f1f5000 	C:\Windows\System32\MSCTF.dll
0x00007ffc6ea60000 - 0x00007ffc6eb09000 	C:\Windows\System32\clbcatq.dll
0x00007ffc65350000 - 0x00007ffc653d5000 	C:\Windows\System32\MMDevApi.dll
0x00007ffc6cc70000 - 0x00007ffc6cca4000 	C:\Windows\System32\DEVOBJ.dll
0x00007ffc6d030000 - 0x00007ffc6d07e000 	C:\Windows\System32\cfgmgr32.dll
0x00007ffc65560000 - 0x00007ffc656e1000 	C:\Windows\SYSTEM32\AUDIOSES.DLL
0x00007ffc6c440000 - 0x00007ffc6c48b000 	C:\Windows\SYSTEM32\powrprof.dll
0x00007ffc6c300000 - 0x00007ffc6c312000 	C:\Windows\SYSTEM32\UMPDC.dll
0x00007ffc68390000 - 0x00007ffc68486000 	C:\Windows\SYSTEM32\PropSys.dll
0x00007ffc6a7e0000 - 0x00007ffc6a80f000 	C:\Windows\system32\DWMAPI.DLL
0x00007ffc2ddf0000 - 0x00007ffc2df15000 	C:\Windows\system32\opengl32.dll
0x00007ffc5c060000 - 0x00007ffc5c08c000 	C:\Windows\SYSTEM32\GLU32.dll
0x00007ffc3bb00000 - 0x00007ffc3bcce000 	C:\Windows\system32\d3d9.dll
0x00007ffc61e70000 - 0x00007ffc62028000 	C:\Windows\System32\DriverStore\FileRepository\u0373057.inf_amd64_feacdc2548b478a9\B373054\aticfx64.dll
0x00007ffc428b0000 - 0x00007ffc428e4000 	C:\Windows\System32\DriverStore\FileRepository\u0373057.inf_amd64_feacdc2548b478a9\B373054\atiu9p64.dll
0x00007ffc1b940000 - 0x00007ffc1c694000 	C:\Windows\System32\DriverStore\FileRepository\u0373057.inf_amd64_feacdc2548b478a9\B373054\atiumd64.dll
0x0000000054f60000 - 0x0000000055dd5000 	C:\Windows\System32\DriverStore\FileRepository\u0373057.inf_amd64_feacdc2548b478a9\B373054\atiumd6a.dll
0x00007ffc6ec60000 - 0x00007ffc6f0d2000 	C:\Windows\System32\SETUPAPI.dll
0x0000021a9bc60000 - 0x0000021a9bc87000 	C:\Windows\System32\bcrypt.dll
0x00007ffc5e840000 - 0x00007ffc5e870000 	C:\Windows\SYSTEM32\amdihk64.dll
0x00007ffc62410000 - 0x00007ffc6244b000 	C:\Windows\SYSTEM32\dxcore.dll
0x000000006e700000 - 0x000000006e72a000 	C:\Users\victo\AppData\Local\Temp\libgdxvicto\e1cd32f8\gdx64.dll
0x0000000180000000 - 0x0000000180053000 	C:\Users\victo\AppData\Local\Temp\libgdxvicto\1cecf4f6\lwjgl64.dll
0x0000021ac6b30000 - 0x0000021ac6b94000 	C:\Users\victo\AppData\Local\Temp\libgdxvicto\1cecf4f6\OpenAL64.dll
0x00007ffc5da20000 - 0x00007ffc5dabc000 	C:\Windows\SYSTEM32\dsound.dll
0x00007ffc528d0000 - 0x00007ffc528f6000 	C:\Windows\SYSTEM32\winmmbase.dll
0x00007ffc6a5d0000 - 0x00007ffc6a5e4000 	C:\Windows\SYSTEM32\resourcepolicyclient.dll
0x00007ffc64010000 - 0x00007ffc640be000 	C:\Windows\SYSTEM32\mscms.dll
0x00007ffc6cdd0000 - 0x00007ffc6cdfe000 	C:\Windows\SYSTEM32\USERENV.dll
0x00007ffc63ff0000 - 0x00007ffc64001000 	C:\Windows\SYSTEM32\ColorAdapterClient.dll
0x00007ffc621c0000 - 0x00007ffc622b9000 	C:\Windows\SYSTEM32\textinputframework.dll
0x00007ffc69c80000 - 0x00007ffc69fde000 	C:\Windows\System32\CoreUIComponents.dll
0x00007ffc69fe0000 - 0x00007ffc6a0d2000 	C:\Windows\System32\CoreMessaging.dll
0x00007ffc6bbc0000 - 0x00007ffc6bbf3000 	C:\Windows\SYSTEM32\ntmarta.dll
0x00007ffc695b0000 - 0x00007ffc69704000 	C:\Windows\SYSTEM32\wintypes.dll
0x00007ffc674e0000 - 0x00007ffc675d9000 	C:\Windows\System32\AppXDeploymentClient.dll
0x00007ffc554b0000 - 0x00007ffc554dc000 	C:\Windows\System32\DriverStore\FileRepository\u0373057.inf_amd64_feacdc2548b478a9\B373054\atig6pxx.dll
0x00007ffc16f10000 - 0x00007ffc19d53000 	C:\Windows\System32\DriverStore\FileRepository\u0373057.inf_amd64_feacdc2548b478a9\B373054\atio6axx.dll
0x00007ffc5d8b0000 - 0x00007ffc5d8d4000 	C:\Windows\SYSTEM32\dxva2.dll
0x00007ffc46160000 - 0x00007ffc4619f000 	C:\Windows\System32\DriverStore\FileRepository\u0373057.inf_amd64_feacdc2548b478a9\B373054\atig6txx.dll
0x00007ffc269f0000 - 0x00007ffc26bbc000 	C:\Windows\SYSTEM32\atiadlxx.dll
0x00007ffc4ae80000 - 0x00007ffc4aec9000 	C:\Windows\SYSTEM32\pdh.dll
0x00007ffc6d7a0000 - 0x00007ffc6d800000 	C:\Windows\System32\WINTRUST.dll
0x00007ffc6ced0000 - 0x00007ffc6d026000 	C:\Windows\System32\CRYPT32.dll
0x00007ffc6cab0000 - 0x00007ffc6cac2000 	C:\Windows\SYSTEM32\MSASN1.dll
0x00007ffc658b0000 - 0x00007ffc658f3000 	C:\Windows\SYSTEM32\icm32.dll

dbghelp: loaded successfully - version: 4.0.5 - missing functions: none
symbol engine: initialized successfully - sym options: 0x614 - pdb path: .;C:\Program Files\Eclipse Adoptium\jdk-11.0.13.8-hotspot\bin;C:\Windows\SYSTEM32;C:\Windows\WinSxS\amd64_microsoft.windows.common-controls_6595b64144ccf1df_6.0.19041.1110_none_60b5254171f9507e;C:\Program Files\Eclipse Adoptium\jdk-11.0.13.8-hotspot\bin\server;C:\Program Files\ASUSTeKcomputer.Inc\Sonic Suite 3\Foundation\x64;C:\Windows\System32\DriverStore\FileRepository\u0373057.inf_amd64_feacdc2548b478a9\B373054;C:\Users\victo\AppData\Local\Temp\libgdxvicto\e1cd32f8;C:\Users\victo\AppData\Local\Temp\libgdxvicto\1cecf4f6

VM Arguments:
jvm_args: -Dfile.encoding=ISO-8859-1 
java_command: dg.main.desktop.DesktopLauncher
java_class_path (initial): C:\Users\victo\git\Dokdo\desktop\bin\main;C:\Users\victo\git\Dokdo\core\bin\default;C:\Users\victo\git\Dokdo\core\bin\main;C:\Users\victo\.gradle\caches\modules-2\files-2.1\com.badlogicgames.gdx\gdx-tools\1.10.0\d699cf4953fb42a071c7c3feb9b5c45601aa6a4b\gdx-tools-1.10.0.jar;C:\Users\victo\.gradle\caches\modules-2\files-2.1\com.badlogicgames.gdx\gdx-backend-lwjgl\1.10.0\58ff89d9e4fd8a82591367f187d606e781cacc05\gdx-backend-lwjgl-1.10.0.jar;C:\Users\victo\.gradle\caches\modules-2\files-2.1\com.badlogicgames.gdx\gdx-platform\1.10.0\9a8fa793d2fd6d360afc6c9e4c1f5583da263b88\gdx-platform-1.10.0-natives-desktop.jar;C:\Users\victo\.gradle\caches\modules-2\files-2.1\com.badlogicgames.gdx\gdx-box2d-platform\1.10.0\588c4191c5a64ed39365e71484aa37d81c38eb5e\gdx-box2d-platform-1.10.0-natives-desktop.jar;C:\Users\victo\.gradle\caches\modules-2\files-2.1\com.badlogicgames.gdx-controllers\gdx-controllers-desktop\2.1.0\6a40821fd5233d56ef82a78db790784e0d34a340\gdx-controllers-desktop-2.1.0.jar;C:\Users\victo\.gradle\caches\modules-2\files-2.1\com.badlogicgames.gdx\gdx-freetype-platform\1.10.0\6e5d28752759e69384f12e4569d2c884ff71352f\gdx-freetype-platform-1.10.0-natives-desktop.jar;C:\Users\victo\.gradle\caches\modules-2\files-2.1\com.badlogicgames.gdx\gdx-bullet-platform\1.10.0\ce92e8dfc762523d769cbc50853163c03bf98cf1\gdx-bullet-platform-1.10.0-natives-desktop.jar;C:\Users\victo\.gradle\caches\modules-2\files-2.1\com.badlogicgames.gdx\gdx-backend-headless\1.10.0\990eadbb431197c5b9b816d1659c772e0268e65\gdx-backend-headless-1.10.0.jar;C:\Users\victo\.gradle\caches\modules-2\files-2.1\com.badlogicgames.gdx\gdx-freetype\1.10.0\de1d0d5c1e92e8d91364256fd6b7bb279d3e9859\gdx-freetype-1.10.0.jar;C:\Users\victo\.gradle\caches\modules-2\files-2.1\com.badlogicgames.box2dlights\box2dlights\1.5\6902dbcd250c95a27973aa24a147a95b3828d348\box2dlights-1.5.jar;C:\Users\victo\.gradle\caches\modules-2\files-2.1\com.badlogicgames.gdx\gdx-box2d\1.10.0\b3a3c0f00b90716238835434d0ae89
Launcher Type: SUN_STANDARD

[Global flags]
     intx CICompilerCount                          = 12                                        {product} {ergonomic}
     uint ConcGCThreads                            = 3                                         {product} {ergonomic}
     uint G1ConcRefinementThreads                  = 13                                        {product} {ergonomic}
   size_t G1HeapRegionSize                         = 1048576                                   {product} {ergonomic}
    uintx GCDrainStackTargetSize                   = 64                                        {product} {ergonomic}
   size_t InitialHeapSize                          = 402653184                                 {product} {ergonomic}
   size_t MarkStackSize                            = 4194304                                   {product} {ergonomic}
   size_t MaxHeapSize                              = 6423576576                                {product} {ergonomic}
   size_t MaxNewSize                               = 3853516800                                {product} {ergonomic}
   size_t MinHeapDeltaBytes                        = 1048576                                   {product} {ergonomic}
    uintx NonNMethodCodeHeapSize                   = 7594288                                {pd product} {ergonomic}
    uintx NonProfiledCodeHeapSize                  = 122031976                              {pd product} {ergonomic}
    uintx ProfiledCodeHeapSize                     = 122031976                              {pd product} {ergonomic}
    uintx ReservedCodeCacheSize                    = 251658240                              {pd product} {ergonomic}
     bool SegmentedCodeCache                       = true                                      {product} {ergonomic}
     bool UseCompressedClassPointers               = true                                 {lp64_product} {ergonomic}
     bool UseCompressedOops                        = true                                 {lp64_product} {ergonomic}
     bool UseG1GC                                  = true                                      {product} {ergonomic}
     bool UseLargePagesIndividualAllocation        = false                                  {pd product} {ergonomic}

Logging:
Log output configuration:
 #0: stdout all=warning uptime,level,tags
 #1: stderr all=off uptime,level,tags

Environment Variables:
JAVA_HOME=C:\Program Files\Eclipse Adoptium\jdk-11.0.13.8-hotspot\
PATH=C:/Program Files/Eclipse Adoptium/jdk-11.0.13.8-hotspot/bin/client;C:/Program Files/Eclipse Adoptium/jdk-11.0.13.8-hotspot/bin;C:\Program Files\Eclipse Adoptium\jdk-11.0.13.8-hotspot\bin;C:\Windows\system32;C:\Windows;C:\Windows\System32\Wbem;C:\Windows\System32\WindowsPowerShell\v1.0\;C:\Windows\System32\OpenSSH\;C:\Users\victo\AppData\Local\Microsoft\WindowsApps;C:\Trimestre 2 Deusto\jdk-15.0.2;;C:\Trimestre 2 Deusto\eclipse;
USERNAME=victo
OS=Windows_NT
PROCESSOR_IDENTIFIER=AMD64 Family 23 Model 8 Stepping 2, AuthenticAMD



---------------  S Y S T E M  ---------------

OS: Windows 10 , 64 bit Build 19041 (10.0.19041.1348)
OS uptime: 2 days 14:54 hours

CPU:total 16 (initial active 16) (16 cores per cpu, 2 threads per core) family 23 model 8 stepping 2 microcode 0x0, cmov, cx8, fxsr, mmx, sse, sse2, sse3, ssse3, sse4.1, sse4.2, popcnt, avx, avx2, aes, clmul, mmxext, 3dnowpref, lzcnt, sse4a, ht, tsc, tscinvbit, tscinv, bmi1, bmi2, adx, sha, fma

Memory: 4k page, system-wide physical 24501M (18228M free)
TotalPageFile size 28085M (AvailPageFile size 17856M)
current process WorkingSet (physical memory assigned to process): 150M, peak: 155M
current process commit charge ("private bytes"): 627M, peak: 632M

vm_info: OpenJDK 64-Bit Server VM (11.0.13+8) for windows-amd64 JRE (11.0.13+8), built on Oct 19 2021 17:05:59 by "" with unknown MS VC++:1916

END.
