#
# A fatal error has been detected by the Java Runtime Environment:
#
#  EXCEPTION_ACCESS_VIOLATION (0xc0000005) at pc=0x00007ff9ecc77d33, pid=6104, tid=13776
#
# JRE version: OpenJDK Runtime Environment Temurin-11.0.13+8 (11.0.13+8) (build 11.0.13+8)
# Java VM: OpenJDK 64-Bit Server VM Temurin-11.0.13+8 (11.0.13+8, mixed mode, tiered, compressed oops, g1 gc, windows-amd64)
# Problematic frame:
# C  [atio6axx.dll+0xb87d33]
#
# No core dump will be written. Minidumps are not enabled by default on client versions of Windows
#
# If you would like to submit a bug report, please visit:
#   https://github.com/adoptium/adoptium-support/issues
# The crash happened outside the Java Virtual Machine in native code.
# See problematic frame for where to report the bug.
#

---------------  S U M M A R Y ------------

Command Line: -Dfile.encoding=ISO-8859-1 dg.main.desktop.DesktopLauncher

Host: AMD Ryzen 7 2700X Eight-Core Processor         , 16 cores, 23G,  Windows 10 , 64 bit Build 19041 (10.0.19041.1348)
Time: Sat Dec  4 21:27:31 2021 Hora estándar romance elapsed time: 7.300071 seconds (0d 0h 0m 7s)

---------------  T H R E A D  ---------------

Current thread (0x000001e6021fe800):  JavaThread "LWJGL Application" [_thread_in_native, id=13776, stack(0x0000007231d00000,0x0000007231e00000)]

Stack: [0x0000007231d00000,0x0000007231e00000],  sp=0x0000007231dfeb90,  free space=1018k
Native frames: (J=compiled Java code, j=interpreted, Vv=VM code, C=native code)
C  [atio6axx.dll+0xb87d33]

Java frames: (J=compiled Java code, j=interpreted, Vv=VM code)
J 1751  org.lwjgl.opengl.GL11.nglDrawElements(IIIJJ)V (0 bytes) @ 0x000001e66120d026 [0x000001e66120cfc0+0x0000000000000066]
J 1700 c1 org.lwjgl.opengl.GL11.glDrawElements(ILjava/nio/ShortBuffer;)V (38 bytes) @ 0x000001e65a0657f4 [0x000001e65a064fe0+0x0000000000000814]
J 1749 c1 com.badlogic.gdx.backends.lwjgl.LwjglGL20.glDrawElements(IIILjava/nio/Buffer;)V (124 bytes) @ 0x000001e65a07f674 [0x000001e65a07e6c0+0x0000000000000fb4]
J 1678 c1 com.badlogic.gdx.graphics.Mesh.render(Lcom/badlogic/gdx/graphics/glutils/ShaderProgram;IIIZ)V (341 bytes) @ 0x000001e65a05b96c [0x000001e65a05b2e0+0x000000000000068c]
J 1586 c1 com.badlogic.gdx.graphics.g2d.SpriteBatch.flush()V (193 bytes) @ 0x000001e65a01db34 [0x000001e65a01bfa0+0x0000000000001b94]
J 1752 c1 com.badlogic.gdx.graphics.g2d.SpriteBatch.end()V (66 bytes) @ 0x000001e65a0806cc [0x000001e65a0805c0+0x000000000000010c]
j  dg.main.MenuP.render(F)V+46
j  com.badlogic.gdx.Game.render()V+19
j  com.badlogic.gdx.backends.lwjgl.LwjglApplication.mainLoop()V+776
j  com.badlogic.gdx.backends.lwjgl.LwjglApplication$1.run()V+27
v  ~StubRoutines::call_stub

siginfo: EXCEPTION_ACCESS_VIOLATION (0xc0000005), reading address 0x000001e67ce6c150


Register to memory mapping:

RIP=0x00007ff9ecc77d33 atio6axx.dll
RAX=0x0 is NULL
RBX=0x0000000000000006 is an unknown value
RCX=0x000001e602e850a0 points into unknown readable memory: 0x000001e67c3aebd0 | d0 eb 3a 7c e6 01 00 00
RDX=0x0000000000000006 is an unknown value
RSP=0x0000007231dfeb90 is pointing into the stack for thread: 0x000001e6021fe800
RBP=0x0 is NULL
RSI=0x000001e67ce6c150 is an unknown value
RDI=0x0000000000001403 is an unknown value
R8 =0x0000000000001403 is an unknown value
R9 =0x000001e67ce6c150 is an unknown value
R10=0x000001e67ce6c150 is an unknown value
R11=0x0000007231dfec48 is pointing into the stack for thread: 0x000001e6021fe800
R12=0x0 is NULL
R13=0x0000000000000004 is an unknown value
R14=0x000001e602e850a0 points into unknown readable memory: 0x000001e67c3aebd0 | d0 eb 3a 7c e6 01 00 00
R15=0x000001e602ea7f38 points into unknown readable memory: 0x00007ff9ee8ecac8 | c8 ca 8e ee f9 7f 00 00


Registers:
RAX=0x0000000000000000, RBX=0x0000000000000006, RCX=0x000001e602e850a0, RDX=0x0000000000000006
RSP=0x0000007231dfeb90, RBP=0x0000000000000000, RSI=0x000001e67ce6c150, RDI=0x0000000000001403
R8 =0x0000000000001403, R9 =0x000001e67ce6c150, R10=0x000001e67ce6c150, R11=0x0000007231dfec48
R12=0x0000000000000000, R13=0x0000000000000004, R14=0x000001e602e850a0, R15=0x000001e602ea7f38
RIP=0x00007ff9ecc77d33, EFLAGS=0x0000000000010293

Top of Stack: (sp=0x0000007231dfeb90)
0x0000007231dfeb90:   0000000000000000 0000000000000000
0x0000007231dfeba0:   0000000000000000 0000000000000000
0x0000007231dfebb0:   0000000000000000 0000000200000000
0x0000007231dfebc0:   0000000000000004 00007ff9ecc78021
0x0000007231dfebd0:   000001e602ea7c20 000001e67ce6c150
0x0000007231dfebe0:   0000000000000006 0000000000001403
0x0000007231dfebf0:   000001e600000000 0000007231dfec50
0x0000007231dfec00:   0000007231dfec20 000001e602ea7c20
0x0000007231dfec10:   000001e602e850a0 0000000000800000
0x0000007231dfec20:   0000000000000000 0000000000000000
0x0000007231dfec30:   000001e602ea7c20 0000000000001403
0x0000007231dfec40:   000001e602e850a0 00007ff9ecdad4c7
0x0000007231dfec50:   0000007200000000 000001e602e850e0
0x0000007231dfec60:   0000007231dfed29 000001e602e850a0
0x0000007231dfec70:   000001e67ce6c150 000001e600000001
0x0000007231dfec80:   000001e600000000 00007ff900000000 

Instructions: (pc=0x00007ff9ecc77d33)
0x00007ff9ecc77c33:   0f 42 c8 41 8b 42 2c 3b c2 76 04 8b d0 eb 05 3b
0x00007ff9ecc77c43:   c1 0f 42 c8 41 8b 42 28 3b c2 76 04 8b d0 eb 05
0x00007ff9ecc77c53:   3b c1 0f 42 c8 41 8b 42 24 3b c2 76 04 8b d0 eb
0x00007ff9ecc77c63:   05 3b c1 0f 42 c8 41 8b 42 20 3b c2 76 04 8b d0
0x00007ff9ecc77c73:   eb 05 3b c1 0f 42 c8 41 8b 42 1c 3b c2 76 04 8b
0x00007ff9ecc77c83:   d0 eb 05 3b c1 0f 42 c8 41 8b 42 18 3b c2 76 04
0x00007ff9ecc77c93:   8b d0 eb 05 3b c1 0f 42 c8 41 8b 42 14 3b c2 76
0x00007ff9ecc77ca3:   04 8b d0 eb 05 3b c1 0f 42 c8 41 8b 42 10 3b c2
0x00007ff9ecc77cb3:   76 04 8b d0 eb 05 3b c1 0f 42 c8 41 8b 42 0c 3b
0x00007ff9ecc77cc3:   c2 76 04 8b d0 eb 05 3b c1 0f 42 c8 41 8b 42 08
0x00007ff9ecc77cd3:   3b c2 76 04 8b d0 eb 05 3b c1 0f 42 c8 41 8b 42
0x00007ff9ecc77ce3:   04 3b c2 76 15 8b d0 48 8b 44 24 68 89 08 48 8b
0x00007ff9ecc77cf3:   44 24 70 89 10 e9 fe 01 00 00 3b c1 0f 42 c8 48
0x00007ff9ecc77d03:   8b 44 24 68 89 08 48 8b 44 24 70 89 10 e9 e6 01
0x00007ff9ecc77d13:   00 00 83 fb 0f 76 19 4c 8b 4c 24 70 49 8b d2 4c
0x00007ff9ecc77d23:   8b 44 24 68 8b cb e8 b2 a8 ef ff e9 c8 01 00 00
0x00007ff9ecc77d33:   41 0f b7 12 83 c3 fe 0f b7 ca 83 fb 0d 0f 87 52
0x00007ff9ecc77d43:   01 00 00 4c 8d 05 b3 82 47 ff 41 8b 84 98 60 7f
0x00007ff9ecc77d53:   b8 00 49 03 c0 ff e0 41 0f b7 42 1c 66 3b c2 76
0x00007ff9ecc77d63:   05 0f b7 d0 eb 04 66 0f 42 c8 41 0f b7 42 1a 66
0x00007ff9ecc77d73:   3b c2 76 05 0f b7 d0 eb 07 66 3b c1 66 0f 42 c8
0x00007ff9ecc77d83:   41 0f b7 42 18 66 3b c2 76 05 0f b7 d0 eb 07 66
0x00007ff9ecc77d93:   3b c1 66 0f 42 c8 41 0f b7 42 16 66 3b c2 76 05
0x00007ff9ecc77da3:   0f b7 d0 eb 07 66 3b c1 66 0f 42 c8 41 0f b7 42
0x00007ff9ecc77db3:   14 66 3b c2 76 05 0f b7 d0 eb 07 66 3b c1 66 0f
0x00007ff9ecc77dc3:   42 c8 41 0f b7 42 12 66 3b c2 76 05 0f b7 d0 eb
0x00007ff9ecc77dd3:   07 66 3b c1 66 0f 42 c8 41 0f b7 42 10 66 3b c2
0x00007ff9ecc77de3:   76 05 0f b7 d0 eb 07 66 3b c1 66 0f 42 c8 41 0f
0x00007ff9ecc77df3:   b7 42 0e 66 3b c2 76 05 0f b7 d0 eb 07 66 3b c1
0x00007ff9ecc77e03:   66 0f 42 c8 41 0f b7 42 0c 66 3b c2 76 05 0f b7
0x00007ff9ecc77e13:   d0 eb 07 66 3b c1 66 0f 42 c8 41 0f b7 42 0a 66
0x00007ff9ecc77e23:   3b c2 76 05 0f b7 d0 eb 07 66 3b c1 66 0f 42 c8 


Stack slot to memory mapping:
stack at sp + 0 slots: 0x0 is NULL
stack at sp + 1 slots: 0x0 is NULL
stack at sp + 2 slots: 0x0 is NULL
stack at sp + 3 slots: 0x0 is NULL
stack at sp + 4 slots: 0x0 is NULL
stack at sp + 5 slots: 0x0000000200000000 is an unknown value
stack at sp + 6 slots: 0x0000000000000004 is an unknown value
stack at sp + 7 slots: 0x00007ff9ecc78021 atio6axx.dll


---------------  P R O C E S S  ---------------

Threads class SMR info:
_java_thread_list=0x000001e60294c610, length=17, elements={
0x000001e67a606000, 0x000001e67a618000, 0x000001e67a670800, 0x000001e67a671800,
0x000001e67a672800, 0x000001e67a67c800, 0x000001e67a688800, 0x000001e67a694800,
0x000001e67a7d6800, 0x000001e67b1d5800, 0x000001e67b8a5000, 0x000001e67b88e800,
0x000001e67b7b9000, 0x000001e67b8a6800, 0x000001e6021fe800, 0x000001e67bf40800,
0x000001e60769a000
}

Java Threads: ( => current thread )
  0x000001e67a606000 JavaThread "Reference Handler" daemon [_thread_blocked, id=10172, stack(0x000000722f600000,0x000000722f700000)]
  0x000001e67a618000 JavaThread "Finalizer" daemon [_thread_blocked, id=15172, stack(0x000000722f700000,0x000000722f800000)]
  0x000001e67a670800 JavaThread "Signal Dispatcher" daemon [_thread_blocked, id=3816, stack(0x000000722f800000,0x000000722f900000)]
  0x000001e67a671800 JavaThread "Attach Listener" daemon [_thread_blocked, id=3232, stack(0x000000722f900000,0x000000722fa00000)]
  0x000001e67a672800 JavaThread "Service Thread" daemon [_thread_blocked, id=4888, stack(0x000000722fa00000,0x000000722fb00000)]
  0x000001e67a67c800 JavaThread "C2 CompilerThread0" daemon [_thread_blocked, id=4004, stack(0x000000722fb00000,0x000000722fc00000)]
  0x000001e67a688800 JavaThread "C1 CompilerThread0" daemon [_thread_blocked, id=13264, stack(0x000000722fc00000,0x000000722fd00000)]
  0x000001e67a694800 JavaThread "Sweeper thread" daemon [_thread_blocked, id=10420, stack(0x000000722fd00000,0x000000722fe00000)]
  0x000001e67a7d6800 JavaThread "C1 CompilerThread1" daemon [_thread_blocked, id=736, stack(0x000000722fe00000,0x000000722ff00000)]
  0x000001e67b1d5800 JavaThread "Common-Cleaner" daemon [_thread_blocked, id=7240, stack(0x0000007230000000,0x0000007230100000)]
  0x000001e67b8a5000 JavaThread "C1 CompilerThread2" daemon [_thread_blocked, id=11060, stack(0x0000007230100000,0x0000007230200000)]
  0x000001e67b88e800 JavaThread "C1 CompilerThread3" daemon [_thread_blocked, id=5324, stack(0x0000007230200000,0x0000007230300000)]
  0x000001e67b7b9000 JavaThread "Java2D Disposer" daemon [_thread_blocked, id=15596, stack(0x0000007230500000,0x0000007230600000)]
  0x000001e67b8a6800 JavaThread "AWT-Windows" daemon [_thread_in_native, id=3784, stack(0x0000007230700000,0x0000007230800000)]
=>0x000001e6021fe800 JavaThread "LWJGL Application" [_thread_in_native, id=13776, stack(0x0000007231d00000,0x0000007231e00000)]
  0x000001e67bf40800 JavaThread "DestroyJavaVM" [_thread_blocked, id=4176, stack(0x000000722ef00000,0x000000722f000000)]
  0x000001e60769a000 JavaThread "LWJGL Timer" daemon [_thread_blocked, id=14168, stack(0x0000007232600000,0x0000007232700000)]

Other Threads:
  0x000001e67a5c5000 VMThread "VM Thread" [stack: 0x000000722f500000,0x000000722f600000] [id=6968]
  0x000001e67b1c2800 WatcherThread [stack: 0x000000722ff00000,0x0000007230000000] [id=9532]
  0x000001e650f09000 GCTaskThread "GC Thread#0" [stack: 0x000000722f000000,0x000000722f100000] [id=14144]
  0x000001e60757f800 GCTaskThread "GC Thread#1" [stack: 0x0000007231e00000,0x0000007231f00000] [id=11340]
  0x000001e607580800 GCTaskThread "GC Thread#2" [stack: 0x0000007231f00000,0x0000007232000000] [id=8640]
  0x000001e60757e000 GCTaskThread "GC Thread#3" [stack: 0x0000007232000000,0x0000007232100000] [id=4112]
  0x000001e602b6f000 GCTaskThread "GC Thread#4" [stack: 0x0000007232100000,0x0000007232200000] [id=6748]
  0x000001e602b70000 GCTaskThread "GC Thread#5" [stack: 0x0000007232200000,0x0000007232300000] [id=14032]
  0x000001e602b7c000 GCTaskThread "GC Thread#6" [stack: 0x0000007232300000,0x0000007232400000] [id=2164]
  0x000001e602b7c800 GCTaskThread "GC Thread#7" [stack: 0x0000007232400000,0x0000007232500000] [id=15544]
  0x000001e602b7d000 GCTaskThread "GC Thread#8" [stack: 0x0000007232500000,0x0000007232600000] [id=5304]
  0x000001e650f6d000 ConcurrentGCThread "G1 Main Marker" [stack: 0x000000722f100000,0x000000722f200000] [id=15560]
  0x000001e677437000 ConcurrentGCThread "G1 Conc#0" [stack: 0x000000722f200000,0x000000722f300000] [id=3716]
  0x000001e67760d000 ConcurrentGCThread "G1 Refine#0" [stack: 0x000000722f300000,0x000000722f400000] [id=5500]
  0x000001e67760e000 ConcurrentGCThread "G1 Young RemSet Sampling" [stack: 0x000000722f400000,0x000000722f500000] [id=15492]

Threads with active compile tasks:

VM state:not at safepoint (normal execution)

VM Mutex/Monitor currently owned by a thread: None

Heap address: 0x0000000681200000, size: 6126 MB, Compressed Oops mode: Zero based, Oop shift amount: 3
Narrow klass base: 0x0000000800000000, Narrow klass shift: 0
Compressed class space size: 1073741824 Address: 0x0000000800000000

Heap:
 garbage-first heap   total 393216K, used 7479K [0x0000000681200000, 0x0000000800000000)
  region size 1024K, 7 young (7168K), 3 survivors (3072K)
 Metaspace       used 17757K, capacity 18153K, committed 18432K, reserved 1067008K
  class space    used 1578K, capacity 1746K, committed 1792K, reserved 1048576K
Heap Regions: E=young(eden), S=young(survivor), O=old, HS=humongous(starts), HC=humongous(continues), CS=collection set, F=free, A=archive, TAMS=top-at-mark-start (previous, next)
|   0|0x0000000681200000, 0x0000000681300000, 0x0000000681300000|100%| O|  |TAMS 0x0000000681200000, 0x0000000681200000| Untracked 
|   1|0x0000000681300000, 0x000000068134de00, 0x0000000681400000| 30%| O|  |TAMS 0x0000000681300000, 0x0000000681300000| Untracked 
|   2|0x0000000681400000, 0x0000000681400000, 0x0000000681500000|  0%| F|  |TAMS 0x0000000681400000, 0x0000000681400000| Untracked 
|   3|0x0000000681500000, 0x0000000681500000, 0x0000000681600000|  0%| F|  |TAMS 0x0000000681500000, 0x0000000681500000| Untracked 
|   4|0x0000000681600000, 0x0000000681600000, 0x0000000681700000|  0%| F|  |TAMS 0x0000000681600000, 0x0000000681600000| Untracked 
|   5|0x0000000681700000, 0x0000000681700000, 0x0000000681800000|  0%| F|  |TAMS 0x0000000681700000, 0x0000000681700000| Untracked 
|   6|0x0000000681800000, 0x0000000681800000, 0x0000000681900000|  0%| F|  |TAMS 0x0000000681800000, 0x0000000681800000| Untracked 
|   7|0x0000000681900000, 0x0000000681900000, 0x0000000681a00000|  0%| F|  |TAMS 0x0000000681900000, 0x0000000681900000| Untracked 
|   8|0x0000000681a00000, 0x0000000681a00000, 0x0000000681b00000|  0%| F|  |TAMS 0x0000000681a00000, 0x0000000681a00000| Untracked 
|   9|0x0000000681b00000, 0x0000000681b00000, 0x0000000681c00000|  0%| F|  |TAMS 0x0000000681b00000, 0x0000000681b00000| Untracked 
|  10|0x0000000681c00000, 0x0000000681c00000, 0x0000000681d00000|  0%| F|  |TAMS 0x0000000681c00000, 0x0000000681c00000| Untracked 
|  11|0x0000000681d00000, 0x0000000681d00000, 0x0000000681e00000|  0%| F|  |TAMS 0x0000000681d00000, 0x0000000681d00000| Untracked 
|  12|0x0000000681e00000, 0x0000000681e00000, 0x0000000681f00000|  0%| F|  |TAMS 0x0000000681e00000, 0x0000000681e00000| Untracked 
|  13|0x0000000681f00000, 0x0000000681f00000, 0x0000000682000000|  0%| F|  |TAMS 0x0000000681f00000, 0x0000000681f00000| Untracked 
|  14|0x0000000682000000, 0x0000000682000000, 0x0000000682100000|  0%| F|  |TAMS 0x0000000682000000, 0x0000000682000000| Untracked 
|  15|0x0000000682100000, 0x0000000682100000, 0x0000000682200000|  0%| F|  |TAMS 0x0000000682100000, 0x0000000682100000| Untracked 
|  16|0x0000000682200000, 0x0000000682200000, 0x0000000682300000|  0%| F|  |TAMS 0x0000000682200000, 0x0000000682200000| Untracked 
|  17|0x0000000682300000, 0x0000000682300000, 0x0000000682400000|  0%| F|  |TAMS 0x0000000682300000, 0x0000000682300000| Untracked 
|  18|0x0000000682400000, 0x0000000682400000, 0x0000000682500000|  0%| F|  |TAMS 0x0000000682400000, 0x0000000682400000| Untracked 
|  19|0x0000000682500000, 0x0000000682500000, 0x0000000682600000|  0%| F|  |TAMS 0x0000000682500000, 0x0000000682500000| Untracked 
|  20|0x0000000682600000, 0x0000000682600000, 0x0000000682700000|  0%| F|  |TAMS 0x0000000682600000, 0x0000000682600000| Untracked 
|  21|0x0000000682700000, 0x0000000682700000, 0x0000000682800000|  0%| F|  |TAMS 0x0000000682700000, 0x0000000682700000| Untracked 
|  22|0x0000000682800000, 0x0000000682800000, 0x0000000682900000|  0%| F|  |TAMS 0x0000000682800000, 0x0000000682800000| Untracked 
|  23|0x0000000682900000, 0x0000000682900000, 0x0000000682a00000|  0%| F|  |TAMS 0x0000000682900000, 0x0000000682900000| Untracked 
|  24|0x0000000682a00000, 0x0000000682a00000, 0x0000000682b00000|  0%| F|  |TAMS 0x0000000682a00000, 0x0000000682a00000| Untracked 
|  25|0x0000000682b00000, 0x0000000682b00000, 0x0000000682c00000|  0%| F|  |TAMS 0x0000000682b00000, 0x0000000682b00000| Untracked 
|  26|0x0000000682c00000, 0x0000000682c00000, 0x0000000682d00000|  0%| F|  |TAMS 0x0000000682c00000, 0x0000000682c00000| Untracked 
|  27|0x0000000682d00000, 0x0000000682d00000, 0x0000000682e00000|  0%| F|  |TAMS 0x0000000682d00000, 0x0000000682d00000| Untracked 
|  28|0x0000000682e00000, 0x0000000682e00000, 0x0000000682f00000|  0%| F|  |TAMS 0x0000000682e00000, 0x0000000682e00000| Untracked 
|  29|0x0000000682f00000, 0x0000000682f00000, 0x0000000683000000|  0%| F|  |TAMS 0x0000000682f00000, 0x0000000682f00000| Untracked 
|  30|0x0000000683000000, 0x0000000683000000, 0x0000000683100000|  0%| F|  |TAMS 0x0000000683000000, 0x0000000683000000| Untracked 
|  31|0x0000000683100000, 0x0000000683100000, 0x0000000683200000|  0%| F|  |TAMS 0x0000000683100000, 0x0000000683100000| Untracked 
|  32|0x0000000683200000, 0x0000000683200000, 0x0000000683300000|  0%| F|  |TAMS 0x0000000683200000, 0x0000000683200000| Untracked 
|  33|0x0000000683300000, 0x0000000683300000, 0x0000000683400000|  0%| F|  |TAMS 0x0000000683300000, 0x0000000683300000| Untracked 
|  34|0x0000000683400000, 0x0000000683400000, 0x0000000683500000|  0%| F|  |TAMS 0x0000000683400000, 0x0000000683400000| Untracked 
|  35|0x0000000683500000, 0x0000000683500000, 0x0000000683600000|  0%| F|  |TAMS 0x0000000683500000, 0x0000000683500000| Untracked 
|  36|0x0000000683600000, 0x0000000683600000, 0x0000000683700000|  0%| F|  |TAMS 0x0000000683600000, 0x0000000683600000| Untracked 
|  37|0x0000000683700000, 0x0000000683700000, 0x0000000683800000|  0%| F|  |TAMS 0x0000000683700000, 0x0000000683700000| Untracked 
|  38|0x0000000683800000, 0x0000000683800000, 0x0000000683900000|  0%| F|  |TAMS 0x0000000683800000, 0x0000000683800000| Untracked 
|  39|0x0000000683900000, 0x0000000683900000, 0x0000000683a00000|  0%| F|  |TAMS 0x0000000683900000, 0x0000000683900000| Untracked 
|  40|0x0000000683a00000, 0x0000000683a00000, 0x0000000683b00000|  0%| F|  |TAMS 0x0000000683a00000, 0x0000000683a00000| Untracked 
|  41|0x0000000683b00000, 0x0000000683b00000, 0x0000000683c00000|  0%| F|  |TAMS 0x0000000683b00000, 0x0000000683b00000| Untracked 
|  42|0x0000000683c00000, 0x0000000683c00000, 0x0000000683d00000|  0%| F|  |TAMS 0x0000000683c00000, 0x0000000683c00000| Untracked 
|  43|0x0000000683d00000, 0x0000000683d00000, 0x0000000683e00000|  0%| F|  |TAMS 0x0000000683d00000, 0x0000000683d00000| Untracked 
|  44|0x0000000683e00000, 0x0000000683e00000, 0x0000000683f00000|  0%| F|  |TAMS 0x0000000683e00000, 0x0000000683e00000| Untracked 
|  45|0x0000000683f00000, 0x0000000683f00000, 0x0000000684000000|  0%| F|  |TAMS 0x0000000683f00000, 0x0000000683f00000| Untracked 
|  46|0x0000000684000000, 0x0000000684000000, 0x0000000684100000|  0%| F|  |TAMS 0x0000000684000000, 0x0000000684000000| Untracked 
|  47|0x0000000684100000, 0x0000000684100000, 0x0000000684200000|  0%| F|  |TAMS 0x0000000684100000, 0x0000000684100000| Untracked 
|  48|0x0000000684200000, 0x0000000684200000, 0x0000000684300000|  0%| F|  |TAMS 0x0000000684200000, 0x0000000684200000| Untracked 
|  49|0x0000000684300000, 0x0000000684300000, 0x0000000684400000|  0%| F|  |TAMS 0x0000000684300000, 0x0000000684300000| Untracked 
|  50|0x0000000684400000, 0x0000000684400000, 0x0000000684500000|  0%| F|  |TAMS 0x0000000684400000, 0x0000000684400000| Untracked 
|  51|0x0000000684500000, 0x0000000684500000, 0x0000000684600000|  0%| F|  |TAMS 0x0000000684500000, 0x0000000684500000| Untracked 
|  52|0x0000000684600000, 0x0000000684600000, 0x0000000684700000|  0%| F|  |TAMS 0x0000000684600000, 0x0000000684600000| Untracked 
|  53|0x0000000684700000, 0x0000000684700000, 0x0000000684800000|  0%| F|  |TAMS 0x0000000684700000, 0x0000000684700000| Untracked 
|  54|0x0000000684800000, 0x0000000684800000, 0x0000000684900000|  0%| F|  |TAMS 0x0000000684800000, 0x0000000684800000| Untracked 
|  55|0x0000000684900000, 0x0000000684900000, 0x0000000684a00000|  0%| F|  |TAMS 0x0000000684900000, 0x0000000684900000| Untracked 
|  56|0x0000000684a00000, 0x0000000684a00000, 0x0000000684b00000|  0%| F|  |TAMS 0x0000000684a00000, 0x0000000684a00000| Untracked 
|  57|0x0000000684b00000, 0x0000000684b00000, 0x0000000684c00000|  0%| F|  |TAMS 0x0000000684b00000, 0x0000000684b00000| Untracked 
|  58|0x0000000684c00000, 0x0000000684c00000, 0x0000000684d00000|  0%| F|  |TAMS 0x0000000684c00000, 0x0000000684c00000| Untracked 
|  59|0x0000000684d00000, 0x0000000684d00000, 0x0000000684e00000|  0%| F|  |TAMS 0x0000000684d00000, 0x0000000684d00000| Untracked 
|  60|0x0000000684e00000, 0x0000000684e00000, 0x0000000684f00000|  0%| F|  |TAMS 0x0000000684e00000, 0x0000000684e00000| Untracked 
|  61|0x0000000684f00000, 0x0000000684f00000, 0x0000000685000000|  0%| F|  |TAMS 0x0000000684f00000, 0x0000000684f00000| Untracked 
|  62|0x0000000685000000, 0x0000000685000000, 0x0000000685100000|  0%| F|  |TAMS 0x0000000685000000, 0x0000000685000000| Untracked 
|  63|0x0000000685100000, 0x0000000685100000, 0x0000000685200000|  0%| F|  |TAMS 0x0000000685100000, 0x0000000685100000| Untracked 
|  64|0x0000000685200000, 0x0000000685200000, 0x0000000685300000|  0%| F|  |TAMS 0x0000000685200000, 0x0000000685200000| Untracked 
|  65|0x0000000685300000, 0x0000000685300000, 0x0000000685400000|  0%| F|  |TAMS 0x0000000685300000, 0x0000000685300000| Untracked 
|  66|0x0000000685400000, 0x0000000685400000, 0x0000000685500000|  0%| F|  |TAMS 0x0000000685400000, 0x0000000685400000| Untracked 
|  67|0x0000000685500000, 0x0000000685500000, 0x0000000685600000|  0%| F|  |TAMS 0x0000000685500000, 0x0000000685500000| Untracked 
|  68|0x0000000685600000, 0x0000000685600000, 0x0000000685700000|  0%| F|  |TAMS 0x0000000685600000, 0x0000000685600000| Untracked 
|  69|0x0000000685700000, 0x0000000685700000, 0x0000000685800000|  0%| F|  |TAMS 0x0000000685700000, 0x0000000685700000| Untracked 
|  70|0x0000000685800000, 0x0000000685800000, 0x0000000685900000|  0%| F|  |TAMS 0x0000000685800000, 0x0000000685800000| Untracked 
|  71|0x0000000685900000, 0x0000000685900000, 0x0000000685a00000|  0%| F|  |TAMS 0x0000000685900000, 0x0000000685900000| Untracked 
|  72|0x0000000685a00000, 0x0000000685a00000, 0x0000000685b00000|  0%| F|  |TAMS 0x0000000685a00000, 0x0000000685a00000| Untracked 
|  73|0x0000000685b00000, 0x0000000685b00000, 0x0000000685c00000|  0%| F|  |TAMS 0x0000000685b00000, 0x0000000685b00000| Untracked 
|  74|0x0000000685c00000, 0x0000000685c00000, 0x0000000685d00000|  0%| F|  |TAMS 0x0000000685c00000, 0x0000000685c00000| Untracked 
|  75|0x0000000685d00000, 0x0000000685d00000, 0x0000000685e00000|  0%| F|  |TAMS 0x0000000685d00000, 0x0000000685d00000| Untracked 
|  76|0x0000000685e00000, 0x0000000685e00000, 0x0000000685f00000|  0%| F|  |TAMS 0x0000000685e00000, 0x0000000685e00000| Untracked 
|  77|0x0000000685f00000, 0x0000000685f00000, 0x0000000686000000|  0%| F|  |TAMS 0x0000000685f00000, 0x0000000685f00000| Untracked 
|  78|0x0000000686000000, 0x0000000686000000, 0x0000000686100000|  0%| F|  |TAMS 0x0000000686000000, 0x0000000686000000| Untracked 
|  79|0x0000000686100000, 0x0000000686100000, 0x0000000686200000|  0%| F|  |TAMS 0x0000000686100000, 0x0000000686100000| Untracked 
|  80|0x0000000686200000, 0x0000000686200000, 0x0000000686300000|  0%| F|  |TAMS 0x0000000686200000, 0x0000000686200000| Untracked 
|  81|0x0000000686300000, 0x0000000686300000, 0x0000000686400000|  0%| F|  |TAMS 0x0000000686300000, 0x0000000686300000| Untracked 
|  82|0x0000000686400000, 0x0000000686400000, 0x0000000686500000|  0%| F|  |TAMS 0x0000000686400000, 0x0000000686400000| Untracked 
|  83|0x0000000686500000, 0x0000000686500000, 0x0000000686600000|  0%| F|  |TAMS 0x0000000686500000, 0x0000000686500000| Untracked 
|  84|0x0000000686600000, 0x0000000686600000, 0x0000000686700000|  0%| F|  |TAMS 0x0000000686600000, 0x0000000686600000| Untracked 
|  85|0x0000000686700000, 0x0000000686700000, 0x0000000686800000|  0%| F|  |TAMS 0x0000000686700000, 0x0000000686700000| Untracked 
|  86|0x0000000686800000, 0x0000000686800000, 0x0000000686900000|  0%| F|  |TAMS 0x0000000686800000, 0x0000000686800000| Untracked 
|  87|0x0000000686900000, 0x0000000686900000, 0x0000000686a00000|  0%| F|  |TAMS 0x0000000686900000, 0x0000000686900000| Untracked 
|  88|0x0000000686a00000, 0x0000000686a00000, 0x0000000686b00000|  0%| F|  |TAMS 0x0000000686a00000, 0x0000000686a00000| Untracked 
|  89|0x0000000686b00000, 0x0000000686b00000, 0x0000000686c00000|  0%| F|  |TAMS 0x0000000686b00000, 0x0000000686b00000| Untracked 
|  90|0x0000000686c00000, 0x0000000686c00000, 0x0000000686d00000|  0%| F|  |TAMS 0x0000000686c00000, 0x0000000686c00000| Untracked 
|  91|0x0000000686d00000, 0x0000000686d00000, 0x0000000686e00000|  0%| F|  |TAMS 0x0000000686d00000, 0x0000000686d00000| Untracked 
|  92|0x0000000686e00000, 0x0000000686e00000, 0x0000000686f00000|  0%| F|  |TAMS 0x0000000686e00000, 0x0000000686e00000| Untracked 
|  93|0x0000000686f00000, 0x0000000686f00000, 0x0000000687000000|  0%| F|  |TAMS 0x0000000686f00000, 0x0000000686f00000| Untracked 
|  94|0x0000000687000000, 0x0000000687000000, 0x0000000687100000|  0%| F|  |TAMS 0x0000000687000000, 0x0000000687000000| Untracked 
|  95|0x0000000687100000, 0x0000000687100000, 0x0000000687200000|  0%| F|  |TAMS 0x0000000687100000, 0x0000000687100000| Untracked 
|  96|0x0000000687200000, 0x0000000687200000, 0x0000000687300000|  0%| F|  |TAMS 0x0000000687200000, 0x0000000687200000| Untracked 
|  97|0x0000000687300000, 0x0000000687300000, 0x0000000687400000|  0%| F|  |TAMS 0x0000000687300000, 0x0000000687300000| Untracked 
|  98|0x0000000687400000, 0x0000000687400000, 0x0000000687500000|  0%| F|  |TAMS 0x0000000687400000, 0x0000000687400000| Untracked 
|  99|0x0000000687500000, 0x0000000687500000, 0x0000000687600000|  0%| F|  |TAMS 0x0000000687500000, 0x0000000687500000| Untracked 
| 100|0x0000000687600000, 0x0000000687600000, 0x0000000687700000|  0%| F|  |TAMS 0x0000000687600000, 0x0000000687600000| Untracked 
| 101|0x0000000687700000, 0x0000000687700000, 0x0000000687800000|  0%| F|  |TAMS 0x0000000687700000, 0x0000000687700000| Untracked 
| 102|0x0000000687800000, 0x0000000687800000, 0x0000000687900000|  0%| F|  |TAMS 0x0000000687800000, 0x0000000687800000| Untracked 
| 103|0x0000000687900000, 0x0000000687900000, 0x0000000687a00000|  0%| F|  |TAMS 0x0000000687900000, 0x0000000687900000| Untracked 
| 104|0x0000000687a00000, 0x0000000687a00000, 0x0000000687b00000|  0%| F|  |TAMS 0x0000000687a00000, 0x0000000687a00000| Untracked 
| 105|0x0000000687b00000, 0x0000000687b00000, 0x0000000687c00000|  0%| F|  |TAMS 0x0000000687b00000, 0x0000000687b00000| Untracked 
| 106|0x0000000687c00000, 0x0000000687c00000, 0x0000000687d00000|  0%| F|  |TAMS 0x0000000687c00000, 0x0000000687c00000| Untracked 
| 107|0x0000000687d00000, 0x0000000687d00000, 0x0000000687e00000|  0%| F|  |TAMS 0x0000000687d00000, 0x0000000687d00000| Untracked 
| 108|0x0000000687e00000, 0x0000000687e00000, 0x0000000687f00000|  0%| F|  |TAMS 0x0000000687e00000, 0x0000000687e00000| Untracked 
| 109|0x0000000687f00000, 0x0000000687f00000, 0x0000000688000000|  0%| F|  |TAMS 0x0000000687f00000, 0x0000000687f00000| Untracked 
| 110|0x0000000688000000, 0x0000000688000000, 0x0000000688100000|  0%| F|  |TAMS 0x0000000688000000, 0x0000000688000000| Untracked 
| 111|0x0000000688100000, 0x0000000688100000, 0x0000000688200000|  0%| F|  |TAMS 0x0000000688100000, 0x0000000688100000| Untracked 
| 112|0x0000000688200000, 0x0000000688200000, 0x0000000688300000|  0%| F|  |TAMS 0x0000000688200000, 0x0000000688200000| Untracked 
| 113|0x0000000688300000, 0x0000000688300000, 0x0000000688400000|  0%| F|  |TAMS 0x0000000688300000, 0x0000000688300000| Untracked 
| 114|0x0000000688400000, 0x0000000688400000, 0x0000000688500000|  0%| F|  |TAMS 0x0000000688400000, 0x0000000688400000| Untracked 
| 115|0x0000000688500000, 0x0000000688500000, 0x0000000688600000|  0%| F|  |TAMS 0x0000000688500000, 0x0000000688500000| Untracked 
| 116|0x0000000688600000, 0x0000000688600000, 0x0000000688700000|  0%| F|  |TAMS 0x0000000688600000, 0x0000000688600000| Untracked 
| 117|0x0000000688700000, 0x0000000688700000, 0x0000000688800000|  0%| F|  |TAMS 0x0000000688700000, 0x0000000688700000| Untracked 
| 118|0x0000000688800000, 0x0000000688800000, 0x0000000688900000|  0%| F|  |TAMS 0x0000000688800000, 0x0000000688800000| Untracked 
| 119|0x0000000688900000, 0x0000000688900000, 0x0000000688a00000|  0%| F|  |TAMS 0x0000000688900000, 0x0000000688900000| Untracked 
| 120|0x0000000688a00000, 0x0000000688a00000, 0x0000000688b00000|  0%| F|  |TAMS 0x0000000688a00000, 0x0000000688a00000| Untracked 
| 121|0x0000000688b00000, 0x0000000688b00000, 0x0000000688c00000|  0%| F|  |TAMS 0x0000000688b00000, 0x0000000688b00000| Untracked 
| 122|0x0000000688c00000, 0x0000000688c00000, 0x0000000688d00000|  0%| F|  |TAMS 0x0000000688c00000, 0x0000000688c00000| Untracked 
| 123|0x0000000688d00000, 0x0000000688d00000, 0x0000000688e00000|  0%| F|  |TAMS 0x0000000688d00000, 0x0000000688d00000| Untracked 
| 124|0x0000000688e00000, 0x0000000688e00000, 0x0000000688f00000|  0%| F|  |TAMS 0x0000000688e00000, 0x0000000688e00000| Untracked 
| 125|0x0000000688f00000, 0x0000000688f00000, 0x0000000689000000|  0%| F|  |TAMS 0x0000000688f00000, 0x0000000688f00000| Untracked 
| 126|0x0000000689000000, 0x0000000689000000, 0x0000000689100000|  0%| F|  |TAMS 0x0000000689000000, 0x0000000689000000| Untracked 
| 127|0x0000000689100000, 0x0000000689100000, 0x0000000689200000|  0%| F|  |TAMS 0x0000000689100000, 0x0000000689100000| Untracked 
| 128|0x0000000689200000, 0x0000000689200000, 0x0000000689300000|  0%| F|  |TAMS 0x0000000689200000, 0x0000000689200000| Untracked 
| 129|0x0000000689300000, 0x0000000689300000, 0x0000000689400000|  0%| F|  |TAMS 0x0000000689300000, 0x0000000689300000| Untracked 
| 130|0x0000000689400000, 0x0000000689400000, 0x0000000689500000|  0%| F|  |TAMS 0x0000000689400000, 0x0000000689400000| Untracked 
| 131|0x0000000689500000, 0x0000000689500000, 0x0000000689600000|  0%| F|  |TAMS 0x0000000689500000, 0x0000000689500000| Untracked 
| 132|0x0000000689600000, 0x0000000689600000, 0x0000000689700000|  0%| F|  |TAMS 0x0000000689600000, 0x0000000689600000| Untracked 
| 133|0x0000000689700000, 0x0000000689700000, 0x0000000689800000|  0%| F|  |TAMS 0x0000000689700000, 0x0000000689700000| Untracked 
| 134|0x0000000689800000, 0x0000000689800000, 0x0000000689900000|  0%| F|  |TAMS 0x0000000689800000, 0x0000000689800000| Untracked 
| 135|0x0000000689900000, 0x0000000689900000, 0x0000000689a00000|  0%| F|  |TAMS 0x0000000689900000, 0x0000000689900000| Untracked 
| 136|0x0000000689a00000, 0x0000000689a00000, 0x0000000689b00000|  0%| F|  |TAMS 0x0000000689a00000, 0x0000000689a00000| Untracked 
| 137|0x0000000689b00000, 0x0000000689b00000, 0x0000000689c00000|  0%| F|  |TAMS 0x0000000689b00000, 0x0000000689b00000| Untracked 
| 138|0x0000000689c00000, 0x0000000689c00000, 0x0000000689d00000|  0%| F|  |TAMS 0x0000000689c00000, 0x0000000689c00000| Untracked 
| 139|0x0000000689d00000, 0x0000000689d00000, 0x0000000689e00000|  0%| F|  |TAMS 0x0000000689d00000, 0x0000000689d00000| Untracked 
| 140|0x0000000689e00000, 0x0000000689e00000, 0x0000000689f00000|  0%| F|  |TAMS 0x0000000689e00000, 0x0000000689e00000| Untracked 
| 141|0x0000000689f00000, 0x0000000689f00000, 0x000000068a000000|  0%| F|  |TAMS 0x0000000689f00000, 0x0000000689f00000| Untracked 
| 142|0x000000068a000000, 0x000000068a000000, 0x000000068a100000|  0%| F|  |TAMS 0x000000068a000000, 0x000000068a000000| Untracked 
| 143|0x000000068a100000, 0x000000068a100000, 0x000000068a200000|  0%| F|  |TAMS 0x000000068a100000, 0x000000068a100000| Untracked 
| 144|0x000000068a200000, 0x000000068a200000, 0x000000068a300000|  0%| F|  |TAMS 0x000000068a200000, 0x000000068a200000| Untracked 
| 145|0x000000068a300000, 0x000000068a300000, 0x000000068a400000|  0%| F|  |TAMS 0x000000068a300000, 0x000000068a300000| Untracked 
| 146|0x000000068a400000, 0x000000068a400000, 0x000000068a500000|  0%| F|  |TAMS 0x000000068a400000, 0x000000068a400000| Untracked 
| 147|0x000000068a500000, 0x000000068a500000, 0x000000068a600000|  0%| F|  |TAMS 0x000000068a500000, 0x000000068a500000| Untracked 
| 148|0x000000068a600000, 0x000000068a600000, 0x000000068a700000|  0%| F|  |TAMS 0x000000068a600000, 0x000000068a600000| Untracked 
| 149|0x000000068a700000, 0x000000068a700000, 0x000000068a800000|  0%| F|  |TAMS 0x000000068a700000, 0x000000068a700000| Untracked 
| 150|0x000000068a800000, 0x000000068a800000, 0x000000068a900000|  0%| F|  |TAMS 0x000000068a800000, 0x000000068a800000| Untracked 
| 151|0x000000068a900000, 0x000000068a900000, 0x000000068aa00000|  0%| F|  |TAMS 0x000000068a900000, 0x000000068a900000| Untracked 
| 152|0x000000068aa00000, 0x000000068aa00000, 0x000000068ab00000|  0%| F|  |TAMS 0x000000068aa00000, 0x000000068aa00000| Untracked 
| 153|0x000000068ab00000, 0x000000068ab00000, 0x000000068ac00000|  0%| F|  |TAMS 0x000000068ab00000, 0x000000068ab00000| Untracked 
| 154|0x000000068ac00000, 0x000000068ac00000, 0x000000068ad00000|  0%| F|  |TAMS 0x000000068ac00000, 0x000000068ac00000| Untracked 
| 155|0x000000068ad00000, 0x000000068ad00000, 0x000000068ae00000|  0%| F|  |TAMS 0x000000068ad00000, 0x000000068ad00000| Untracked 
| 156|0x000000068ae00000, 0x000000068ae00000, 0x000000068af00000|  0%| F|  |TAMS 0x000000068ae00000, 0x000000068ae00000| Untracked 
| 157|0x000000068af00000, 0x000000068af00000, 0x000000068b000000|  0%| F|  |TAMS 0x000000068af00000, 0x000000068af00000| Untracked 
| 158|0x000000068b000000, 0x000000068b000000, 0x000000068b100000|  0%| F|  |TAMS 0x000000068b000000, 0x000000068b000000| Untracked 
| 159|0x000000068b100000, 0x000000068b100000, 0x000000068b200000|  0%| F|  |TAMS 0x000000068b100000, 0x000000068b100000| Untracked 
| 160|0x000000068b200000, 0x000000068b200000, 0x000000068b300000|  0%| F|  |TAMS 0x000000068b200000, 0x000000068b200000| Untracked 
| 161|0x000000068b300000, 0x000000068b300000, 0x000000068b400000|  0%| F|  |TAMS 0x000000068b300000, 0x000000068b300000| Untracked 
| 162|0x000000068b400000, 0x000000068b400000, 0x000000068b500000|  0%| F|  |TAMS 0x000000068b400000, 0x000000068b400000| Untracked 
| 163|0x000000068b500000, 0x000000068b500000, 0x000000068b600000|  0%| F|  |TAMS 0x000000068b500000, 0x000000068b500000| Untracked 
| 164|0x000000068b600000, 0x000000068b600000, 0x000000068b700000|  0%| F|  |TAMS 0x000000068b600000, 0x000000068b600000| Untracked 
| 165|0x000000068b700000, 0x000000068b700000, 0x000000068b800000|  0%| F|  |TAMS 0x000000068b700000, 0x000000068b700000| Untracked 
| 166|0x000000068b800000, 0x000000068b800000, 0x000000068b900000|  0%| F|  |TAMS 0x000000068b800000, 0x000000068b800000| Untracked 
| 167|0x000000068b900000, 0x000000068b900000, 0x000000068ba00000|  0%| F|  |TAMS 0x000000068b900000, 0x000000068b900000| Untracked 
| 168|0x000000068ba00000, 0x000000068ba00000, 0x000000068bb00000|  0%| F|  |TAMS 0x000000068ba00000, 0x000000068ba00000| Untracked 
| 169|0x000000068bb00000, 0x000000068bb00000, 0x000000068bc00000|  0%| F|  |TAMS 0x000000068bb00000, 0x000000068bb00000| Untracked 
| 170|0x000000068bc00000, 0x000000068bc00000, 0x000000068bd00000|  0%| F|  |TAMS 0x000000068bc00000, 0x000000068bc00000| Untracked 
| 171|0x000000068bd00000, 0x000000068bd00000, 0x000000068be00000|  0%| F|  |TAMS 0x000000068bd00000, 0x000000068bd00000| Untracked 
| 172|0x000000068be00000, 0x000000068be00000, 0x000000068bf00000|  0%| F|  |TAMS 0x000000068be00000, 0x000000068be00000| Untracked 
| 173|0x000000068bf00000, 0x000000068bf00000, 0x000000068c000000|  0%| F|  |TAMS 0x000000068bf00000, 0x000000068bf00000| Untracked 
| 174|0x000000068c000000, 0x000000068c000000, 0x000000068c100000|  0%| F|  |TAMS 0x000000068c000000, 0x000000068c000000| Untracked 
| 175|0x000000068c100000, 0x000000068c100000, 0x000000068c200000|  0%| F|  |TAMS 0x000000068c100000, 0x000000068c100000| Untracked 
| 176|0x000000068c200000, 0x000000068c200000, 0x000000068c300000|  0%| F|  |TAMS 0x000000068c200000, 0x000000068c200000| Untracked 
| 177|0x000000068c300000, 0x000000068c300000, 0x000000068c400000|  0%| F|  |TAMS 0x000000068c300000, 0x000000068c300000| Untracked 
| 178|0x000000068c400000, 0x000000068c400000, 0x000000068c500000|  0%| F|  |TAMS 0x000000068c400000, 0x000000068c400000| Untracked 
| 179|0x000000068c500000, 0x000000068c500000, 0x000000068c600000|  0%| F|  |TAMS 0x000000068c500000, 0x000000068c500000| Untracked 
| 180|0x000000068c600000, 0x000000068c600000, 0x000000068c700000|  0%| F|  |TAMS 0x000000068c600000, 0x000000068c600000| Untracked 
| 181|0x000000068c700000, 0x000000068c700000, 0x000000068c800000|  0%| F|  |TAMS 0x000000068c700000, 0x000000068c700000| Untracked 
| 182|0x000000068c800000, 0x000000068c800000, 0x000000068c900000|  0%| F|  |TAMS 0x000000068c800000, 0x000000068c800000| Untracked 
| 183|0x000000068c900000, 0x000000068c900000, 0x000000068ca00000|  0%| F|  |TAMS 0x000000068c900000, 0x000000068c900000| Untracked 
| 184|0x000000068ca00000, 0x000000068ca00000, 0x000000068cb00000|  0%| F|  |TAMS 0x000000068ca00000, 0x000000068ca00000| Untracked 
| 185|0x000000068cb00000, 0x000000068cb00000, 0x000000068cc00000|  0%| F|  |TAMS 0x000000068cb00000, 0x000000068cb00000| Untracked 
| 186|0x000000068cc00000, 0x000000068cc00000, 0x000000068cd00000|  0%| F|  |TAMS 0x000000068cc00000, 0x000000068cc00000| Untracked 
| 187|0x000000068cd00000, 0x000000068cd00000, 0x000000068ce00000|  0%| F|  |TAMS 0x000000068cd00000, 0x000000068cd00000| Untracked 
| 188|0x000000068ce00000, 0x000000068ce00000, 0x000000068cf00000|  0%| F|  |TAMS 0x000000068ce00000, 0x000000068ce00000| Untracked 
| 189|0x000000068cf00000, 0x000000068cf00000, 0x000000068d000000|  0%| F|  |TAMS 0x000000068cf00000, 0x000000068cf00000| Untracked 
| 190|0x000000068d000000, 0x000000068d000000, 0x000000068d100000|  0%| F|  |TAMS 0x000000068d000000, 0x000000068d000000| Untracked 
| 191|0x000000068d100000, 0x000000068d100000, 0x000000068d200000|  0%| F|  |TAMS 0x000000068d100000, 0x000000068d100000| Untracked 
| 192|0x000000068d200000, 0x000000068d200000, 0x000000068d300000|  0%| F|  |TAMS 0x000000068d200000, 0x000000068d200000| Untracked 
| 193|0x000000068d300000, 0x000000068d300000, 0x000000068d400000|  0%| F|  |TAMS 0x000000068d300000, 0x000000068d300000| Untracked 
| 194|0x000000068d400000, 0x000000068d400000, 0x000000068d500000|  0%| F|  |TAMS 0x000000068d400000, 0x000000068d400000| Untracked 
| 195|0x000000068d500000, 0x000000068d500000, 0x000000068d600000|  0%| F|  |TAMS 0x000000068d500000, 0x000000068d500000| Untracked 
| 196|0x000000068d600000, 0x000000068d600000, 0x000000068d700000|  0%| F|  |TAMS 0x000000068d600000, 0x000000068d600000| Untracked 
| 197|0x000000068d700000, 0x000000068d700000, 0x000000068d800000|  0%| F|  |TAMS 0x000000068d700000, 0x000000068d700000| Untracked 
| 198|0x000000068d800000, 0x000000068d800000, 0x000000068d900000|  0%| F|  |TAMS 0x000000068d800000, 0x000000068d800000| Untracked 
| 199|0x000000068d900000, 0x000000068d900000, 0x000000068da00000|  0%| F|  |TAMS 0x000000068d900000, 0x000000068d900000| Untracked 
| 200|0x000000068da00000, 0x000000068da00000, 0x000000068db00000|  0%| F|  |TAMS 0x000000068da00000, 0x000000068da00000| Untracked 
| 201|0x000000068db00000, 0x000000068db00000, 0x000000068dc00000|  0%| F|  |TAMS 0x000000068db00000, 0x000000068db00000| Untracked 
| 202|0x000000068dc00000, 0x000000068dc00000, 0x000000068dd00000|  0%| F|  |TAMS 0x000000068dc00000, 0x000000068dc00000| Untracked 
| 203|0x000000068dd00000, 0x000000068dd00000, 0x000000068de00000|  0%| F|  |TAMS 0x000000068dd00000, 0x000000068dd00000| Untracked 
| 204|0x000000068de00000, 0x000000068de00000, 0x000000068df00000|  0%| F|  |TAMS 0x000000068de00000, 0x000000068de00000| Untracked 
| 205|0x000000068df00000, 0x000000068df00000, 0x000000068e000000|  0%| F|  |TAMS 0x000000068df00000, 0x000000068df00000| Untracked 
| 206|0x000000068e000000, 0x000000068e000000, 0x000000068e100000|  0%| F|  |TAMS 0x000000068e000000, 0x000000068e000000| Untracked 
| 207|0x000000068e100000, 0x000000068e100000, 0x000000068e200000|  0%| F|  |TAMS 0x000000068e100000, 0x000000068e100000| Untracked 
| 208|0x000000068e200000, 0x000000068e200000, 0x000000068e300000|  0%| F|  |TAMS 0x000000068e200000, 0x000000068e200000| Untracked 
| 209|0x000000068e300000, 0x000000068e300000, 0x000000068e400000|  0%| F|  |TAMS 0x000000068e300000, 0x000000068e300000| Untracked 
| 210|0x000000068e400000, 0x000000068e400000, 0x000000068e500000|  0%| F|  |TAMS 0x000000068e400000, 0x000000068e400000| Untracked 
| 211|0x000000068e500000, 0x000000068e500000, 0x000000068e600000|  0%| F|  |TAMS 0x000000068e500000, 0x000000068e500000| Untracked 
| 212|0x000000068e600000, 0x000000068e600000, 0x000000068e700000|  0%| F|  |TAMS 0x000000068e600000, 0x000000068e600000| Untracked 
| 213|0x000000068e700000, 0x000000068e700000, 0x000000068e800000|  0%| F|  |TAMS 0x000000068e700000, 0x000000068e700000| Untracked 
| 214|0x000000068e800000, 0x000000068e800000, 0x000000068e900000|  0%| F|  |TAMS 0x000000068e800000, 0x000000068e800000| Untracked 
| 215|0x000000068e900000, 0x000000068e900000, 0x000000068ea00000|  0%| F|  |TAMS 0x000000068e900000, 0x000000068e900000| Untracked 
| 216|0x000000068ea00000, 0x000000068ea00000, 0x000000068eb00000|  0%| F|  |TAMS 0x000000068ea00000, 0x000000068ea00000| Untracked 
| 217|0x000000068eb00000, 0x000000068eb00000, 0x000000068ec00000|  0%| F|  |TAMS 0x000000068eb00000, 0x000000068eb00000| Untracked 
| 218|0x000000068ec00000, 0x000000068ec00000, 0x000000068ed00000|  0%| F|  |TAMS 0x000000068ec00000, 0x000000068ec00000| Untracked 
| 219|0x000000068ed00000, 0x000000068ed00000, 0x000000068ee00000|  0%| F|  |TAMS 0x000000068ed00000, 0x000000068ed00000| Untracked 
| 220|0x000000068ee00000, 0x000000068ee00000, 0x000000068ef00000|  0%| F|  |TAMS 0x000000068ee00000, 0x000000068ee00000| Untracked 
| 221|0x000000068ef00000, 0x000000068ef00000, 0x000000068f000000|  0%| F|  |TAMS 0x000000068ef00000, 0x000000068ef00000| Untracked 
| 222|0x000000068f000000, 0x000000068f000000, 0x000000068f100000|  0%| F|  |TAMS 0x000000068f000000, 0x000000068f000000| Untracked 
| 223|0x000000068f100000, 0x000000068f100000, 0x000000068f200000|  0%| F|  |TAMS 0x000000068f100000, 0x000000068f100000| Untracked 
| 224|0x000000068f200000, 0x000000068f200000, 0x000000068f300000|  0%| F|  |TAMS 0x000000068f200000, 0x000000068f200000| Untracked 
| 225|0x000000068f300000, 0x000000068f300000, 0x000000068f400000|  0%| F|  |TAMS 0x000000068f300000, 0x000000068f300000| Untracked 
| 226|0x000000068f400000, 0x000000068f400000, 0x000000068f500000|  0%| F|  |TAMS 0x000000068f400000, 0x000000068f400000| Untracked 
| 227|0x000000068f500000, 0x000000068f500000, 0x000000068f600000|  0%| F|  |TAMS 0x000000068f500000, 0x000000068f500000| Untracked 
| 228|0x000000068f600000, 0x000000068f600000, 0x000000068f700000|  0%| F|  |TAMS 0x000000068f600000, 0x000000068f600000| Untracked 
| 229|0x000000068f700000, 0x000000068f700000, 0x000000068f800000|  0%| F|  |TAMS 0x000000068f700000, 0x000000068f700000| Untracked 
| 230|0x000000068f800000, 0x000000068f800000, 0x000000068f900000|  0%| F|  |TAMS 0x000000068f800000, 0x000000068f800000| Untracked 
| 231|0x000000068f900000, 0x000000068f900000, 0x000000068fa00000|  0%| F|  |TAMS 0x000000068f900000, 0x000000068f900000| Untracked 
| 232|0x000000068fa00000, 0x000000068fa00000, 0x000000068fb00000|  0%| F|  |TAMS 0x000000068fa00000, 0x000000068fa00000| Untracked 
| 233|0x000000068fb00000, 0x000000068fb00000, 0x000000068fc00000|  0%| F|  |TAMS 0x000000068fb00000, 0x000000068fb00000| Untracked 
| 234|0x000000068fc00000, 0x000000068fc00000, 0x000000068fd00000|  0%| F|  |TAMS 0x000000068fc00000, 0x000000068fc00000| Untracked 
| 235|0x000000068fd00000, 0x000000068fd00000, 0x000000068fe00000|  0%| F|  |TAMS 0x000000068fd00000, 0x000000068fd00000| Untracked 
| 236|0x000000068fe00000, 0x000000068fe00000, 0x000000068ff00000|  0%| F|  |TAMS 0x000000068fe00000, 0x000000068fe00000| Untracked 
| 237|0x000000068ff00000, 0x000000068ff00000, 0x0000000690000000|  0%| F|  |TAMS 0x000000068ff00000, 0x000000068ff00000| Untracked 
| 238|0x0000000690000000, 0x0000000690000000, 0x0000000690100000|  0%| F|  |TAMS 0x0000000690000000, 0x0000000690000000| Untracked 
| 239|0x0000000690100000, 0x0000000690100000, 0x0000000690200000|  0%| F|  |TAMS 0x0000000690100000, 0x0000000690100000| Untracked 
| 240|0x0000000690200000, 0x0000000690200000, 0x0000000690300000|  0%| F|  |TAMS 0x0000000690200000, 0x0000000690200000| Untracked 
| 241|0x0000000690300000, 0x0000000690300000, 0x0000000690400000|  0%| F|  |TAMS 0x0000000690300000, 0x0000000690300000| Untracked 
| 242|0x0000000690400000, 0x0000000690400000, 0x0000000690500000|  0%| F|  |TAMS 0x0000000690400000, 0x0000000690400000| Untracked 
| 243|0x0000000690500000, 0x0000000690500000, 0x0000000690600000|  0%| F|  |TAMS 0x0000000690500000, 0x0000000690500000| Untracked 
| 244|0x0000000690600000, 0x0000000690600000, 0x0000000690700000|  0%| F|  |TAMS 0x0000000690600000, 0x0000000690600000| Untracked 
| 245|0x0000000690700000, 0x0000000690700000, 0x0000000690800000|  0%| F|  |TAMS 0x0000000690700000, 0x0000000690700000| Untracked 
| 246|0x0000000690800000, 0x0000000690800000, 0x0000000690900000|  0%| F|  |TAMS 0x0000000690800000, 0x0000000690800000| Untracked 
| 247|0x0000000690900000, 0x0000000690900000, 0x0000000690a00000|  0%| F|  |TAMS 0x0000000690900000, 0x0000000690900000| Untracked 
| 248|0x0000000690a00000, 0x0000000690a00000, 0x0000000690b00000|  0%| F|  |TAMS 0x0000000690a00000, 0x0000000690a00000| Untracked 
| 249|0x0000000690b00000, 0x0000000690b00000, 0x0000000690c00000|  0%| F|  |TAMS 0x0000000690b00000, 0x0000000690b00000| Untracked 
| 250|0x0000000690c00000, 0x0000000690c00000, 0x0000000690d00000|  0%| F|  |TAMS 0x0000000690c00000, 0x0000000690c00000| Untracked 
| 251|0x0000000690d00000, 0x0000000690d00000, 0x0000000690e00000|  0%| F|  |TAMS 0x0000000690d00000, 0x0000000690d00000| Untracked 
| 252|0x0000000690e00000, 0x0000000690e00000, 0x0000000690f00000|  0%| F|  |TAMS 0x0000000690e00000, 0x0000000690e00000| Untracked 
| 253|0x0000000690f00000, 0x0000000690f00000, 0x0000000691000000|  0%| F|  |TAMS 0x0000000690f00000, 0x0000000690f00000| Untracked 
| 254|0x0000000691000000, 0x0000000691000000, 0x0000000691100000|  0%| F|  |TAMS 0x0000000691000000, 0x0000000691000000| Untracked 
| 255|0x0000000691100000, 0x0000000691100000, 0x0000000691200000|  0%| F|  |TAMS 0x0000000691100000, 0x0000000691100000| Untracked 
| 256|0x0000000691200000, 0x0000000691200000, 0x0000000691300000|  0%| F|  |TAMS 0x0000000691200000, 0x0000000691200000| Untracked 
| 257|0x0000000691300000, 0x0000000691300000, 0x0000000691400000|  0%| F|  |TAMS 0x0000000691300000, 0x0000000691300000| Untracked 
| 258|0x0000000691400000, 0x0000000691400000, 0x0000000691500000|  0%| F|  |TAMS 0x0000000691400000, 0x0000000691400000| Untracked 
| 259|0x0000000691500000, 0x0000000691500000, 0x0000000691600000|  0%| F|  |TAMS 0x0000000691500000, 0x0000000691500000| Untracked 
| 260|0x0000000691600000, 0x0000000691600000, 0x0000000691700000|  0%| F|  |TAMS 0x0000000691600000, 0x0000000691600000| Untracked 
| 261|0x0000000691700000, 0x0000000691700000, 0x0000000691800000|  0%| F|  |TAMS 0x0000000691700000, 0x0000000691700000| Untracked 
| 262|0x0000000691800000, 0x0000000691800000, 0x0000000691900000|  0%| F|  |TAMS 0x0000000691800000, 0x0000000691800000| Untracked 
| 263|0x0000000691900000, 0x0000000691900000, 0x0000000691a00000|  0%| F|  |TAMS 0x0000000691900000, 0x0000000691900000| Untracked 
| 264|0x0000000691a00000, 0x0000000691a00000, 0x0000000691b00000|  0%| F|  |TAMS 0x0000000691a00000, 0x0000000691a00000| Untracked 
| 265|0x0000000691b00000, 0x0000000691b00000, 0x0000000691c00000|  0%| F|  |TAMS 0x0000000691b00000, 0x0000000691b00000| Untracked 
| 266|0x0000000691c00000, 0x0000000691c00000, 0x0000000691d00000|  0%| F|  |TAMS 0x0000000691c00000, 0x0000000691c00000| Untracked 
| 267|0x0000000691d00000, 0x0000000691d00000, 0x0000000691e00000|  0%| F|  |TAMS 0x0000000691d00000, 0x0000000691d00000| Untracked 
| 268|0x0000000691e00000, 0x0000000691e00000, 0x0000000691f00000|  0%| F|  |TAMS 0x0000000691e00000, 0x0000000691e00000| Untracked 
| 269|0x0000000691f00000, 0x0000000691f00000, 0x0000000692000000|  0%| F|  |TAMS 0x0000000691f00000, 0x0000000691f00000| Untracked 
| 270|0x0000000692000000, 0x0000000692000000, 0x0000000692100000|  0%| F|  |TAMS 0x0000000692000000, 0x0000000692000000| Untracked 
| 271|0x0000000692100000, 0x0000000692100000, 0x0000000692200000|  0%| F|  |TAMS 0x0000000692100000, 0x0000000692100000| Untracked 
| 272|0x0000000692200000, 0x0000000692200000, 0x0000000692300000|  0%| F|  |TAMS 0x0000000692200000, 0x0000000692200000| Untracked 
| 273|0x0000000692300000, 0x0000000692300000, 0x0000000692400000|  0%| F|  |TAMS 0x0000000692300000, 0x0000000692300000| Untracked 
| 274|0x0000000692400000, 0x0000000692400000, 0x0000000692500000|  0%| F|  |TAMS 0x0000000692400000, 0x0000000692400000| Untracked 
| 275|0x0000000692500000, 0x0000000692500000, 0x0000000692600000|  0%| F|  |TAMS 0x0000000692500000, 0x0000000692500000| Untracked 
| 276|0x0000000692600000, 0x0000000692600000, 0x0000000692700000|  0%| F|  |TAMS 0x0000000692600000, 0x0000000692600000| Untracked 
| 277|0x0000000692700000, 0x0000000692700000, 0x0000000692800000|  0%| F|  |TAMS 0x0000000692700000, 0x0000000692700000| Untracked 
| 278|0x0000000692800000, 0x0000000692800000, 0x0000000692900000|  0%| F|  |TAMS 0x0000000692800000, 0x0000000692800000| Untracked 
| 279|0x0000000692900000, 0x0000000692900000, 0x0000000692a00000|  0%| F|  |TAMS 0x0000000692900000, 0x0000000692900000| Untracked 
| 280|0x0000000692a00000, 0x0000000692a00000, 0x0000000692b00000|  0%| F|  |TAMS 0x0000000692a00000, 0x0000000692a00000| Untracked 
| 281|0x0000000692b00000, 0x0000000692b00000, 0x0000000692c00000|  0%| F|  |TAMS 0x0000000692b00000, 0x0000000692b00000| Untracked 
| 282|0x0000000692c00000, 0x0000000692c00000, 0x0000000692d00000|  0%| F|  |TAMS 0x0000000692c00000, 0x0000000692c00000| Untracked 
| 283|0x0000000692d00000, 0x0000000692d00000, 0x0000000692e00000|  0%| F|  |TAMS 0x0000000692d00000, 0x0000000692d00000| Untracked 
| 284|0x0000000692e00000, 0x0000000692e00000, 0x0000000692f00000|  0%| F|  |TAMS 0x0000000692e00000, 0x0000000692e00000| Untracked 
| 285|0x0000000692f00000, 0x0000000692f00000, 0x0000000693000000|  0%| F|  |TAMS 0x0000000692f00000, 0x0000000692f00000| Untracked 
| 286|0x0000000693000000, 0x0000000693000000, 0x0000000693100000|  0%| F|  |TAMS 0x0000000693000000, 0x0000000693000000| Untracked 
| 287|0x0000000693100000, 0x0000000693100000, 0x0000000693200000|  0%| F|  |TAMS 0x0000000693100000, 0x0000000693100000| Untracked 
| 288|0x0000000693200000, 0x0000000693200000, 0x0000000693300000|  0%| F|  |TAMS 0x0000000693200000, 0x0000000693200000| Untracked 
| 289|0x0000000693300000, 0x0000000693300000, 0x0000000693400000|  0%| F|  |TAMS 0x0000000693300000, 0x0000000693300000| Untracked 
| 290|0x0000000693400000, 0x0000000693400000, 0x0000000693500000|  0%| F|  |TAMS 0x0000000693400000, 0x0000000693400000| Untracked 
| 291|0x0000000693500000, 0x0000000693500000, 0x0000000693600000|  0%| F|  |TAMS 0x0000000693500000, 0x0000000693500000| Untracked 
| 292|0x0000000693600000, 0x0000000693600000, 0x0000000693700000|  0%| F|  |TAMS 0x0000000693600000, 0x0000000693600000| Untracked 
| 293|0x0000000693700000, 0x0000000693700000, 0x0000000693800000|  0%| F|  |TAMS 0x0000000693700000, 0x0000000693700000| Untracked 
| 294|0x0000000693800000, 0x0000000693800000, 0x0000000693900000|  0%| F|  |TAMS 0x0000000693800000, 0x0000000693800000| Untracked 
| 295|0x0000000693900000, 0x0000000693900000, 0x0000000693a00000|  0%| F|  |TAMS 0x0000000693900000, 0x0000000693900000| Untracked 
| 296|0x0000000693a00000, 0x0000000693a00000, 0x0000000693b00000|  0%| F|  |TAMS 0x0000000693a00000, 0x0000000693a00000| Untracked 
| 297|0x0000000693b00000, 0x0000000693b00000, 0x0000000693c00000|  0%| F|  |TAMS 0x0000000693b00000, 0x0000000693b00000| Untracked 
| 298|0x0000000693c00000, 0x0000000693c00000, 0x0000000693d00000|  0%| F|  |TAMS 0x0000000693c00000, 0x0000000693c00000| Untracked 
| 299|0x0000000693d00000, 0x0000000693d00000, 0x0000000693e00000|  0%| F|  |TAMS 0x0000000693d00000, 0x0000000693d00000| Untracked 
| 300|0x0000000693e00000, 0x0000000693e00000, 0x0000000693f00000|  0%| F|  |TAMS 0x0000000693e00000, 0x0000000693e00000| Untracked 
| 301|0x0000000693f00000, 0x0000000693f00000, 0x0000000694000000|  0%| F|  |TAMS 0x0000000693f00000, 0x0000000693f00000| Untracked 
| 302|0x0000000694000000, 0x0000000694000000, 0x0000000694100000|  0%| F|  |TAMS 0x0000000694000000, 0x0000000694000000| Untracked 
| 303|0x0000000694100000, 0x0000000694100000, 0x0000000694200000|  0%| F|  |TAMS 0x0000000694100000, 0x0000000694100000| Untracked 
| 304|0x0000000694200000, 0x0000000694200000, 0x0000000694300000|  0%| F|  |TAMS 0x0000000694200000, 0x0000000694200000| Untracked 
| 305|0x0000000694300000, 0x0000000694300000, 0x0000000694400000|  0%| F|  |TAMS 0x0000000694300000, 0x0000000694300000| Untracked 
| 306|0x0000000694400000, 0x0000000694400000, 0x0000000694500000|  0%| F|  |TAMS 0x0000000694400000, 0x0000000694400000| Untracked 
| 307|0x0000000694500000, 0x0000000694500000, 0x0000000694600000|  0%| F|  |TAMS 0x0000000694500000, 0x0000000694500000| Untracked 
| 308|0x0000000694600000, 0x0000000694600000, 0x0000000694700000|  0%| F|  |TAMS 0x0000000694600000, 0x0000000694600000| Untracked 
| 309|0x0000000694700000, 0x0000000694700000, 0x0000000694800000|  0%| F|  |TAMS 0x0000000694700000, 0x0000000694700000| Untracked 
| 310|0x0000000694800000, 0x0000000694800000, 0x0000000694900000|  0%| F|  |TAMS 0x0000000694800000, 0x0000000694800000| Untracked 
| 311|0x0000000694900000, 0x0000000694900000, 0x0000000694a00000|  0%| F|  |TAMS 0x0000000694900000, 0x0000000694900000| Untracked 
| 312|0x0000000694a00000, 0x0000000694a00000, 0x0000000694b00000|  0%| F|  |TAMS 0x0000000694a00000, 0x0000000694a00000| Untracked 
| 313|0x0000000694b00000, 0x0000000694b00000, 0x0000000694c00000|  0%| F|  |TAMS 0x0000000694b00000, 0x0000000694b00000| Untracked 
| 314|0x0000000694c00000, 0x0000000694c00000, 0x0000000694d00000|  0%| F|  |TAMS 0x0000000694c00000, 0x0000000694c00000| Untracked 
| 315|0x0000000694d00000, 0x0000000694d00000, 0x0000000694e00000|  0%| F|  |TAMS 0x0000000694d00000, 0x0000000694d00000| Untracked 
| 316|0x0000000694e00000, 0x0000000694e00000, 0x0000000694f00000|  0%| F|  |TAMS 0x0000000694e00000, 0x0000000694e00000| Untracked 
| 317|0x0000000694f00000, 0x0000000694f00000, 0x0000000695000000|  0%| F|  |TAMS 0x0000000694f00000, 0x0000000694f00000| Untracked 
| 318|0x0000000695000000, 0x0000000695000000, 0x0000000695100000|  0%| F|  |TAMS 0x0000000695000000, 0x0000000695000000| Untracked 
| 319|0x0000000695100000, 0x0000000695100000, 0x0000000695200000|  0%| F|  |TAMS 0x0000000695100000, 0x0000000695100000| Untracked 
| 320|0x0000000695200000, 0x0000000695200000, 0x0000000695300000|  0%| F|  |TAMS 0x0000000695200000, 0x0000000695200000| Untracked 
| 321|0x0000000695300000, 0x0000000695300000, 0x0000000695400000|  0%| F|  |TAMS 0x0000000695300000, 0x0000000695300000| Untracked 
| 322|0x0000000695400000, 0x0000000695400000, 0x0000000695500000|  0%| F|  |TAMS 0x0000000695400000, 0x0000000695400000| Untracked 
| 323|0x0000000695500000, 0x0000000695500000, 0x0000000695600000|  0%| F|  |TAMS 0x0000000695500000, 0x0000000695500000| Untracked 
| 324|0x0000000695600000, 0x0000000695600000, 0x0000000695700000|  0%| F|  |TAMS 0x0000000695600000, 0x0000000695600000| Untracked 
| 325|0x0000000695700000, 0x0000000695700000, 0x0000000695800000|  0%| F|  |TAMS 0x0000000695700000, 0x0000000695700000| Untracked 
| 326|0x0000000695800000, 0x0000000695800000, 0x0000000695900000|  0%| F|  |TAMS 0x0000000695800000, 0x0000000695800000| Untracked 
| 327|0x0000000695900000, 0x0000000695900000, 0x0000000695a00000|  0%| F|  |TAMS 0x0000000695900000, 0x0000000695900000| Untracked 
| 328|0x0000000695a00000, 0x0000000695a00000, 0x0000000695b00000|  0%| F|  |TAMS 0x0000000695a00000, 0x0000000695a00000| Untracked 
| 329|0x0000000695b00000, 0x0000000695b00000, 0x0000000695c00000|  0%| F|  |TAMS 0x0000000695b00000, 0x0000000695b00000| Untracked 
| 330|0x0000000695c00000, 0x0000000695c00000, 0x0000000695d00000|  0%| F|  |TAMS 0x0000000695c00000, 0x0000000695c00000| Untracked 
| 331|0x0000000695d00000, 0x0000000695d00000, 0x0000000695e00000|  0%| F|  |TAMS 0x0000000695d00000, 0x0000000695d00000| Untracked 
| 332|0x0000000695e00000, 0x0000000695e00000, 0x0000000695f00000|  0%| F|  |TAMS 0x0000000695e00000, 0x0000000695e00000| Untracked 
| 333|0x0000000695f00000, 0x0000000695f00000, 0x0000000696000000|  0%| F|  |TAMS 0x0000000695f00000, 0x0000000695f00000| Untracked 
| 334|0x0000000696000000, 0x0000000696000000, 0x0000000696100000|  0%| F|  |TAMS 0x0000000696000000, 0x0000000696000000| Untracked 
| 335|0x0000000696100000, 0x0000000696100000, 0x0000000696200000|  0%| F|  |TAMS 0x0000000696100000, 0x0000000696100000| Untracked 
| 336|0x0000000696200000, 0x0000000696200000, 0x0000000696300000|  0%| F|  |TAMS 0x0000000696200000, 0x0000000696200000| Untracked 
| 337|0x0000000696300000, 0x0000000696300000, 0x0000000696400000|  0%| F|  |TAMS 0x0000000696300000, 0x0000000696300000| Untracked 
| 338|0x0000000696400000, 0x0000000696400000, 0x0000000696500000|  0%| F|  |TAMS 0x0000000696400000, 0x0000000696400000| Untracked 
| 339|0x0000000696500000, 0x0000000696500000, 0x0000000696600000|  0%| F|  |TAMS 0x0000000696500000, 0x0000000696500000| Untracked 
| 340|0x0000000696600000, 0x0000000696600000, 0x0000000696700000|  0%| F|  |TAMS 0x0000000696600000, 0x0000000696600000| Untracked 
| 341|0x0000000696700000, 0x0000000696700000, 0x0000000696800000|  0%| F|  |TAMS 0x0000000696700000, 0x0000000696700000| Untracked 
| 342|0x0000000696800000, 0x0000000696800000, 0x0000000696900000|  0%| F|  |TAMS 0x0000000696800000, 0x0000000696800000| Untracked 
| 343|0x0000000696900000, 0x0000000696900000, 0x0000000696a00000|  0%| F|  |TAMS 0x0000000696900000, 0x0000000696900000| Untracked 
| 344|0x0000000696a00000, 0x0000000696a00000, 0x0000000696b00000|  0%| F|  |TAMS 0x0000000696a00000, 0x0000000696a00000| Untracked 
| 345|0x0000000696b00000, 0x0000000696b00000, 0x0000000696c00000|  0%| F|  |TAMS 0x0000000696b00000, 0x0000000696b00000| Untracked 
| 346|0x0000000696c00000, 0x0000000696c00000, 0x0000000696d00000|  0%| F|  |TAMS 0x0000000696c00000, 0x0000000696c00000| Untracked 
| 347|0x0000000696d00000, 0x0000000696d00000, 0x0000000696e00000|  0%| F|  |TAMS 0x0000000696d00000, 0x0000000696d00000| Untracked 
| 348|0x0000000696e00000, 0x0000000696e00000, 0x0000000696f00000|  0%| F|  |TAMS 0x0000000696e00000, 0x0000000696e00000| Untracked 
| 349|0x0000000696f00000, 0x0000000696f00000, 0x0000000697000000|  0%| F|  |TAMS 0x0000000696f00000, 0x0000000696f00000| Untracked 
| 350|0x0000000697000000, 0x0000000697000000, 0x0000000697100000|  0%| F|  |TAMS 0x0000000697000000, 0x0000000697000000| Untracked 
| 351|0x0000000697100000, 0x0000000697100000, 0x0000000697200000|  0%| F|  |TAMS 0x0000000697100000, 0x0000000697100000| Untracked 
| 352|0x0000000697200000, 0x0000000697200000, 0x0000000697300000|  0%| F|  |TAMS 0x0000000697200000, 0x0000000697200000| Untracked 
| 353|0x0000000697300000, 0x0000000697300000, 0x0000000697400000|  0%| F|  |TAMS 0x0000000697300000, 0x0000000697300000| Untracked 
| 354|0x0000000697400000, 0x0000000697400000, 0x0000000697500000|  0%| F|  |TAMS 0x0000000697400000, 0x0000000697400000| Untracked 
| 355|0x0000000697500000, 0x0000000697500000, 0x0000000697600000|  0%| F|  |TAMS 0x0000000697500000, 0x0000000697500000| Untracked 
| 356|0x0000000697600000, 0x0000000697600000, 0x0000000697700000|  0%| F|  |TAMS 0x0000000697600000, 0x0000000697600000| Untracked 
| 357|0x0000000697700000, 0x0000000697800000, 0x0000000697800000|100%| S|CS|TAMS 0x0000000697700000, 0x0000000697700000| Complete 
| 358|0x0000000697800000, 0x0000000697900000, 0x0000000697900000|100%| S|CS|TAMS 0x0000000697800000, 0x0000000697800000| Complete 
| 359|0x0000000697900000, 0x0000000697a00000, 0x0000000697a00000|100%| S|CS|TAMS 0x0000000697900000, 0x0000000697900000| Complete 
| 360|0x0000000697a00000, 0x0000000697a00000, 0x0000000697b00000|  0%| F|  |TAMS 0x0000000697a00000, 0x0000000697a00000| Untracked 
| 361|0x0000000697b00000, 0x0000000697b00000, 0x0000000697c00000|  0%| F|  |TAMS 0x0000000697b00000, 0x0000000697b00000| Untracked 
| 362|0x0000000697c00000, 0x0000000697c00000, 0x0000000697d00000|  0%| F|  |TAMS 0x0000000697c00000, 0x0000000697c00000| Untracked 
| 363|0x0000000697d00000, 0x0000000697d00000, 0x0000000697e00000|  0%| F|  |TAMS 0x0000000697d00000, 0x0000000697d00000| Untracked 
| 364|0x0000000697e00000, 0x0000000697e00000, 0x0000000697f00000|  0%| F|  |TAMS 0x0000000697e00000, 0x0000000697e00000| Untracked 
| 365|0x0000000697f00000, 0x0000000697f00000, 0x0000000698000000|  0%| F|  |TAMS 0x0000000697f00000, 0x0000000697f00000| Untracked 
| 366|0x0000000698000000, 0x0000000698000000, 0x0000000698100000|  0%| F|  |TAMS 0x0000000698000000, 0x0000000698000000| Untracked 
| 367|0x0000000698100000, 0x0000000698100000, 0x0000000698200000|  0%| F|  |TAMS 0x0000000698100000, 0x0000000698100000| Untracked 
| 368|0x0000000698200000, 0x0000000698200000, 0x0000000698300000|  0%| F|  |TAMS 0x0000000698200000, 0x0000000698200000| Untracked 
| 369|0x0000000698300000, 0x0000000698300000, 0x0000000698400000|  0%| F|  |TAMS 0x0000000698300000, 0x0000000698300000| Untracked 
| 370|0x0000000698400000, 0x0000000698400000, 0x0000000698500000|  0%| F|  |TAMS 0x0000000698400000, 0x0000000698400000| Untracked 
| 371|0x0000000698500000, 0x0000000698500000, 0x0000000698600000|  0%| F|  |TAMS 0x0000000698500000, 0x0000000698500000| Untracked 
| 372|0x0000000698600000, 0x0000000698600000, 0x0000000698700000|  0%| F|  |TAMS 0x0000000698600000, 0x0000000698600000| Untracked 
| 373|0x0000000698700000, 0x0000000698700000, 0x0000000698800000|  0%| F|  |TAMS 0x0000000698700000, 0x0000000698700000| Untracked 
| 374|0x0000000698800000, 0x0000000698800000, 0x0000000698900000|  0%| F|  |TAMS 0x0000000698800000, 0x0000000698800000| Untracked 
| 375|0x0000000698900000, 0x0000000698900000, 0x0000000698a00000|  0%| F|  |TAMS 0x0000000698900000, 0x0000000698900000| Untracked 
| 376|0x0000000698a00000, 0x0000000698a00000, 0x0000000698b00000|  0%| F|  |TAMS 0x0000000698a00000, 0x0000000698a00000| Untracked 
| 377|0x0000000698b00000, 0x0000000698b00000, 0x0000000698c00000|  0%| F|  |TAMS 0x0000000698b00000, 0x0000000698b00000| Untracked 
| 378|0x0000000698c00000, 0x0000000698c00000, 0x0000000698d00000|  0%| F|  |TAMS 0x0000000698c00000, 0x0000000698c00000| Untracked 
| 379|0x0000000698d00000, 0x0000000698d00000, 0x0000000698e00000|  0%| F|  |TAMS 0x0000000698d00000, 0x0000000698d00000| Untracked 
| 380|0x0000000698e00000, 0x0000000698e80800, 0x0000000698f00000| 50%| E|  |TAMS 0x0000000698e00000, 0x0000000698e00000| Complete 
| 381|0x0000000698f00000, 0x0000000699000000, 0x0000000699000000|100%| E|CS|TAMS 0x0000000698f00000, 0x0000000698f00000| Complete 
| 382|0x0000000699000000, 0x0000000699100000, 0x0000000699100000|100%| E|CS|TAMS 0x0000000699000000, 0x0000000699000000| Complete 
| 383|0x0000000699100000, 0x0000000699200000, 0x0000000699200000|100%| E|CS|TAMS 0x0000000699100000, 0x0000000699100000| Complete 

Card table byte_map: [0x000001e669a40000,0x000001e66a640000] _byte_map_base: 0x000001e666637000

Marking Bits (Prev, Next): (CMBitMap*) 0x000001e67741c018, (CMBitMap*) 0x000001e67741c050
 Prev Bits: [0x000001e66b240000, 0x000001e6711f8000)
 Next Bits: [0x000001e671200000, 0x000001e6771b8000)

Polling page: 0x000001e650670000

Metaspace:

Usage:
  Non-class:     16.02 MB capacity,    15.80 MB ( 99%) used,   195.50 KB (  1%) free+waste,    32.88 KB ( <1%) overhead. 
      Class:      1.71 MB capacity,     1.54 MB ( 90%) used,   152.91 KB (  9%) free+waste,    14.69 KB ( <1%) overhead. 
       Both:     17.73 MB capacity,    17.34 MB ( 98%) used,   348.41 KB (  2%) free+waste,    47.56 KB ( <1%) overhead. 

Virtual space:
  Non-class space:       18.00 MB reserved,      16.25 MB ( 90%) committed 
      Class space:        1.00 GB reserved,       1.75 MB ( <1%) committed 
             Both:        1.02 GB reserved,      18.00 MB (  2%) committed 

Chunk freelists:
   Non-Class:  105.00 KB
       Class:  14.00 KB
        Both:  119.00 KB

MaxMetaspaceSize: 17179869184.00 GB
CompressedClassSpaceSize: 1.00 GB
Initial GC threshold: 20.80 MB
Current GC threshold: 20.80 MB
CDS: off

CodeHeap 'non-profiled nmethods': size=119168Kb used=716Kb max_used=716Kb free=118451Kb
 bounds [0x000001e661160000, 0x000001e6613d0000, 0x000001e6685c0000]
CodeHeap 'profiled nmethods': size=119168Kb used=3777Kb max_used=3777Kb free=115390Kb
 bounds [0x000001e659d00000, 0x000001e65a0c0000, 0x000001e661160000]
CodeHeap 'non-nmethods': size=7424Kb used=3002Kb max_used=3027Kb free=4421Kb
 bounds [0x000001e6595c0000, 0x000001e6598c0000, 0x000001e659d00000]
 total_blobs=2456 nmethods=1834 adapters=532
 compilation: enabled
              stopped_count=0, restarted_count=0
 full_count=0

Compilation events (20 events):
Event: 6.873 Thread 0x000001e67a7d6800 1825       3       org.lwjgl.opengl.Display::getWidth (30 bytes)
Event: 6.873 Thread 0x000001e67a7d6800 nmethod 1825 0x000001e65a0ad710 code [0x000001e65a0ad900, 0x000001e65a0adee8]
Event: 7.006 Thread 0x000001e67a67c800 1826       4       com.badlogic.gdx.utils.ObjectIntMap::locateKey (63 bytes)
Event: 7.011 Thread 0x000001e67a67c800 nmethod 1826 0x000001e661212210 code [0x000001e6612123c0, 0x000001e661212918]
Event: 7.140 Thread 0x000001e67a67c800 1827       4       java.nio.ByteBuffer::limit (8 bytes)
Event: 7.141 Thread 0x000001e67a67c800 nmethod 1827 0x000001e661212c90 code [0x000001e661212e20, 0x000001e661212ef8]
Event: 7.172 Thread 0x000001e67b8a5000 1828       3       org.lwjgl.opengl.Sync$RunningAvg::dampenForLowResTicker (42 bytes)
Event: 7.172 Thread 0x000001e67b8a5000 nmethod 1828 0x000001e65a0ae090 code [0x000001e65a0ae280, 0x000001e65a0ae4e8]
Event: 7.240 Thread 0x000001e67b88e800 1829       1       com.badlogic.gdx.scenes.scene2d.utils.BaseDrawable::getMinHeight (5 bytes)
Event: 7.240 Thread 0x000001e67a688800 1830       3       java.lang.StrictMath::floorOrCeil (128 bytes)
Event: 7.240 Thread 0x000001e67a7d6800 1831       3       java.lang.Math::getExponent (17 bytes)
Event: 7.240 Thread 0x000001e67b88e800 nmethod 1829 0x000001e661213010 code [0x000001e6612131c0, 0x000001e661213278]
Event: 7.240 Thread 0x000001e67a7d6800 nmethod 1831 0x000001e65a0ae610 code [0x000001e65a0ae7c0, 0x000001e65a0ae8d8]
Event: 7.240 Thread 0x000001e67a688800 nmethod 1830 0x000001e65a0ae990 code [0x000001e65a0aeb60, 0x000001e65a0aefb8]
Event: 7.256 Thread 0x000001e67b8a5000 1832       3       java.nio.ByteBuffer::clear (7 bytes)
Event: 7.256 Thread 0x000001e67b8a5000 nmethod 1832 0x000001e65a0af090 code [0x000001e65a0af240, 0x000001e65a0af3b8]
Event: 7.290 Thread 0x000001e67b88e800 1833       3       com.badlogic.gdx.utils.Pool::free (68 bytes)
Event: 7.291 Thread 0x000001e67b88e800 nmethod 1833 0x000001e65a0af490 code [0x000001e65a0af6c0, 0x000001e65a0affc8]
Event: 7.291 Thread 0x000001e67a7d6800 1834       3       com.badlogic.gdx.utils.ObjectMap$MapIterator::findNextIndex (47 bytes)
Event: 7.291 Thread 0x000001e67a7d6800 nmethod 1834 0x000001e65a0b0210 code [0x000001e65a0b03c0, 0x000001e65a0b0618]

GC Heap History (2 events):
Event: 2.139 GC heap before
{Heap before GC invocations=0 (full 0):
 garbage-first heap   total 393216K, used 23552K [0x0000000681200000, 0x0000000800000000)
  region size 1024K, 24 young (24576K), 0 survivors (0K)
 Metaspace       used 17184K, capacity 17545K, committed 17920K, reserved 1064960K
  class space    used 1544K, capacity 1714K, committed 1792K, reserved 1048576K
}
Event: 2.146 GC heap after
{Heap after GC invocations=1 (full 0):
 garbage-first heap   total 393216K, used 4407K [0x0000000681200000, 0x0000000800000000)
  region size 1024K, 3 young (3072K), 3 survivors (3072K)
 Metaspace       used 17184K, capacity 17545K, committed 17920K, reserved 1064960K
  class space    used 1544K, capacity 1714K, committed 1792K, reserved 1048576K
}

Deoptimization events (20 events):
Event: 3.033 Thread 0x000001e6021fe800 DEOPT PACKING pc=0x000001e659f8da6b sp=0x0000007231dff0f0
Event: 3.033 Thread 0x000001e6021fe800 DEOPT UNPACKING pc=0x000001e65960a95e sp=0x0000007231dfe5c0 mode 0
Event: 3.091 Thread 0x000001e6021fe800 DEOPT PACKING pc=0x000001e659fc2419 sp=0x0000007231dff130
Event: 3.091 Thread 0x000001e6021fe800 DEOPT UNPACKING pc=0x000001e65960a95e sp=0x0000007231dfe5f0 mode 0
Event: 3.091 Thread 0x000001e6021fe800 DEOPT PACKING pc=0x000001e659fba703 sp=0x0000007231dff160
Event: 3.091 Thread 0x000001e6021fe800 DEOPT UNPACKING pc=0x000001e65960a95e sp=0x0000007231dfe5c0 mode 0
Event: 3.091 Thread 0x000001e6021fe800 DEOPT PACKING pc=0x000001e659fc2419 sp=0x0000007231dff130
Event: 3.091 Thread 0x000001e6021fe800 DEOPT UNPACKING pc=0x000001e65960a95e sp=0x0000007231dfe5f0 mode 0
Event: 3.092 Thread 0x000001e6021fe800 DEOPT PACKING pc=0x000001e659fba703 sp=0x0000007231dff160
Event: 3.092 Thread 0x000001e6021fe800 DEOPT UNPACKING pc=0x000001e65960a95e sp=0x0000007231dfe5c0 mode 0
Event: 3.205 Thread 0x000001e6021fe800 DEOPT PACKING pc=0x000001e659fee102 sp=0x0000007231dff3c0
Event: 3.205 Thread 0x000001e6021fe800 DEOPT UNPACKING pc=0x000001e65960a95e sp=0x0000007231dfe948 mode 0
Event: 3.290 Thread 0x000001e6021fe800 DEOPT PACKING pc=0x000001e659fe5453 sp=0x0000007231dff100
Event: 3.290 Thread 0x000001e6021fe800 DEOPT UNPACKING pc=0x000001e65960a95e sp=0x0000007231dfe5b8 mode 0
Event: 3.291 Thread 0x000001e6021fe800 DEOPT PACKING pc=0x000001e659fe5453 sp=0x0000007231dff100
Event: 3.291 Thread 0x000001e6021fe800 DEOPT UNPACKING pc=0x000001e65960a95e sp=0x0000007231dfe5b8 mode 0
Event: 3.291 Thread 0x000001e6021fe800 DEOPT PACKING pc=0x000001e659fc0e60 sp=0x0000007231dff1c0
Event: 3.291 Thread 0x000001e6021fe800 DEOPT UNPACKING pc=0x000001e65960a95e sp=0x0000007231dfe620 mode 0
Event: 3.292 Thread 0x000001e6021fe800 DEOPT PACKING pc=0x000001e659fe5453 sp=0x0000007231dff100
Event: 3.292 Thread 0x000001e6021fe800 DEOPT UNPACKING pc=0x000001e65960a95e sp=0x0000007231dfe5b8 mode 0

Classes redefined (0 events):
No events

Internal exceptions (20 events):
Event: 0.303 Thread 0x000001e650ee9000 Exception <a 'java/lang/NoSuchMethodError'{0x0000000698b3d6b8}: 'int java.lang.invoke.DirectMethodHandle$Holder.invokeSpecialIFC(java.lang.Object, java.lang.Object, int)'> (0x0000000698b3d6b8) thrown at [./src/hotspot/share/interpreter/linkResolver.cpp, line 773]
Event: 0.335 Thread 0x000001e650ee9000 Exception <a 'java/lang/NoSuchMethodError'{0x0000000698a448d0}: 'java.lang.Object java.lang.invoke.DirectMethodHandle$Holder.invokeStaticInit(java.lang.Object, int, int, int, int)'> (0x0000000698a448d0) thrown at [./src/hotspot/share/interpreter/linkResolver.cpp, line 773]
Event: 0.515 Thread 0x000001e650ee9000 Exception <a 'java/lang/NoSuchMethodError'{0x0000000698abc248}: 'java.lang.Object java.lang.invoke.DirectMethodHandle$Holder.invokeStaticInit(java.lang.Object, java.lang.Object, int, int, int, int)'> (0x0000000698abc248) thrown at [./src/hotspot/share/interpreter/linkResolver.cpp, line 773]
Event: 0.578 Thread 0x000001e650ee9000 Exception <a 'java/lang/ClassNotFoundException'{0x00000006989d87f0}: sun/awt/resources/spi/awtProvider> (0x00000006989d87f0) thrown at [./src/hotspot/share/classfile/systemDictionary.cpp, line 231]
Event: 0.585 Thread 0x000001e650ee9000 Exception <a 'java/io/FileNotFoundException'{0x000000069881b648}> (0x000000069881b648) thrown at [./src/hotspot/share/prims/jni.cpp, line 616]
Event: 0.590 Thread 0x000001e650ee9000 Exception <a 'java/lang/NoSuchMethodError'{0x0000000698876218}: 'java.lang.Object java.lang.invoke.DirectMethodHandle$Holder.invokeStatic(java.lang.Object, java.lang.Object, java.lang.Object, java.lang.Object, java.lang.Object, java.lang.Object, java.lang.Object, java.lang.Object, java.lang.Object, java.lang.Object, java.lang.Object, java.lang.Object, java.lang.Object, java.lang.Object, java.lang.Object)'> (0x0000000698876218) thrown at [./src/hotspot/share/interpreter/linkResolver.cpp, line 773]
Event: 0.591 Thread 0x000001e650ee9000 Exception <a 'java/lang/NoSuchMethodError'{0x0000000698884248}: 'java.lang.Object java.lang.invoke.DirectMethodHandle$Holder.invokeStatic(java.lang.Object, java.lang.Object, java.lang.Object, java.lang.Object, java.lang.Object, java.lang.Object, java.lang.Object, java.lang.Object, java.lang.Object, java.lang.Object, java.lang.Object, java.lang.Object, java.lang.Object, java.lang.Object, java.lang.Object, java.lang.Object)'> (0x0000000698884248) thrown at [./src/hotspot/share/interpreter/linkResolver.cpp, l
Event: 0.592 Thread 0x000001e650ee9000 Exception <a 'java/lang/NoSuchMethodError'{0x0000000698891ee8}: 'java.lang.Object java.lang.invoke.DirectMethodHandle$Holder.invokeSpecial(java.lang.Object, java.lang.Object, int, int, java.lang.Object, java.lang.Object, java.lang.Object)'> (0x0000000698891ee8) thrown at [./src/hotspot/share/interpreter/linkResolver.cpp, line 773]
Event: 0.592 Thread 0x000001e650ee9000 Exception <a 'java/lang/NoSuchMethodError'{0x0000000698895478}: 'java.lang.Object java.lang.invoke.DelegatingMethodHandle$Holder.reinvoke_L(java.lang.Object, int, int, java.lang.Object, java.lang.Object, java.lang.Object)'> (0x0000000698895478) thrown at [./src/hotspot/share/interpreter/linkResolver.cpp, line 773]
Event: 0.592 Thread 0x000001e650ee9000 Exception <a 'java/lang/NoSuchMethodError'{0x0000000698899558}: 'java.lang.Object java.lang.invoke.DirectMethodHandle$Holder.invokeStatic(java.lang.Object, java.lang.Object, java.lang.Object, java.lang.Object, int)'> (0x0000000698899558) thrown at [./src/hotspot/share/interpreter/linkResolver.cpp, line 773]
Event: 0.597 Thread 0x000001e650ee9000 Exception <a 'java/io/FileNotFoundException'{0x00000006988fbcc8}> (0x00000006988fbcc8) thrown at [./src/hotspot/share/prims/jni.cpp, line 616]
Event: 1.106 Thread 0x000001e67b8a6800 Exception <a 'java/lang/NoSuchMethodError'{0x0000000698780668}: 'void java.lang.invoke.DirectMethodHandle$Holder.invokeSpecial(java.lang.Object, java.lang.Object)'> (0x0000000698780668) thrown at [./src/hotspot/share/interpreter/linkResolver.cpp, line 773]
Event: 1.108 Thread 0x000001e650ee9000 Exception <a 'java/lang/NoSuchMethodError'{0x00000006987f9d98}: 'java.lang.Object java.lang.invoke.DirectMethodHandle$Holder.invokeStatic(java.lang.Object, java.lang.Object, java.lang.Object, java.lang.Object, java.lang.Object, java.lang.Object, java.lang.Object, java.lang.Object, int)'> (0x00000006987f9d98) thrown at [./src/hotspot/share/interpreter/linkResolver.cpp, line 773]
Event: 1.109 Thread 0x000001e650ee9000 Exception <a 'java/lang/NoSuchMethodError'{0x00000006986141e8}: 'java.lang.Object java.lang.invoke.DirectMethodHandle$Holder.invokeStatic(java.lang.Object, java.lang.Object, java.lang.Object, java.lang.Object, java.lang.Object, java.lang.Object, java.lang.Object, java.lang.Object, int, int)'> (0x00000006986141e8) thrown at [./src/hotspot/share/interpreter/linkResolver.cpp, line 773]
Event: 1.271 Thread 0x000001e650ee9000 Exception <a 'java/security/PrivilegedActionException'{0x00000006985d6448}> (0x00000006985d6448) thrown at [./src/hotspot/share/prims/jvm.cpp, line 1306]
Event: 1.271 Thread 0x000001e650ee9000 Exception <a 'java/security/PrivilegedActionException'{0x00000006985d8bf8}> (0x00000006985d8bf8) thrown at [./src/hotspot/share/prims/jvm.cpp, line 1306]
Event: 1.271 Thread 0x000001e650ee9000 Exception <a 'java/security/PrivilegedActionException'{0x00000006985d9bb0}> (0x00000006985d9bb0) thrown at [./src/hotspot/share/prims/jvm.cpp, line 1306]
Event: 1.272 Thread 0x000001e650ee9000 Exception <a 'java/security/PrivilegedActionException'{0x00000006985e98b0}> (0x00000006985e98b0) thrown at [./src/hotspot/share/prims/jvm.cpp, line 1306]
Event: 1.272 Thread 0x000001e650ee9000 Exception <a 'java/security/PrivilegedActionException'{0x00000006985ea470}> (0x00000006985ea470) thrown at [./src/hotspot/share/prims/jvm.cpp, line 1306]
Event: 1.272 Thread 0x000001e650ee9000 Exception <a 'java/security/PrivilegedActionException'{0x00000006985eaff0}> (0x00000006985eaff0) thrown at [./src/hotspot/share/prims/jvm.cpp, line 1306]

Events (20 events):
Event: 4.923 loading class com/badlogic/gdx/utils/TimeUtils done
Event: 4.990 Thread 0x000001e602cf6800 Thread added: 0x000001e602cf6800
Event: 4.990 loading class java/lang/Throwable$WrappedPrintStream
Event: 4.990 loading class java/lang/Throwable$PrintStreamOrWriter
Event: 4.990 loading class java/lang/Throwable$PrintStreamOrWriter done
Event: 4.990 loading class java/lang/Throwable$WrappedPrintStream done
Event: 4.991 Executing VM operation: RevokeBias
Event: 4.991 Executing VM operation: RevokeBias done
Event: 4.991 Thread 0x000001e602cf6800 Thread exited: 0x000001e602cf6800
Event: 5.742 Loaded shared library C:\Users\victo\AppData\Local\Temp\libgdxvicto\1cecf4f6\lwjgl64.dll
Event: 5.744 Loaded shared library C:\Users\victo\AppData\Local\Temp\libgdxvicto\1cecf4f6\lwjgl64.dll
Event: 6.010 Thread 0x000001e602b8f000 Thread added: 0x000001e602b8f000
Event: 6.010 Thread 0x000001e602d09000 Thread added: 0x000001e602d09000
Event: 6.273 Thread 0x000001e602d09000 Thread exited: 0x000001e602d09000
Event: 6.323 Thread 0x000001e602b8f000 Thread exited: 0x000001e602b8f000
Event: 6.775 Loaded shared library C:\Users\victo\AppData\Local\Temp\libgdxvicto\1cecf4f6\lwjgl64.dll
Event: 6.794 Loaded shared library C:\Users\victo\AppData\Local\Temp\libgdxvicto\1cecf4f6\lwjgl64.dll
Event: 6.797 Loaded shared library C:\Users\victo\AppData\Local\Temp\libgdxvicto\1cecf4f6\lwjgl64.dll
Event: 7.290 loading class com/badlogic/gdx/utils/ObjectSet$ObjectSetIterator
Event: 7.290 loading class com/badlogic/gdx/utils/ObjectSet$ObjectSetIterator done


Dynamic libraries:
0x00007ff6dd430000 - 0x00007ff6dd43d000 	C:\Program Files\Eclipse Adoptium\jdk-11.0.13.8-hotspot\bin\javaw.exe
0x00007ffa4b6b0000 - 0x00007ffa4b8a5000 	C:\Windows\SYSTEM32\ntdll.dll
0x00007ffa49ba0000 - 0x00007ffa49c5e000 	C:\Windows\System32\KERNEL32.DLL
0x00007ffa490c0000 - 0x00007ffa49388000 	C:\Windows\System32\KERNELBASE.dll
0x00007ffa46240000 - 0x00007ffa462d0000 	C:\Windows\SYSTEM32\apphelp.dll
0x00007ff9e0610000 - 0x00007ff9e0aa4000 	C:\Windows\SYSTEM32\AcLayers.DLL
0x00007ffa49b00000 - 0x00007ffa49b9e000 	C:\Windows\System32\msvcrt.dll
0x00007ffa49d80000 - 0x00007ffa49f21000 	C:\Windows\System32\USER32.dll
0x00007ffa48ed0000 - 0x00007ffa48ef2000 	C:\Windows\System32\win32u.dll
0x00007ffa4ac50000 - 0x00007ffa4ac7b000 	C:\Windows\System32\GDI32.dll
0x00007ffa48fb0000 - 0x00007ffa490bb000 	C:\Windows\System32\gdi32full.dll
0x00007ffa49610000 - 0x00007ffa496ad000 	C:\Windows\System32\msvcp_win.dll
0x00007ffa48dd0000 - 0x00007ffa48ed0000 	C:\Windows\System32\ucrtbase.dll
0x00007ffa49700000 - 0x00007ffa49755000 	C:\Windows\System32\SHLWAPI.dll
0x00007ffa49760000 - 0x00007ffa4980c000 	C:\Windows\System32\ADVAPI32.dll
0x00007ffa49a20000 - 0x00007ffa49abb000 	C:\Windows\System32\sechost.dll
0x00007ffa4a950000 - 0x00007ffa4aa7a000 	C:\Windows\System32\RPCRT4.dll
0x000001e64eb20000 - 0x000001e64eb23000 	C:\Windows\SYSTEM32\sfc.dll
0x00007ffa33aa0000 - 0x00007ffa33b35000 	C:\Windows\SYSTEM32\WINSPOOL.DRV
0x00007ffa33b70000 - 0x00007ffa33b82000 	C:\Windows\SYSTEM32\sfc_os.DLL
0x00007ffa49ad0000 - 0x00007ffa49b00000 	C:\Windows\System32\IMM32.DLL
0x00007ffa447b0000 - 0x00007ffa447c5000 	C:\Program Files\Eclipse Adoptium\jdk-11.0.13.8-hotspot\bin\VCRUNTIME140.dll
0x00007ffa44790000 - 0x00007ffa447a7000 	C:\Program Files\Eclipse Adoptium\jdk-11.0.13.8-hotspot\bin\jli.dll
0x00007ffa32f60000 - 0x00007ffa331fa000 	C:\Windows\WinSxS\amd64_microsoft.windows.common-controls_6595b64144ccf1df_6.0.19041.1110_none_60b5254171f9507e\COMCTL32.dll
0x00007ffa438e0000 - 0x00007ffa4397b000 	C:\Program Files\Eclipse Adoptium\jdk-11.0.13.8-hotspot\bin\msvcp140.dll
0x00007ff9dd2c0000 - 0x00007ff9dde3e000 	C:\Program Files\Eclipse Adoptium\jdk-11.0.13.8-hotspot\bin\server\jvm.dll
0x00007ffa49a10000 - 0x00007ffa49a18000 	C:\Windows\System32\PSAPI.DLL
0x00007ffa44780000 - 0x00007ffa44789000 	C:\Windows\SYSTEM32\WSOCK32.dll
0x00007ffa3f750000 - 0x00007ffa3f75a000 	C:\Windows\SYSTEM32\VERSION.dll
0x00007ffa3dce0000 - 0x00007ffa3dd07000 	C:\Windows\SYSTEM32\WINMM.dll
0x00007ffa49ff0000 - 0x00007ffa4a05b000 	C:\Windows\System32\WS2_32.dll
0x00007ffa476a0000 - 0x00007ffa476b2000 	C:\Windows\SYSTEM32\kernel.appcore.dll
0x00007ffa44770000 - 0x00007ffa44780000 	C:\Program Files\Eclipse Adoptium\jdk-11.0.13.8-hotspot\bin\verify.dll
0x00007ffa472f0000 - 0x00007ffa474d4000 	C:\Windows\SYSTEM32\DBGHELP.DLL
0x00007ffa33ee0000 - 0x00007ffa33f0c000 	C:\Windows\SYSTEM32\dbgcore.DLL
0x00007ffa49580000 - 0x00007ffa49603000 	C:\Windows\System32\bcryptPrimitives.dll
0x00007ffa44740000 - 0x00007ffa44768000 	C:\Program Files\Eclipse Adoptium\jdk-11.0.13.8-hotspot\bin\java.dll
0x00007ffa44730000 - 0x00007ffa4473a000 	C:\Program Files\Eclipse Adoptium\jdk-11.0.13.8-hotspot\bin\jimage.dll
0x00007ffa43fd0000 - 0x00007ffa43fe7000 	C:\Program Files\Eclipse Adoptium\jdk-11.0.13.8-hotspot\bin\zip.dll
0x00007ffa4a060000 - 0x00007ffa4a79f000 	C:\Windows\System32\SHELL32.dll
0x00007ffa46aa0000 - 0x00007ffa47230000 	C:\Windows\SYSTEM32\windows.storage.dll
0x00007ffa4ac80000 - 0x00007ffa4afd5000 	C:\Windows\System32\combase.dll
0x00007ffa48820000 - 0x00007ffa4884e000 	C:\Windows\SYSTEM32\Wldp.dll
0x00007ffa4aba0000 - 0x00007ffa4ac4d000 	C:\Windows\System32\SHCORE.dll
0x00007ffa48d10000 - 0x00007ffa48d2f000 	C:\Windows\SYSTEM32\profapi.dll
0x00007ffa3df20000 - 0x00007ffa3df39000 	C:\Program Files\Eclipse Adoptium\jdk-11.0.13.8-hotspot\bin\net.dll
0x00007ffa3f610000 - 0x00007ffa3f71c000 	C:\Windows\SYSTEM32\WINHTTP.dll
0x00007ffa48580000 - 0x00007ffa485ea000 	C:\Windows\system32\mswsock.dll
0x00007ffa3df00000 - 0x00007ffa3df12000 	C:\Program Files\Eclipse Adoptium\jdk-11.0.13.8-hotspot\bin\nio.dll
0x00007ffa48770000 - 0x00007ffa48788000 	C:\Windows\SYSTEM32\CRYPTSP.dll
0x00007ffa47e90000 - 0x00007ffa47ec4000 	C:\Windows\system32\rsaenh.dll
0x00007ffa493f0000 - 0x00007ffa49417000 	C:\Windows\System32\bcrypt.dll
0x00007ffa48c90000 - 0x00007ffa48cbe000 	C:\Windows\SYSTEM32\USERENV.dll
0x00007ffa48790000 - 0x00007ffa4879c000 	C:\Windows\SYSTEM32\CRYPTBASE.dll
0x00007ffa48220000 - 0x00007ffa4825b000 	C:\Windows\SYSTEM32\IPHLPAPI.DLL
0x00007ffa49ac0000 - 0x00007ffa49ac8000 	C:\Windows\System32\NSI.dll
0x00007ffa42020000 - 0x00007ffa42037000 	C:\Windows\SYSTEM32\dhcpcsvc6.DLL
0x00007ffa426f0000 - 0x00007ffa4270d000 	C:\Windows\SYSTEM32\dhcpcsvc.DLL
0x00007ffa48270000 - 0x00007ffa4833b000 	C:\Windows\SYSTEM32\DNSAPI.dll
0x0000000070bc0000 - 0x0000000070c9c000 	C:\Users\victo\AppData\Local\Temp\sqlite-3.36.0.3-de020a69-da63-423c-8a2e-0e5ba4a836da-sqlitejdbc.dll
0x00007ffa3ac50000 - 0x00007ffa3adea000 	C:\Program Files\Eclipse Adoptium\jdk-11.0.13.8-hotspot\bin\awt.dll
0x00007ffa49940000 - 0x00007ffa49a0d000 	C:\Windows\System32\OLEAUT32.dll
0x00007ffa463e0000 - 0x00007ffa4647e000 	C:\Windows\system32\uxtheme.dll
0x00007ffa16910000 - 0x00007ffa1698f000 	C:\Program Files\ASUSTeKcomputer.Inc\Sonic Suite 3\Foundation\x64\SS3DevProps.dll
0x00007ffa49810000 - 0x00007ffa4993a000 	C:\Windows\System32\ole32.dll
0x00007ffa4aa80000 - 0x00007ffa4ab95000 	C:\Windows\System32\MSCTF.dll
0x00007ffa4b140000 - 0x00007ffa4b1e9000 	C:\Windows\System32\clbcatq.dll
0x00007ffa428c0000 - 0x00007ffa42945000 	C:\Windows\System32\MMDevApi.dll
0x00007ffa48b90000 - 0x00007ffa48bc4000 	C:\Windows\System32\DEVOBJ.dll
0x00007ffa496b0000 - 0x00007ffa496fe000 	C:\Windows\System32\cfgmgr32.dll
0x00007ffa42ae0000 - 0x00007ffa42c61000 	C:\Windows\SYSTEM32\AUDIOSES.DLL
0x00007ffa48340000 - 0x00007ffa4838b000 	C:\Windows\SYSTEM32\powrprof.dll
0x00007ffa48200000 - 0x00007ffa48212000 	C:\Windows\SYSTEM32\UMPDC.dll
0x00007ffa43d40000 - 0x00007ffa43e36000 	C:\Windows\SYSTEM32\PropSys.dll
0x00007ffa466e0000 - 0x00007ffa4670f000 	C:\Windows\system32\DWMAPI.DLL
0x00007ffa16d40000 - 0x00007ffa16e65000 	C:\Windows\system32\opengl32.dll
0x00007ffa16fa0000 - 0x00007ffa16fcc000 	C:\Windows\SYSTEM32\GLU32.dll
0x00007ffa1d0f0000 - 0x00007ffa1d2be000 	C:\Windows\system32\d3d9.dll
0x00007ffa3dd10000 - 0x00007ffa3deca000 	C:\Windows\System32\DriverStore\FileRepository\u0374383.inf_amd64_12cfd68385ecddd5\B374323\aticfx64.dll
0x00007ffa01740000 - 0x00007ffa01774000 	C:\Windows\System32\DriverStore\FileRepository\u0374383.inf_amd64_12cfd68385ecddd5\B374323\atiu9p64.dll
0x00007ff9f5460000 - 0x00007ff9f61b6000 	C:\Windows\System32\DriverStore\FileRepository\u0374383.inf_amd64_12cfd68385ecddd5\B374323\atiumd64.dll
0x000000006e750000 - 0x000000006f60f000 	C:\Windows\System32\DriverStore\FileRepository\u0374383.inf_amd64_12cfd68385ecddd5\B374323\atiumd6a.dll
0x00007ffa4b1f0000 - 0x00007ffa4b662000 	C:\Windows\System32\SETUPAPI.dll
0x00007ffa3b730000 - 0x00007ffa3b760000 	C:\Windows\SYSTEM32\amdihk64.dll
0x00007ffa3e430000 - 0x00007ffa3e46b000 	C:\Windows\SYSTEM32\dxcore.dll
0x000000006e700000 - 0x000000006e72a000 	C:\Users\victo\AppData\Local\Temp\libgdxvicto\e1cd32f8\gdx64.dll
0x0000000180000000 - 0x0000000180053000 	C:\Users\victo\AppData\Local\Temp\libgdxvicto\1cecf4f6\lwjgl64.dll
0x000001e67fd30000 - 0x000001e67fd94000 	C:\Users\victo\AppData\Local\Temp\libgdxvicto\1cecf4f6\OpenAL64.dll
0x00007ffa30880000 - 0x00007ffa3091c000 	C:\Windows\SYSTEM32\dsound.dll
0x00007ffa37910000 - 0x00007ffa37936000 	C:\Windows\SYSTEM32\winmmbase.dll
0x00007ffa464d0000 - 0x00007ffa464e4000 	C:\Windows\SYSTEM32\resourcepolicyclient.dll
0x00007ffa3f930000 - 0x00007ffa3f9de000 	C:\Windows\SYSTEM32\mscms.dll
0x00007ffa3f7f0000 - 0x00007ffa3f801000 	C:\Windows\SYSTEM32\ColorAdapterClient.dll
0x00007ffa39450000 - 0x00007ffa39549000 	C:\Windows\SYSTEM32\textinputframework.dll
0x00007ffa45c60000 - 0x00007ffa45fbe000 	C:\Windows\System32\CoreUIComponents.dll
0x00007ffa45fc0000 - 0x00007ffa460b2000 	C:\Windows\System32\CoreMessaging.dll
0x00007ffa47ac0000 - 0x00007ffa47af3000 	C:\Windows\SYSTEM32\ntmarta.dll
0x00007ffa45590000 - 0x00007ffa456e4000 	C:\Windows\SYSTEM32\wintypes.dll
0x00007ffa423a0000 - 0x00007ffa42499000 	C:\Windows\System32\AppXDeploymentClient.dll
0x00007ffa15ec0000 - 0x00007ffa15eec000 	C:\Windows\System32\DriverStore\FileRepository\u0374383.inf_amd64_12cfd68385ecddd5\B374323\atig6pxx.dll
0x00007ff9ec0f0000 - 0x00007ff9eef50000 	C:\Windows\System32\DriverStore\FileRepository\u0374383.inf_amd64_12cfd68385ecddd5\B374323\atio6axx.dll
0x00007ffa36b30000 - 0x00007ffa36b54000 	C:\Windows\SYSTEM32\dxva2.dll
0x00007ffa15e80000 - 0x00007ffa15ebf000 	C:\Windows\System32\DriverStore\FileRepository\u0374383.inf_amd64_12cfd68385ecddd5\B374323\atig6txx.dll
0x00007ffa2fc70000 - 0x00007ffa2fe40000 	C:\Windows\SYSTEM32\atiadlxx.dll
0x00007ffa28870000 - 0x00007ffa288b9000 	C:\Windows\SYSTEM32\pdh.dll
0x00007ffa49390000 - 0x00007ffa493f0000 	C:\Windows\System32\WINTRUST.dll
0x00007ffa49420000 - 0x00007ffa49576000 	C:\Windows\System32\CRYPT32.dll
0x00007ffa489b0000 - 0x00007ffa489c2000 	C:\Windows\SYSTEM32\MSASN1.dll
0x00007ffa43e80000 - 0x00007ffa43ec3000 	C:\Windows\SYSTEM32\icm32.dll

dbghelp: loaded successfully - version: 4.0.5 - missing functions: none
symbol engine: initialized successfully - sym options: 0x614 - pdb path: .;C:\Program Files\Eclipse Adoptium\jdk-11.0.13.8-hotspot\bin;C:\Windows\SYSTEM32;C:\Windows\WinSxS\amd64_microsoft.windows.common-controls_6595b64144ccf1df_6.0.19041.1110_none_60b5254171f9507e;C:\Program Files\Eclipse Adoptium\jdk-11.0.13.8-hotspot\bin\server;C:\Users\victo\AppData\Local\Temp;C:\Program Files\ASUSTeKcomputer.Inc\Sonic Suite 3\Foundation\x64;C:\Windows\System32\DriverStore\FileRepository\u0374383.inf_amd64_12cfd68385ecddd5\B374323;C:\Users\victo\AppData\Local\Temp\libgdxvicto\e1cd32f8;C:\Users\victo\AppData\Local\Temp\libgdxvicto\1cecf4f6

VM Arguments:
jvm_args: -Dfile.encoding=ISO-8859-1 
java_command: dg.main.desktop.DesktopLauncher
java_class_path (initial): C:\Users\victo\git\Dokdo\desktop\bin\main;C:\Users\victo\git\Dokdo\core\bin\default;C:\Users\victo\git\Dokdo\core\bin\main;C:\Users\victo\.gradle\caches\modules-2\files-2.1\com.badlogicgames.gdx\gdx-tools\1.10.0\d699cf4953fb42a071c7c3feb9b5c45601aa6a4b\gdx-tools-1.10.0.jar;C:\Users\victo\.gradle\caches\modules-2\files-2.1\com.badlogicgames.gdx\gdx-backend-lwjgl\1.10.0\58ff89d9e4fd8a82591367f187d606e781cacc05\gdx-backend-lwjgl-1.10.0.jar;C:\Users\victo\.gradle\caches\modules-2\files-2.1\com.badlogicgames.gdx\gdx-platform\1.10.0\9a8fa793d2fd6d360afc6c9e4c1f5583da263b88\gdx-platform-1.10.0-natives-desktop.jar;C:\Users\victo\.gradle\caches\modules-2\files-2.1\com.badlogicgames.gdx\gdx-box2d-platform\1.10.0\588c4191c5a64ed39365e71484aa37d81c38eb5e\gdx-box2d-platform-1.10.0-natives-desktop.jar;C:\Users\victo\.gradle\caches\modules-2\files-2.1\com.badlogicgames.gdx-controllers\gdx-controllers-desktop\2.1.0\6a40821fd5233d56ef82a78db790784e0d34a340\gdx-controllers-desktop-2.1.0.jar;C:\Users\victo\.gradle\caches\modules-2\files-2.1\com.badlogicgames.gdx\gdx-freetype-platform\1.10.0\6e5d28752759e69384f12e4569d2c884ff71352f\gdx-freetype-platform-1.10.0-natives-desktop.jar;C:\Users\victo\.gradle\caches\modules-2\files-2.1\com.badlogicgames.gdx\gdx-bullet-platform\1.10.0\ce92e8dfc762523d769cbc50853163c03bf98cf1\gdx-bullet-platform-1.10.0-natives-desktop.jar;C:\Users\victo\.gradle\caches\modules-2\files-2.1\com.badlogicgames.gdx\gdx-backend-headless\1.10.0\990eadbb431197c5b9b816d1659c772e0268e65\gdx-backend-headless-1.10.0.jar;C:\Users\victo\.gradle\caches\modules-2\files-2.1\com.badlogicgames.gdx\gdx-freetype\1.10.0\de1d0d5c1e92e8d91364256fd6b7bb279d3e9859\gdx-freetype-1.10.0.jar;C:\Users\victo\.gradle\caches\modules-2\files-2.1\com.badlogicgames.box2dlights\box2dlights\1.5\6902dbcd250c95a27973aa24a147a95b3828d348\box2dlights-1.5.jar;C:\Users\victo\.gradle\caches\modules-2\files-2.1\com.badlogicgames.gdx\gdx-box2d\1.10.0\b3a3c0f00b90716238835434d0ae89
Launcher Type: SUN_STANDARD

[Global flags]
     intx CICompilerCount                          = 12                                        {product} {ergonomic}
     uint ConcGCThreads                            = 3                                         {product} {ergonomic}
     uint G1ConcRefinementThreads                  = 13                                        {product} {ergonomic}
   size_t G1HeapRegionSize                         = 1048576                                   {product} {ergonomic}
    uintx GCDrainStackTargetSize                   = 64                                        {product} {ergonomic}
   size_t InitialHeapSize                          = 402653184                                 {product} {ergonomic}
   size_t MarkStackSize                            = 4194304                                   {product} {ergonomic}
   size_t MaxHeapSize                              = 6423576576                                {product} {ergonomic}
   size_t MaxNewSize                               = 3853516800                                {product} {ergonomic}
   size_t MinHeapDeltaBytes                        = 1048576                                   {product} {ergonomic}
    uintx NonNMethodCodeHeapSize                   = 7594288                                {pd product} {ergonomic}
    uintx NonProfiledCodeHeapSize                  = 122031976                              {pd product} {ergonomic}
    uintx ProfiledCodeHeapSize                     = 122031976                              {pd product} {ergonomic}
    uintx ReservedCodeCacheSize                    = 251658240                              {pd product} {ergonomic}
     bool SegmentedCodeCache                       = true                                      {product} {ergonomic}
     bool UseCompressedClassPointers               = true                                 {lp64_product} {ergonomic}
     bool UseCompressedOops                        = true                                 {lp64_product} {ergonomic}
     bool UseG1GC                                  = true                                      {product} {ergonomic}
     bool UseLargePagesIndividualAllocation        = false                                  {pd product} {ergonomic}

Logging:
Log output configuration:
 #0: stdout all=warning uptime,level,tags
 #1: stderr all=off uptime,level,tags

Environment Variables:
JAVA_HOME=C:\Program Files\Eclipse Adoptium\jdk-11.0.13.8-hotspot\
PATH=C:/Program Files/Eclipse Adoptium/jdk-11.0.13.8-hotspot/bin/client;C:/Program Files/Eclipse Adoptium/jdk-11.0.13.8-hotspot/bin;C:\Program Files\Eclipse Adoptium\jdk-11.0.13.8-hotspot\bin;C:\Windows\system32;C:\Windows;C:\Windows\System32\Wbem;C:\Windows\System32\WindowsPowerShell\v1.0\;C:\Windows\System32\OpenSSH\;C:\Users\victo\AppData\Local\Microsoft\WindowsApps;C:\Trimestre 2 Deusto\jdk-15.0.2;;C:\Trimestre 2 Deusto\eclipse;
USERNAME=victo
OS=Windows_NT
PROCESSOR_IDENTIFIER=AMD64 Family 23 Model 8 Stepping 2, AuthenticAMD



---------------  S Y S T E M  ---------------

OS: Windows 10 , 64 bit Build 19041 (10.0.19041.1348)
OS uptime: 0 days 9:06 hours

CPU:total 16 (initial active 16) (16 cores per cpu, 2 threads per core) family 23 model 8 stepping 2 microcode 0x0, cmov, cx8, fxsr, mmx, sse, sse2, sse3, ssse3, sse4.1, sse4.2, popcnt, avx, avx2, aes, clmul, mmxext, 3dnowpref, lzcnt, sse4a, ht, tsc, tscinvbit, tscinv, bmi1, bmi2, adx, sha, fma

Memory: 4k page, system-wide physical 24501M (17106M free)
TotalPageFile size 28085M (AvailPageFile size 15708M)
current process WorkingSet (physical memory assigned to process): 198M, peak: 203M
current process commit charge ("private bytes"): 655M, peak: 661M

vm_info: OpenJDK 64-Bit Server VM (11.0.13+8) for windows-amd64 JRE (11.0.13+8), built on Oct 19 2021 17:05:59 by "" with unknown MS VC++:1916

END.
