#
# A fatal error has been detected by the Java Runtime Environment:
#
#  EXCEPTION_ACCESS_VIOLATION (0xc0000005) at pc=0x00007fffd73dc3a0, pid=14536, tid=15696
#
# JRE version: OpenJDK Runtime Environment (15.0.2+7) (build 15.0.2+7-27)
# Java VM: OpenJDK 64-Bit Server VM (15.0.2+7-27, mixed mode, tiered, compressed oops, g1 gc, windows-amd64)
# Problematic frame:
# C  [ig9icd64.dll+0x6c3a0]
#
# No core dump will be written. Minidumps are not enabled by default on client versions of Windows
#
# If you would like to submit a bug report, please visit:
#   https://bugreport.java.com/bugreport/crash.jsp
# The crash happened outside the Java Virtual Machine in native code.
# See problematic frame for where to report the bug.
#

---------------  S U M M A R Y ------------

Command Line: -Dfile.encoding=UTF-8 -XX:+ShowCodeDetailsInExceptionMessages dg.main.desktop.DesktopLauncher

Host: Intel(R) Core(TM) i7-10750H CPU @ 2.60GHz, 12 cores, 15G,  Windows 10 , 64 bit Build 19041 (10.0.19041.1348)
Time: Fri Nov 26 08:03:32 2021 Hora estándar romance elapsed time: 6.090524 seconds (0d 0h 0m 6s)

---------------  T H R E A D  ---------------

Current thread (0x0000027816922190):  JavaThread "LWJGL Application" [_thread_in_native, id=15696, stack(0x000000f033b00000,0x000000f033c00000)]

Stack: [0x000000f033b00000,0x000000f033c00000],  sp=0x000000f033bfe958,  free space=1018k
Native frames: (J=compiled Java code, j=interpreted, Vv=VM code, C=native code)
C  [ig9icd64.dll+0x6c3a0]

Java frames: (J=compiled Java code, j=interpreted, Vv=VM code)
J 1578  org.lwjgl.opengl.GL11.nglDrawElements(IIIJJ)V (0 bytes) @ 0x0000027807b6a97e [0x0000027807b6a920+0x000000000000005e]
J 1521 c1 org.lwjgl.opengl.GL11.glDrawElements(ILjava/nio/ShortBuffer;)V (38 bytes) @ 0x0000027800859cec [0x00000278008594e0+0x000000000000080c]
J 1520 c1 com.badlogic.gdx.backends.lwjgl.LwjglGL20.glDrawElements(IIILjava/nio/Buffer;)V (124 bytes) @ 0x0000027800858ae4 [0x0000027800857d00+0x0000000000000de4]
J 1573 c1 com.badlogic.gdx.graphics.Mesh.render(Lcom/badlogic/gdx/graphics/glutils/ShaderProgram;IIIZ)V (341 bytes) @ 0x000002780086afe4 [0x000002780086a980+0x0000000000000664]
J 1508 c1 com.badlogic.gdx.graphics.Mesh.render(Lcom/badlogic/gdx/graphics/glutils/ShaderProgram;III)V (14 bytes) @ 0x0000027800854634 [0x00000278008545c0+0x0000000000000074]
J 1366 c1 com.badlogic.gdx.graphics.g2d.SpriteBatch.flush()V (193 bytes) @ 0x000002780080e354 [0x000002780080d5a0+0x0000000000000db4]
J 1522 c1 com.badlogic.gdx.graphics.g2d.SpriteBatch.end()V (66 bytes) @ 0x000002780085aba4 [0x000002780085aaa0+0x0000000000000104]
j  dg.main.MenuP.render(F)V+46
j  com.badlogic.gdx.Game.render()V+19
j  com.badlogic.gdx.backends.lwjgl.LwjglApplication.mainLoop()V+776
j  com.badlogic.gdx.backends.lwjgl.LwjglApplication$1.run()V+27
v  ~StubRoutines::call_stub

siginfo: EXCEPTION_ACCESS_VIOLATION (0xc0000005), reading address 0x0000027815e36c00


Register to memory mapping:

RIP=0x00007fffd73dc3a0 ig9icd64.dll
RAX=0x00000000000000ff is an unknown value
RBX=0x000000000000ffff is an unknown value
RCX=0x0000027818c16688 points into unknown readable memory: 0x0000000000000000 | 00 00 00 00 00 00 00 00
RDX=0x0000027815e36c00 is an unknown value
RSP=0x000000f033bfe958 is pointing into the stack for thread: 0x0000027816922190
RBP=0x0000000000000006 is an unknown value
RSI=0x000000f033bfea10 is pointing into the stack for thread: 0x0000027816922190
RDI=0x0 is NULL
R8 =0x000000000000000c is an unknown value
R9 =0x000000f033bfea10 is pointing into the stack for thread: 0x0000027816922190
R10=0x0000000002ddfa88 is an unknown value
R11=0x0000000000000006 is an unknown value
R12=0x0 is NULL
R13=0x0000000000060000 is an unknown value
R14=0x00000278170052c0 points into unknown readable memory: 0x0000027818c16688 | 88 66 c1 18 78 02 00 00
R15=0x000000000000000c is an unknown value


Registers:
RAX=0x00000000000000ff, RBX=0x000000000000ffff, RCX=0x0000027818c16688, RDX=0x0000027815e36c00
RSP=0x000000f033bfe958, RBP=0x0000000000000006, RSI=0x000000f033bfea10, RDI=0x0000000000000000
R8 =0x000000000000000c, R9 =0x000000f033bfea10, R10=0x0000000002ddfa88, R11=0x0000000000000006
R12=0x0000000000000000, R13=0x0000000000060000, R14=0x00000278170052c0, R15=0x000000000000000c
RIP=0x00007fffd73dc3a0, EFLAGS=0x0000000000010206

Top of Stack: (sp=0x000000f033bfe958)
0x000000f033bfe958:   00007fffd79b298a 0000000000060000
0x000000f033bfe968:   00000278169f02e0 00000278169c5480
0x000000f033bfe978:   00000278169ade10 000000f033bfea18
0x000000f033bfe988:   0000000000000001 0000000000000006
0x000000f033bfe998:   001605c25bfd0004 0000000000000001
0x000000f033bfe9a8:   00007fffd7de4c2e 0000000000000004
0x000000f033bfe9b8:   0000000000000000 0000000000000004
0x000000f033bfe9c8:   0000000800029248 0000000000001403
0x000000f033bfe9d8:   0000000000000001 00000278169c5480
0x000000f033bfe9e8:   0000000000000006 00000278169c5480
0x000000f033bfe9f8:   00007fffd7bf5b69 0000027816faf9e0
0x000000f033bfea08:   00007ff800000004 0000000000000001
0x000000f033bfea18:   00007fffd82798d0 0000000000000004
0x000000f033bfea28:   0000000000000006 0000000000000000
0x000000f033bfea38:   00007fffd7de50a0 000000000000ffff
0x000000f033bfea48:   00007fffd78a4c24 0000000000000000 

Instructions: (pc=0x00007fffd73dc3a0)
0x00007fffd73dc2a0:   83 c2 10 66 0f f9 c3 66 0f ea c8 66 0f ee d0 48
0x00007fffd73dc2b0:   83 e9 01 75 dd 66 0f fd cb 66 0f fd d3 66 0f c5
0x00007fffd73dc2c0:   c1 00 66 0f c5 c9 01 66 44 0f c5 c1 06 66 3b d8
0x00007fffd73dc2d0:   66 0f 46 c3 66 3b c1 66 0f 46 c8 66 0f c5 c1 02
0x00007fffd73dc2e0:   66 3b c8 66 0f 46 c1 66 0f c5 c9 03 66 3b c1 66
0x00007fffd73dc2f0:   0f 46 c8 66 0f c5 c1 04 66 3b c8 66 0f 46 c1 66
0x00007fffd73dc300:   0f c5 c9 05 66 3b c1 66 0f 46 c8 66 41 3b c8 66
0x00007fffd73dc310:   0f c5 c1 07 66 44 0f 46 c1 66 0f c5 ca 01 66 44
0x00007fffd73dc320:   3b c0 66 41 0f 46 c0 0f b7 d8 66 0f c5 c2 00 66
0x00007fffd73dc330:   44 0f c5 c2 06 66 3b f8 66 0f 43 c7 66 3b c1 66
0x00007fffd73dc340:   0f 43 c8 66 0f c5 c2 02 66 3b c8 66 0f 43 c1 66
0x00007fffd73dc350:   0f c5 ca 03 66 3b c1 66 0f 43 c8 66 0f c5 c2 04
0x00007fffd73dc360:   66 3b c8 66 0f 43 c1 66 0f c5 ca 05 66 3b c1 66
0x00007fffd73dc370:   0f 43 c8 66 41 3b c8 66 0f c5 c2 07 66 44 0f 43
0x00007fffd73dc380:   c1 66 44 3b c0 66 41 0f 43 c0 0f b7 f8 4d 85 db
0x00007fffd73dc390:   74 52 4c 2b d2 66 66 66 0f 1f 84 00 00 00 00 00
0x00007fffd73dc3a0:   0f b7 0a 66 41 89 0c 12 48 8d 52 02 66 3b d9 0f
0x00007fffd73dc3b0:   b7 c1 66 0f 46 c3 66 3b f9 0f b7 d8 66 0f 43 cf
0x00007fffd73dc3c0:   0f b7 f9 49 83 eb 01 75 d7 66 89 06 48 8b 44 24
0x00007fffd73dc3d0:   28 66 89 08 48 8b 5c 24 08 48 8b 74 24 10 48 8b
0x00007fffd73dc3e0:   7c 24 18 c3 48 8b 44 24 28 66 89 1e 48 8b 5c 24
0x00007fffd73dc3f0:   08 48 8b 74 24 10 66 89 38 48 8b 7c 24 18 c3 cc
0x00007fffd73dc400:   48 89 5c 24 10 56 48 83 ec 50 33 db 41 c1 e8 02
0x00007fffd73dc410:   41 8b f1 4c 8b d1 41 bb ff ff ff ff f6 c2 03 0f
0x00007fffd73dc420:   85 3e 02 00 00 83 bc 24 90 00 00 00 06 0f 8c 30
0x00007fffd73dc430:   02 00 00 0f 18 42 20 0f 18 42 40 41 83 f8 04 0f
0x00007fffd73dc440:   82 1e 02 00 00 44 8d 4a 0f 41 83 e1 f0 44 2b ca
0x00007fffd73dc450:   41 c1 e9 02 45 85 c9 74 3a 48 89 7c 24 60 41 8b
0x00007fffd73dc460:   f9 8b 0a 48 83 c2 04 41 89 0a 49 83 c2 04 3b ce
0x00007fffd73dc470:   74 13 44 3b d9 8b c1 41 0f 46 c3 3b d9 44 8b d8
0x00007fffd73dc480:   0f 43 cb 8b d9 48 83 ef 01 75 d6 48 8b 7c 24 60
0x00007fffd73dc490:   45 2b c1 41 83 f8 08 0f 82 c6 01 00 00 48 8b ce 


Stack slot to memory mapping:
stack at sp + 0 slots: 0x00007fffd79b298a ig9icd64.dll
stack at sp + 1 slots: 0x0000000000060000 is an unknown value
stack at sp + 2 slots: 0x00000278169f02e0 points into unknown readable memory: 0x0000027815e36c00 | 00 6c e3 15 78 02 00 00
stack at sp + 3 slots: 0x00000278169c5480 points into unknown readable memory: 0x000002781696f6c0 | c0 f6 96 16 78 02 00 00
stack at sp + 4 slots: 0x00000278169ade10 points into unknown readable memory: 0x0000020000000000 | 00 00 00 00 00 02 00 00
stack at sp + 5 slots: 0x000000f033bfea18 is pointing into the stack for thread: 0x0000027816922190
stack at sp + 6 slots: 0x0000000000000001 is an unknown value
stack at sp + 7 slots: 0x0000000000000006 is an unknown value


---------------  P R O C E S S  ---------------

Threads class SMR info:
_java_thread_list=0x0000027816ec1650, length=15, elements={
0x000002787fc4a020, 0x000002787fc4aad0, 0x000002787fc61410, 0x000002787fc65cf0,
0x000002787fc666b0, 0x000002787fc68f10, 0x000002787fc7c540, 0x000002787fce1f50,
0x000002787fde7010, 0x000002787fdf94f0, 0x0000027815652970, 0x00000278154bc890,
0x0000027816922190, 0x000002787505e140, 0x0000027816f61ea0
}

Java Threads: ( => current thread )
  0x000002787fc4a020 JavaThread "Reference Handler" daemon [_thread_blocked, id=16556, stack(0x000000f032900000,0x000000f032a00000)]
  0x000002787fc4aad0 JavaThread "Finalizer" daemon [_thread_blocked, id=21960, stack(0x000000f032a00000,0x000000f032b00000)]
  0x000002787fc61410 JavaThread "Signal Dispatcher" daemon [_thread_blocked, id=21420, stack(0x000000f032b00000,0x000000f032c00000)]
  0x000002787fc65cf0 JavaThread "Attach Listener" daemon [_thread_blocked, id=21944, stack(0x000000f032c00000,0x000000f032d00000)]
  0x000002787fc666b0 JavaThread "Service Thread" daemon [_thread_blocked, id=8424, stack(0x000000f032d00000,0x000000f032e00000)]
  0x000002787fc68f10 JavaThread "C2 CompilerThread0" daemon [_thread_blocked, id=17248, stack(0x000000f032e00000,0x000000f032f00000)]
  0x000002787fc7c540 JavaThread "C1 CompilerThread0" daemon [_thread_blocked, id=4196, stack(0x000000f032f00000,0x000000f033000000)]
  0x000002787fce1f50 JavaThread "Sweeper thread" daemon [_thread_blocked, id=17252, stack(0x000000f033000000,0x000000f033100000)]
  0x000002787fde7010 JavaThread "Notification Thread" daemon [_thread_blocked, id=14888, stack(0x000000f033100000,0x000000f033200000)]
  0x000002787fdf94f0 JavaThread "Common-Cleaner" daemon [_thread_blocked, id=21752, stack(0x000000f033300000,0x000000f033400000)]
  0x0000027815652970 JavaThread "Java2D Disposer" daemon [_thread_blocked, id=19352, stack(0x000000f033400000,0x000000f033500000)]
  0x00000278154bc890 JavaThread "AWT-Windows" daemon [_thread_in_native, id=17944, stack(0x000000f033600000,0x000000f033700000)]
=>0x0000027816922190 JavaThread "LWJGL Application" [_thread_in_native, id=15696, stack(0x000000f033b00000,0x000000f033c00000)]
  0x000002787505e140 JavaThread "DestroyJavaVM" [_thread_blocked, id=14216, stack(0x000000f032200000,0x000000f032300000)]
  0x0000027816f61ea0 JavaThread "LWJGL Timer" daemon [_thread_blocked, id=10460, stack(0x000000f034100000,0x000000f034200000)]

Other Threads:
  0x000002787fc12040 VMThread "VM Thread" [stack: 0x000000f032800000,0x000000f032900000] [id=16620]
  0x000002787fde74e0 WatcherThread [stack: 0x000000f033200000,0x000000f033300000] [id=21728]
  0x00000278750af0f0 GCTaskThread "GC Thread#0" [stack: 0x000000f032300000,0x000000f032400000] [id=18796]
  0x00000278750c0a30 ConcurrentGCThread "G1 Main Marker" [stack: 0x000000f032400000,0x000000f032500000] [id=12580]
  0x00000278750c16a0 ConcurrentGCThread "G1 Conc#0" [stack: 0x000000f032500000,0x000000f032600000] [id=8400]
  0x00000278751238d0 ConcurrentGCThread "G1 Refine#0" [stack: 0x000000f032600000,0x000000f032700000] [id=3720]
  0x000002787f2438d0 ConcurrentGCThread "G1 Young RemSet Sampling" [stack: 0x000000f032700000,0x000000f032800000] [id=10124]

Threads with active compile tasks:

VM state: not at safepoint (normal execution)

VM Mutex/Monitor currently owned by a thread: None

Heap address: 0x0000000702000000, size: 4064 MB, Compressed Oops mode: Zero based, Oop shift amount: 3
CDS disabled.
Compressed class space mapped at: 0x0000000800000000-0x0000000840000000, size: 1073741824
Narrow klass base: 0x0000000800000000, Narrow klass shift: 0, Narrow klass range: 0x40000000

GC Precious Log:
 CPUs: 12 total, 12 available
 Memory: 16251M
 Large Page Support: Disabled
 NUMA Support: Disabled
 Compressed Oops: Enabled (Zero based)
 Heap Region Size: 2M
 Heap Min Capacity: 8M
 Heap Initial Capacity: 254M
 Heap Max Capacity: 4064M
 Pre-touch: Disabled
 Parallel Workers: 10
 Concurrent Workers: 3
 Concurrent Refinement Workers: 10
 Periodic GC: Disabled

Heap:
 garbage-first heap   total 260096K, used 18432K [0x0000000702000000, 0x0000000800000000)
  region size 2048K, 11 young (22528K), 0 survivors (0K)
 Metaspace       used 17818K, capacity 17974K, committed 18304K, reserved 1067008K
  class space    used 1531K, capacity 1604K, committed 1664K, reserved 1048576K

Heap Regions: E=young(eden), S=young(survivor), O=old, HS=humongous(starts), HC=humongous(continues), CS=collection set, F=free, OA=open archive, CA=closed archive, TAMS=top-at-mark-start (previous, next)
|   0|0x0000000702000000, 0x0000000702000000, 0x0000000702200000|  0%| F|  |TAMS 0x0000000702000000, 0x0000000702000000| Untracked 
|   1|0x0000000702200000, 0x0000000702200000, 0x0000000702400000|  0%| F|  |TAMS 0x0000000702200000, 0x0000000702200000| Untracked 
|   2|0x0000000702400000, 0x0000000702400000, 0x0000000702600000|  0%| F|  |TAMS 0x0000000702400000, 0x0000000702400000| Untracked 
|   3|0x0000000702600000, 0x0000000702600000, 0x0000000702800000|  0%| F|  |TAMS 0x0000000702600000, 0x0000000702600000| Untracked 
|   4|0x0000000702800000, 0x0000000702800000, 0x0000000702a00000|  0%| F|  |TAMS 0x0000000702800000, 0x0000000702800000| Untracked 
|   5|0x0000000702a00000, 0x0000000702a00000, 0x0000000702c00000|  0%| F|  |TAMS 0x0000000702a00000, 0x0000000702a00000| Untracked 
|   6|0x0000000702c00000, 0x0000000702c00000, 0x0000000702e00000|  0%| F|  |TAMS 0x0000000702c00000, 0x0000000702c00000| Untracked 
|   7|0x0000000702e00000, 0x0000000702e00000, 0x0000000703000000|  0%| F|  |TAMS 0x0000000702e00000, 0x0000000702e00000| Untracked 
|   8|0x0000000703000000, 0x0000000703000000, 0x0000000703200000|  0%| F|  |TAMS 0x0000000703000000, 0x0000000703000000| Untracked 
|   9|0x0000000703200000, 0x0000000703200000, 0x0000000703400000|  0%| F|  |TAMS 0x0000000703200000, 0x0000000703200000| Untracked 
|  10|0x0000000703400000, 0x0000000703400000, 0x0000000703600000|  0%| F|  |TAMS 0x0000000703400000, 0x0000000703400000| Untracked 
|  11|0x0000000703600000, 0x0000000703600000, 0x0000000703800000|  0%| F|  |TAMS 0x0000000703600000, 0x0000000703600000| Untracked 
|  12|0x0000000703800000, 0x0000000703800000, 0x0000000703a00000|  0%| F|  |TAMS 0x0000000703800000, 0x0000000703800000| Untracked 
|  13|0x0000000703a00000, 0x0000000703a00000, 0x0000000703c00000|  0%| F|  |TAMS 0x0000000703a00000, 0x0000000703a00000| Untracked 
|  14|0x0000000703c00000, 0x0000000703c00000, 0x0000000703e00000|  0%| F|  |TAMS 0x0000000703c00000, 0x0000000703c00000| Untracked 
|  15|0x0000000703e00000, 0x0000000703e00000, 0x0000000704000000|  0%| F|  |TAMS 0x0000000703e00000, 0x0000000703e00000| Untracked 
|  16|0x0000000704000000, 0x0000000704000000, 0x0000000704200000|  0%| F|  |TAMS 0x0000000704000000, 0x0000000704000000| Untracked 
|  17|0x0000000704200000, 0x0000000704200000, 0x0000000704400000|  0%| F|  |TAMS 0x0000000704200000, 0x0000000704200000| Untracked 
|  18|0x0000000704400000, 0x0000000704400000, 0x0000000704600000|  0%| F|  |TAMS 0x0000000704400000, 0x0000000704400000| Untracked 
|  19|0x0000000704600000, 0x0000000704600000, 0x0000000704800000|  0%| F|  |TAMS 0x0000000704600000, 0x0000000704600000| Untracked 
|  20|0x0000000704800000, 0x0000000704800000, 0x0000000704a00000|  0%| F|  |TAMS 0x0000000704800000, 0x0000000704800000| Untracked 
|  21|0x0000000704a00000, 0x0000000704a00000, 0x0000000704c00000|  0%| F|  |TAMS 0x0000000704a00000, 0x0000000704a00000| Untracked 
|  22|0x0000000704c00000, 0x0000000704c00000, 0x0000000704e00000|  0%| F|  |TAMS 0x0000000704c00000, 0x0000000704c00000| Untracked 
|  23|0x0000000704e00000, 0x0000000704e00000, 0x0000000705000000|  0%| F|  |TAMS 0x0000000704e00000, 0x0000000704e00000| Untracked 
|  24|0x0000000705000000, 0x0000000705000000, 0x0000000705200000|  0%| F|  |TAMS 0x0000000705000000, 0x0000000705000000| Untracked 
|  25|0x0000000705200000, 0x0000000705200000, 0x0000000705400000|  0%| F|  |TAMS 0x0000000705200000, 0x0000000705200000| Untracked 
|  26|0x0000000705400000, 0x0000000705400000, 0x0000000705600000|  0%| F|  |TAMS 0x0000000705400000, 0x0000000705400000| Untracked 
|  27|0x0000000705600000, 0x0000000705600000, 0x0000000705800000|  0%| F|  |TAMS 0x0000000705600000, 0x0000000705600000| Untracked 
|  28|0x0000000705800000, 0x0000000705800000, 0x0000000705a00000|  0%| F|  |TAMS 0x0000000705800000, 0x0000000705800000| Untracked 
|  29|0x0000000705a00000, 0x0000000705a00000, 0x0000000705c00000|  0%| F|  |TAMS 0x0000000705a00000, 0x0000000705a00000| Untracked 
|  30|0x0000000705c00000, 0x0000000705c00000, 0x0000000705e00000|  0%| F|  |TAMS 0x0000000705c00000, 0x0000000705c00000| Untracked 
|  31|0x0000000705e00000, 0x0000000705e00000, 0x0000000706000000|  0%| F|  |TAMS 0x0000000705e00000, 0x0000000705e00000| Untracked 
|  32|0x0000000706000000, 0x0000000706000000, 0x0000000706200000|  0%| F|  |TAMS 0x0000000706000000, 0x0000000706000000| Untracked 
|  33|0x0000000706200000, 0x0000000706200000, 0x0000000706400000|  0%| F|  |TAMS 0x0000000706200000, 0x0000000706200000| Untracked 
|  34|0x0000000706400000, 0x0000000706400000, 0x0000000706600000|  0%| F|  |TAMS 0x0000000706400000, 0x0000000706400000| Untracked 
|  35|0x0000000706600000, 0x0000000706600000, 0x0000000706800000|  0%| F|  |TAMS 0x0000000706600000, 0x0000000706600000| Untracked 
|  36|0x0000000706800000, 0x0000000706800000, 0x0000000706a00000|  0%| F|  |TAMS 0x0000000706800000, 0x0000000706800000| Untracked 
|  37|0x0000000706a00000, 0x0000000706a00000, 0x0000000706c00000|  0%| F|  |TAMS 0x0000000706a00000, 0x0000000706a00000| Untracked 
|  38|0x0000000706c00000, 0x0000000706c00000, 0x0000000706e00000|  0%| F|  |TAMS 0x0000000706c00000, 0x0000000706c00000| Untracked 
|  39|0x0000000706e00000, 0x0000000706e00000, 0x0000000707000000|  0%| F|  |TAMS 0x0000000706e00000, 0x0000000706e00000| Untracked 
|  40|0x0000000707000000, 0x0000000707000000, 0x0000000707200000|  0%| F|  |TAMS 0x0000000707000000, 0x0000000707000000| Untracked 
|  41|0x0000000707200000, 0x0000000707200000, 0x0000000707400000|  0%| F|  |TAMS 0x0000000707200000, 0x0000000707200000| Untracked 
|  42|0x0000000707400000, 0x0000000707400000, 0x0000000707600000|  0%| F|  |TAMS 0x0000000707400000, 0x0000000707400000| Untracked 
|  43|0x0000000707600000, 0x0000000707600000, 0x0000000707800000|  0%| F|  |TAMS 0x0000000707600000, 0x0000000707600000| Untracked 
|  44|0x0000000707800000, 0x0000000707800000, 0x0000000707a00000|  0%| F|  |TAMS 0x0000000707800000, 0x0000000707800000| Untracked 
|  45|0x0000000707a00000, 0x0000000707a00000, 0x0000000707c00000|  0%| F|  |TAMS 0x0000000707a00000, 0x0000000707a00000| Untracked 
|  46|0x0000000707c00000, 0x0000000707c00000, 0x0000000707e00000|  0%| F|  |TAMS 0x0000000707c00000, 0x0000000707c00000| Untracked 
|  47|0x0000000707e00000, 0x0000000707e00000, 0x0000000708000000|  0%| F|  |TAMS 0x0000000707e00000, 0x0000000707e00000| Untracked 
|  48|0x0000000708000000, 0x0000000708000000, 0x0000000708200000|  0%| F|  |TAMS 0x0000000708000000, 0x0000000708000000| Untracked 
|  49|0x0000000708200000, 0x0000000708200000, 0x0000000708400000|  0%| F|  |TAMS 0x0000000708200000, 0x0000000708200000| Untracked 
|  50|0x0000000708400000, 0x0000000708400000, 0x0000000708600000|  0%| F|  |TAMS 0x0000000708400000, 0x0000000708400000| Untracked 
|  51|0x0000000708600000, 0x0000000708600000, 0x0000000708800000|  0%| F|  |TAMS 0x0000000708600000, 0x0000000708600000| Untracked 
|  52|0x0000000708800000, 0x0000000708800000, 0x0000000708a00000|  0%| F|  |TAMS 0x0000000708800000, 0x0000000708800000| Untracked 
|  53|0x0000000708a00000, 0x0000000708a00000, 0x0000000708c00000|  0%| F|  |TAMS 0x0000000708a00000, 0x0000000708a00000| Untracked 
|  54|0x0000000708c00000, 0x0000000708c00000, 0x0000000708e00000|  0%| F|  |TAMS 0x0000000708c00000, 0x0000000708c00000| Untracked 
|  55|0x0000000708e00000, 0x0000000708e00000, 0x0000000709000000|  0%| F|  |TAMS 0x0000000708e00000, 0x0000000708e00000| Untracked 
|  56|0x0000000709000000, 0x0000000709000000, 0x0000000709200000|  0%| F|  |TAMS 0x0000000709000000, 0x0000000709000000| Untracked 
|  57|0x0000000709200000, 0x0000000709200000, 0x0000000709400000|  0%| F|  |TAMS 0x0000000709200000, 0x0000000709200000| Untracked 
|  58|0x0000000709400000, 0x0000000709400000, 0x0000000709600000|  0%| F|  |TAMS 0x0000000709400000, 0x0000000709400000| Untracked 
|  59|0x0000000709600000, 0x0000000709600000, 0x0000000709800000|  0%| F|  |TAMS 0x0000000709600000, 0x0000000709600000| Untracked 
|  60|0x0000000709800000, 0x0000000709800000, 0x0000000709a00000|  0%| F|  |TAMS 0x0000000709800000, 0x0000000709800000| Untracked 
|  61|0x0000000709a00000, 0x0000000709a00000, 0x0000000709c00000|  0%| F|  |TAMS 0x0000000709a00000, 0x0000000709a00000| Untracked 
|  62|0x0000000709c00000, 0x0000000709c00000, 0x0000000709e00000|  0%| F|  |TAMS 0x0000000709c00000, 0x0000000709c00000| Untracked 
|  63|0x0000000709e00000, 0x0000000709e00000, 0x000000070a000000|  0%| F|  |TAMS 0x0000000709e00000, 0x0000000709e00000| Untracked 
|  64|0x000000070a000000, 0x000000070a000000, 0x000000070a200000|  0%| F|  |TAMS 0x000000070a000000, 0x000000070a000000| Untracked 
|  65|0x000000070a200000, 0x000000070a200000, 0x000000070a400000|  0%| F|  |TAMS 0x000000070a200000, 0x000000070a200000| Untracked 
|  66|0x000000070a400000, 0x000000070a400000, 0x000000070a600000|  0%| F|  |TAMS 0x000000070a400000, 0x000000070a400000| Untracked 
|  67|0x000000070a600000, 0x000000070a600000, 0x000000070a800000|  0%| F|  |TAMS 0x000000070a600000, 0x000000070a600000| Untracked 
|  68|0x000000070a800000, 0x000000070a800000, 0x000000070aa00000|  0%| F|  |TAMS 0x000000070a800000, 0x000000070a800000| Untracked 
|  69|0x000000070aa00000, 0x000000070aa00000, 0x000000070ac00000|  0%| F|  |TAMS 0x000000070aa00000, 0x000000070aa00000| Untracked 
|  70|0x000000070ac00000, 0x000000070ac00000, 0x000000070ae00000|  0%| F|  |TAMS 0x000000070ac00000, 0x000000070ac00000| Untracked 
|  71|0x000000070ae00000, 0x000000070ae00000, 0x000000070b000000|  0%| F|  |TAMS 0x000000070ae00000, 0x000000070ae00000| Untracked 
|  72|0x000000070b000000, 0x000000070b000000, 0x000000070b200000|  0%| F|  |TAMS 0x000000070b000000, 0x000000070b000000| Untracked 
|  73|0x000000070b200000, 0x000000070b200000, 0x000000070b400000|  0%| F|  |TAMS 0x000000070b200000, 0x000000070b200000| Untracked 
|  74|0x000000070b400000, 0x000000070b400000, 0x000000070b600000|  0%| F|  |TAMS 0x000000070b400000, 0x000000070b400000| Untracked 
|  75|0x000000070b600000, 0x000000070b600000, 0x000000070b800000|  0%| F|  |TAMS 0x000000070b600000, 0x000000070b600000| Untracked 
|  76|0x000000070b800000, 0x000000070b800000, 0x000000070ba00000|  0%| F|  |TAMS 0x000000070b800000, 0x000000070b800000| Untracked 
|  77|0x000000070ba00000, 0x000000070ba00000, 0x000000070bc00000|  0%| F|  |TAMS 0x000000070ba00000, 0x000000070ba00000| Untracked 
|  78|0x000000070bc00000, 0x000000070bc00000, 0x000000070be00000|  0%| F|  |TAMS 0x000000070bc00000, 0x000000070bc00000| Untracked 
|  79|0x000000070be00000, 0x000000070be00000, 0x000000070c000000|  0%| F|  |TAMS 0x000000070be00000, 0x000000070be00000| Untracked 
|  80|0x000000070c000000, 0x000000070c000000, 0x000000070c200000|  0%| F|  |TAMS 0x000000070c000000, 0x000000070c000000| Untracked 
|  81|0x000000070c200000, 0x000000070c200000, 0x000000070c400000|  0%| F|  |TAMS 0x000000070c200000, 0x000000070c200000| Untracked 
|  82|0x000000070c400000, 0x000000070c400000, 0x000000070c600000|  0%| F|  |TAMS 0x000000070c400000, 0x000000070c400000| Untracked 
|  83|0x000000070c600000, 0x000000070c600000, 0x000000070c800000|  0%| F|  |TAMS 0x000000070c600000, 0x000000070c600000| Untracked 
|  84|0x000000070c800000, 0x000000070c800000, 0x000000070ca00000|  0%| F|  |TAMS 0x000000070c800000, 0x000000070c800000| Untracked 
|  85|0x000000070ca00000, 0x000000070ca00000, 0x000000070cc00000|  0%| F|  |TAMS 0x000000070ca00000, 0x000000070ca00000| Untracked 
|  86|0x000000070cc00000, 0x000000070cc00000, 0x000000070ce00000|  0%| F|  |TAMS 0x000000070cc00000, 0x000000070cc00000| Untracked 
|  87|0x000000070ce00000, 0x000000070ce00000, 0x000000070d000000|  0%| F|  |TAMS 0x000000070ce00000, 0x000000070ce00000| Untracked 
|  88|0x000000070d000000, 0x000000070d000000, 0x000000070d200000|  0%| F|  |TAMS 0x000000070d000000, 0x000000070d000000| Untracked 
|  89|0x000000070d200000, 0x000000070d200000, 0x000000070d400000|  0%| F|  |TAMS 0x000000070d200000, 0x000000070d200000| Untracked 
|  90|0x000000070d400000, 0x000000070d400000, 0x000000070d600000|  0%| F|  |TAMS 0x000000070d400000, 0x000000070d400000| Untracked 
|  91|0x000000070d600000, 0x000000070d600000, 0x000000070d800000|  0%| F|  |TAMS 0x000000070d600000, 0x000000070d600000| Untracked 
|  92|0x000000070d800000, 0x000000070d800000, 0x000000070da00000|  0%| F|  |TAMS 0x000000070d800000, 0x000000070d800000| Untracked 
|  93|0x000000070da00000, 0x000000070da00000, 0x000000070dc00000|  0%| F|  |TAMS 0x000000070da00000, 0x000000070da00000| Untracked 
|  94|0x000000070dc00000, 0x000000070dc00000, 0x000000070de00000|  0%| F|  |TAMS 0x000000070dc00000, 0x000000070dc00000| Untracked 
|  95|0x000000070de00000, 0x000000070de00000, 0x000000070e000000|  0%| F|  |TAMS 0x000000070de00000, 0x000000070de00000| Untracked 
|  96|0x000000070e000000, 0x000000070e000000, 0x000000070e200000|  0%| F|  |TAMS 0x000000070e000000, 0x000000070e000000| Untracked 
|  97|0x000000070e200000, 0x000000070e200000, 0x000000070e400000|  0%| F|  |TAMS 0x000000070e200000, 0x000000070e200000| Untracked 
|  98|0x000000070e400000, 0x000000070e400000, 0x000000070e600000|  0%| F|  |TAMS 0x000000070e400000, 0x000000070e400000| Untracked 
|  99|0x000000070e600000, 0x000000070e600000, 0x000000070e800000|  0%| F|  |TAMS 0x000000070e600000, 0x000000070e600000| Untracked 
| 100|0x000000070e800000, 0x000000070e800000, 0x000000070ea00000|  0%| F|  |TAMS 0x000000070e800000, 0x000000070e800000| Untracked 
| 101|0x000000070ea00000, 0x000000070ea00000, 0x000000070ec00000|  0%| F|  |TAMS 0x000000070ea00000, 0x000000070ea00000| Untracked 
| 102|0x000000070ec00000, 0x000000070ec00000, 0x000000070ee00000|  0%| F|  |TAMS 0x000000070ec00000, 0x000000070ec00000| Untracked 
| 103|0x000000070ee00000, 0x000000070ee00000, 0x000000070f000000|  0%| F|  |TAMS 0x000000070ee00000, 0x000000070ee00000| Untracked 
| 104|0x000000070f000000, 0x000000070f000000, 0x000000070f200000|  0%| F|  |TAMS 0x000000070f000000, 0x000000070f000000| Untracked 
| 105|0x000000070f200000, 0x000000070f200000, 0x000000070f400000|  0%| F|  |TAMS 0x000000070f200000, 0x000000070f200000| Untracked 
| 106|0x000000070f400000, 0x000000070f400000, 0x000000070f600000|  0%| F|  |TAMS 0x000000070f400000, 0x000000070f400000| Untracked 
| 107|0x000000070f600000, 0x000000070f600000, 0x000000070f800000|  0%| F|  |TAMS 0x000000070f600000, 0x000000070f600000| Untracked 
| 108|0x000000070f800000, 0x000000070f800000, 0x000000070fa00000|  0%| F|  |TAMS 0x000000070f800000, 0x000000070f800000| Untracked 
| 109|0x000000070fa00000, 0x000000070fa00000, 0x000000070fc00000|  0%| F|  |TAMS 0x000000070fa00000, 0x000000070fa00000| Untracked 
| 110|0x000000070fc00000, 0x000000070fc00000, 0x000000070fe00000|  0%| F|  |TAMS 0x000000070fc00000, 0x000000070fc00000| Untracked 
| 111|0x000000070fe00000, 0x000000070fe00000, 0x0000000710000000|  0%| F|  |TAMS 0x000000070fe00000, 0x000000070fe00000| Untracked 
| 112|0x0000000710000000, 0x0000000710000000, 0x0000000710200000|  0%| F|  |TAMS 0x0000000710000000, 0x0000000710000000| Untracked 
| 113|0x0000000710200000, 0x0000000710200000, 0x0000000710400000|  0%| F|  |TAMS 0x0000000710200000, 0x0000000710200000| Untracked 
| 114|0x0000000710400000, 0x0000000710400000, 0x0000000710600000|  0%| F|  |TAMS 0x0000000710400000, 0x0000000710400000| Untracked 
| 115|0x0000000710600000, 0x0000000710600000, 0x0000000710800000|  0%| F|  |TAMS 0x0000000710600000, 0x0000000710600000| Untracked 
| 116|0x0000000710800000, 0x0000000710a00000, 0x0000000710a00000|100%| E|  |TAMS 0x0000000710800000, 0x0000000710800000| Complete 
| 117|0x0000000710a00000, 0x0000000710c00000, 0x0000000710c00000|100%| E|CS|TAMS 0x0000000710a00000, 0x0000000710a00000| Complete 
| 118|0x0000000710c00000, 0x0000000710e00000, 0x0000000710e00000|100%| E|CS|TAMS 0x0000000710c00000, 0x0000000710c00000| Complete 
| 119|0x0000000710e00000, 0x0000000711000000, 0x0000000711000000|100%| E|CS|TAMS 0x0000000710e00000, 0x0000000710e00000| Complete 
| 120|0x0000000711000000, 0x0000000711200000, 0x0000000711200000|100%| E|CS|TAMS 0x0000000711000000, 0x0000000711000000| Complete 
| 121|0x0000000711200000, 0x0000000711400000, 0x0000000711400000|100%| E|  |TAMS 0x0000000711200000, 0x0000000711200000| Complete 
| 122|0x0000000711400000, 0x0000000711600000, 0x0000000711600000|100%| E|CS|TAMS 0x0000000711400000, 0x0000000711400000| Complete 
| 123|0x0000000711600000, 0x0000000711800000, 0x0000000711800000|100%| E|CS|TAMS 0x0000000711600000, 0x0000000711600000| Complete 
| 124|0x0000000711800000, 0x0000000711a00000, 0x0000000711a00000|100%| E|CS|TAMS 0x0000000711800000, 0x0000000711800000| Complete 
| 125|0x0000000711a00000, 0x0000000711c00000, 0x0000000711c00000|100%| E|CS|TAMS 0x0000000711a00000, 0x0000000711a00000| Complete 
| 126|0x0000000711c00000, 0x0000000711e00000, 0x0000000711e00000|100%| E|CS|TAMS 0x0000000711c00000, 0x0000000711c00000| Complete 

Card table byte_map: [0x00000278797b0000,0x0000027879fa0000] _byte_map_base: 0x0000027875fa0000

Marking Bits (Prev, Next): (CMBitMap*) 0x00000278750af960, (CMBitMap*) 0x00000278750af9a0
 Prev Bits: [0x000002787a790000, 0x000002787e710000)
 Next Bits: [0x000002780f000000, 0x0000027812f80000)

Polling page: 0x0000027872fd0000

Metaspace:

Usage:
  Non-class:     15.99 MB capacity,    15.91 MB (>99%) used,    64.23 KB ( <1%) free+waste,    18.56 KB ( <1%) overhead. 
      Class:      1.57 MB capacity,     1.50 MB ( 95%) used,    66.71 KB (  4%) free+waste,     5.81 KB ( <1%) overhead. 
       Both:     17.55 MB capacity,    17.40 MB (>99%) used,   130.94 KB ( <1%) free+waste,    24.38 KB ( <1%) overhead. 

Virtual space:
  Non-class space:       18.00 MB reserved,      16.25 MB ( 90%) committed 
      Class space:        1.00 GB reserved,       1.62 MB ( <1%) committed 
             Both:        1.02 GB reserved,      17.88 MB (  2%) committed 

Chunk freelists:
   Non-Class:  142.00 KB
       Class:  28.00 KB
        Both:  170.00 KB

MaxMetaspaceSize: 17179869184.00 GB
CompressedClassSpaceSize: 1.00 GB

CodeHeap 'non-profiled nmethods': size=120000Kb used=623Kb max_used=623Kb free=119376Kb
 bounds [0x0000027807ad0000, 0x0000027807d40000, 0x000002780f000000]
CodeHeap 'profiled nmethods': size=120000Kb used=2893Kb max_used=2893Kb free=117106Kb
 bounds [0x00000278005a0000, 0x0000027800880000, 0x0000027807ad0000]
CodeHeap 'non-nmethods': size=5760Kb used=1320Kb max_used=1340Kb free=4439Kb
 bounds [0x0000027800000000, 0x0000027800270000, 0x00000278005a0000]
 total_blobs=2212 nmethods=1588 adapters=537
 compilation: enabled
              stopped_count=0, restarted_count=0
 full_count=0

Compilation events (20 events):
Event: 5.576 Thread 0x000002787fc7c540 1575       3       org.lwjgl.opengl.WindowsDisplay::isCloseRequested (12 bytes)
Event: 5.576 Thread 0x000002787fc7c540 nmethod 1575 0x0000027800870d90 code [0x0000027800870f20, 0x0000027800871038]
Event: 5.577 Thread 0x000002787fc7c540 1579       3       com.badlogic.gdx.graphics.glutils.VertexArray::unbind (84 bytes)
Event: 5.578 Thread 0x000002787fc7c540 nmethod 1579 0x0000027800871110 code [0x0000027800871380, 0x0000027800871d68]
Event: 5.578 Thread 0x000002787fc7c540 1580       3       com.badlogic.gdx.graphics.glutils.IndexArray::unbind (1 bytes)
Event: 5.578 Thread 0x000002787fc7c540 nmethod 1580 0x0000027800872290 code [0x0000027800872420, 0x0000027800872518]
Event: 5.579 Thread 0x000002787fc7c540 1582       3       org.lwjgl.opengl.Display::sync (5 bytes)
Event: 5.579 Thread 0x000002787fc7c540 nmethod 1582 0x0000027800872590 code [0x0000027800872720, 0x0000027800872828]
Event: 5.592 Thread 0x000002787fc7c540 1583       3       org.lwjgl.opengl.Display::wasResized (4 bytes)
Event: 5.592 Thread 0x000002787fc7c540 nmethod 1583 0x0000027800872910 code [0x0000027800872aa0, 0x0000027800872b98]
Event: 5.775 Thread 0x000002787fc68f10 1584       4       com.badlogic.gdx.utils.ObjectIntMap::locateKey (63 bytes)
Event: 5.781 Thread 0x000002787fc68f10 nmethod 1584 0x0000027807b6af90 code [0x0000027807b6b120, 0x0000027807b6b658]
Event: 5.808 Thread 0x000002787fc68f10 1585       4       java.nio.HeapByteBuffer::byteOffset (7 bytes)
Event: 5.808 Thread 0x000002787fc68f10 nmethod 1585 0x0000027807b6b990 code [0x0000027807b6bb00, 0x0000027807b6bb78]
Event: 5.889 Thread 0x000002787fc7c540 1586       3       org.lwjgl.opengl.Sync$RunningAvg::dampenForLowResTicker (42 bytes)
Event: 5.889 Thread 0x000002787fc7c540 nmethod 1586 0x0000027800872c10 code [0x0000027800872de0, 0x0000027800873048]
Event: 5.891 Thread 0x000002787fc68f10 1587       4       java.nio.Buffer::remaining (20 bytes)
Event: 5.891 Thread 0x000002787fc68f10 nmethod 1587 0x0000027807b6bc90 code [0x0000027807b6be00, 0x0000027807b6be78]
Event: 6.076 Thread 0x000002787fc7c540 1588       3       com.badlogic.gdx.utils.ObjectMap$MapIterator::findNextIndex (47 bytes)
Event: 6.076 Thread 0x000002787fc7c540 nmethod 1588 0x0000027800873190 code [0x0000027800873340, 0x0000027800873598]

GC Heap History (0 events):
No events

Deoptimization events (20 events):
Event: 1.977 Thread 0x0000027816922190 DEOPT PACKING pc=0x00000278007c4e26 sp=0x000000f033bfed00
Event: 1.977 Thread 0x0000027816922190 DEOPT UNPACKING pc=0x000002780004e23f sp=0x000000f033bfe1a8 mode 0
Event: 1.977 Thread 0x0000027816922190 DEOPT PACKING pc=0x00000278007ac646 sp=0x000000f033bfed00
Event: 1.978 Thread 0x0000027816922190 DEOPT UNPACKING pc=0x000002780004e23f sp=0x000000f033bfe1b0 mode 0
Event: 1.978 Thread 0x0000027816922190 DEOPT PACKING pc=0x00000278007ae4e3 sp=0x000000f033bfed70
Event: 1.978 Thread 0x0000027816922190 DEOPT UNPACKING pc=0x000002780004e23f sp=0x000000f033bfe1b0 mode 0
Event: 2.209 Thread 0x0000027816922190 DEOPT PACKING pc=0x0000027800767ee8 sp=0x000000f033bfedd0
Event: 2.209 Thread 0x0000027816922190 DEOPT UNPACKING pc=0x000002780004e23f sp=0x000000f033bfe278 mode 0
Event: 2.209 Thread 0x0000027816922190 DEOPT PACKING pc=0x00000278007b0519 sp=0x000000f033bfecf0
Event: 2.209 Thread 0x0000027816922190 DEOPT UNPACKING pc=0x000002780004e23f sp=0x000000f033bfe1b0 mode 0
Event: 2.209 Thread 0x0000027816922190 DEOPT PACKING pc=0x00000278007c4e26 sp=0x000000f033bfed00
Event: 2.209 Thread 0x0000027816922190 DEOPT UNPACKING pc=0x000002780004e23f sp=0x000000f033bfe1a8 mode 0
Event: 2.209 Thread 0x0000027816922190 DEOPT PACKING pc=0x0000027800767ee8 sp=0x000000f033bfedd0
Event: 2.209 Thread 0x0000027816922190 DEOPT UNPACKING pc=0x000002780004e23f sp=0x000000f033bfe278 mode 0
Event: 2.210 Thread 0x0000027816922190 DEOPT PACKING pc=0x00000278007b0519 sp=0x000000f033bfed30
Event: 2.210 Thread 0x0000027816922190 DEOPT UNPACKING pc=0x000002780004e23f sp=0x000000f033bfe1d8 mode 0
Event: 2.210 Thread 0x0000027816922190 DEOPT PACKING pc=0x00000278007c4e26 sp=0x000000f033bfed00
Event: 2.210 Thread 0x0000027816922190 DEOPT UNPACKING pc=0x000002780004e23f sp=0x000000f033bfe1a8 mode 0
Event: 2.210 Thread 0x0000027816922190 DEOPT PACKING pc=0x0000027800767ee8 sp=0x000000f033bfedd0
Event: 2.210 Thread 0x0000027816922190 DEOPT UNPACKING pc=0x000002780004e23f sp=0x000000f033bfe278 mode 0

Classes unloaded (0 events):
No events

Classes redefined (0 events):
No events

Internal exceptions (12 events):
Event: 0.221 Thread 0x000002787505e140 Exception <a 'java/lang/NoSuchMethodError'{0x0000000711a089c8}: 'void java.lang.invoke.DirectMethodHandle$Holder.invokeSpecial(java.lang.Object, java.lang.Object, java.lang.Object)'> (0x0000000711a089c8) 
thrown [./open/src/hotspot/share/interpreter/linkResolver.cpp, line 782]
Event: 0.365 Thread 0x000002787505e140 Exception <a 'java/lang/NoSuchMethodError'{0x000000071194e2b8}: 'void java.lang.invoke.DirectMethodHandle$Holder.invokeStatic(java.lang.Object, java.lang.Object)'> (0x000000071194e2b8) 
thrown [./open/src/hotspot/share/interpreter/linkResolver.cpp, line 782]
Event: 0.365 Thread 0x000002787505e140 Exception <a 'java/lang/NoSuchMethodError'{0x0000000711951eb8}: 'void java.lang.invoke.DirectMethodHandle$Holder.invokeStaticInit(java.lang.Object, java.lang.Object)'> (0x0000000711951eb8) 
thrown [./open/src/hotspot/share/interpreter/linkResolver.cpp, line 782]
Event: 0.370 Thread 0x000002787505e140 Exception <a 'java/lang/NoSuchMethodError'{0x00000007119789b0}: 'java.lang.Object java.lang.invoke.DirectMethodHandle$Holder.invokeStatic(java.lang.Object)'> (0x00000007119789b0) 
thrown [./open/src/hotspot/share/interpreter/linkResolver.cpp, line 782]
Event: 0.372 Thread 0x000002787505e140 Exception <a 'java/lang/NoSuchMethodError'{0x0000000711982bf8}: 'java.lang.Object java.lang.invoke.DirectMethodHandle$Holder.invokeStaticInit(java.lang.Object, int, int, int, int)'> (0x0000000711982bf8) 
thrown [./open/src/hotspot/share/interpreter/linkResolver.cpp, line 782]
Event: 0.425 Thread 0x000002787505e140 Exception <a 'java/lang/NoSuchMethodError'{0x0000000711646980}: 'java.lang.Object java.lang.invoke.DirectMethodHandle$Holder.invokeStaticInit(java.lang.Object, java.lang.Object, int, int, int, int)'> (0x0000000711646980) 
thrown [./open/src/hotspot/share/interpreter/linkResolver.cpp, line 782]
Event: 0.538 Thread 0x000002787505e140 Exception <a 'java/lang/ClassNotFoundException'{0x0000000711701ba0}: sun/awt/resources/spi/awtProvider> (0x0000000711701ba0) 
thrown [./open/src/hotspot/share/classfile/systemDictionary.cpp, line 295]
Event: 0.549 Thread 0x000002787505e140 Exception <a 'java/io/FileNotFoundException'{0x0000000711733ac8}> (0x0000000711733ac8) 
thrown [./open/src/hotspot/share/prims/jni.cpp, line 578]
Event: 0.555 Thread 0x000002787505e140 Exception <a 'java/io/FileNotFoundException'{0x00000007117626d0}> (0x00000007117626d0) 
thrown [./open/src/hotspot/share/prims/jni.cpp, line 578]
Event: 0.590 Thread 0x000002787505e140 Exception <a 'java/lang/NoSuchMethodError'{0x0000000711795b48}: 'java.lang.Object java.lang.invoke.DirectMethodHandle$Holder.invokeStaticInit(java.lang.Object)'> (0x0000000711795b48) 
thrown [./open/src/hotspot/share/interpreter/linkResolver.cpp, line 782]
Event: 1.163 Thread 0x0000027816922190 Exception <a 'java/lang/NoSuchMethodError'{0x0000000710fb43c0}: 'java.lang.Object java.lang.invoke.DirectMethodHandle$Holder.invokeStatic(java.lang.Object, int, java.lang.Object)'> (0x0000000710fb43c0) 
thrown [./open/src/hotspot/share/interpreter/linkResolver.cpp, line 782]
Event: 1.168 Thread 0x0000027816922190 Exception <a 'java/lang/ClassNotFoundException'{0x0000000710fc6bb0}: sun/util/logging/resources/spi/loggingProvider> (0x0000000710fc6bb0) 
thrown [./open/src/hotspot/share/classfile/systemDictionary.cpp, line 295]

Events (20 events):
Event: 2.142 Thread 0x0000027816e148e0 Thread exited: 0x0000027816e148e0
Event: 2.212 Thread 0x0000027816edb010 Thread added: 0x0000027816edb010
Event: 2.297 Executing VM operation: HandshakeAllThreads
Event: 2.297 Executing VM operation: HandshakeAllThreads done
Event: 2.441 Thread 0x0000027816edb010 Thread exited: 0x0000027816edb010
Event: 2.658 Loaded shared library C:\Users\eneko\.p2\pool\plugins\org.eclipse.justj.openjdk.hotspot.jre.full.win32.x86_64_15.0.2.v20210201-0955\jre\bin\java.dll
Event: 2.743 Loaded shared library C:\Users\eneko\AppData\Local\Temp\libgdxeneko\1cecf4f6\lwjgl64.dll
Event: 2.744 Loaded shared library C:\Users\eneko\AppData\Local\Temp\libgdxeneko\1cecf4f6\lwjgl64.dll
Event: 2.746 Loaded shared library C:\Users\eneko\AppData\Local\Temp\libgdxeneko\1cecf4f6\lwjgl64.dll
Event: 3.392 Loaded shared library C:\Users\eneko\AppData\Local\Temp\libgdxeneko\1cecf4f6\lwjgl64.dll
Event: 3.444 Loaded shared library C:\Users\eneko\AppData\Local\Temp\libgdxeneko\1cecf4f6\lwjgl64.dll
Event: 3.977 Loaded shared library C:\Users\eneko\AppData\Local\Temp\libgdxeneko\1cecf4f6\lwjgl64.dll
Event: 3.978 Loaded shared library C:\Users\eneko\AppData\Local\Temp\libgdxeneko\1cecf4f6\lwjgl64.dll
Event: 3.980 Loaded shared library C:\Users\eneko\AppData\Local\Temp\libgdxeneko\1cecf4f6\lwjgl64.dll
Event: 4.510 Loaded shared library C:\Users\eneko\AppData\Local\Temp\libgdxeneko\1cecf4f6\lwjgl64.dll
Event: 4.513 Loaded shared library C:\Users\eneko\AppData\Local\Temp\libgdxeneko\1cecf4f6\lwjgl64.dll
Event: 4.514 Loaded shared library C:\Users\eneko\AppData\Local\Temp\libgdxeneko\1cecf4f6\lwjgl64.dll
Event: 5.542 Loaded shared library C:\Users\eneko\AppData\Local\Temp\libgdxeneko\1cecf4f6\lwjgl64.dll
Event: 5.577 Loaded shared library C:\Users\eneko\AppData\Local\Temp\libgdxeneko\1cecf4f6\lwjgl64.dll
Event: 5.579 Loaded shared library C:\Users\eneko\AppData\Local\Temp\libgdxeneko\1cecf4f6\lwjgl64.dll


Dynamic libraries:
0x00007ff7fd780000 - 0x00007ff7fd78d000 	C:\Users\eneko\.p2\pool\plugins\org.eclipse.justj.openjdk.hotspot.jre.full.win32.x86_64_15.0.2.v20210201-0955\jre\bin\javaw.exe
0x00007ff849130000 - 0x00007ff849325000 	C:\WINDOWS\SYSTEM32\ntdll.dll
0x00007ff83aed0000 - 0x00007ff83aee6000 	C:\Program Files\Avast Software\Avast\aswhook.dll
0x00007ff848e30000 - 0x00007ff848eee000 	C:\WINDOWS\System32\KERNEL32.DLL
0x00007ff846d10000 - 0x00007ff846fd8000 	C:\WINDOWS\System32\KERNELBASE.dll
0x00007ff846850000 - 0x00007ff846950000 	C:\WINDOWS\System32\ucrtbase.dll
0x00007ff835a60000 - 0x00007ff835a78000 	C:\Users\eneko\.p2\pool\plugins\org.eclipse.justj.openjdk.hotspot.jre.full.win32.x86_64_15.0.2.v20210201-0955\jre\bin\jli.dll
0x00007ff82edb0000 - 0x00007ff82edc9000 	C:\Users\eneko\.p2\pool\plugins\org.eclipse.justj.openjdk.hotspot.jre.full.win32.x86_64_15.0.2.v20210201-0955\jre\bin\VCRUNTIME140.dll
0x00007ff848740000 - 0x00007ff8488e1000 	C:\WINDOWS\System32\USER32.dll
0x00007ff846950000 - 0x00007ff846972000 	C:\WINDOWS\System32\win32u.dll
0x00007ff823c70000 - 0x00007ff823f0a000 	C:\WINDOWS\WinSxS\amd64_microsoft.windows.common-controls_6595b64144ccf1df_6.0.19041.1110_none_60b5254171f9507e\COMCTL32.dll
0x00007ff8482e0000 - 0x00007ff84830b000 	C:\WINDOWS\System32\GDI32.dll
0x00007ff846aa0000 - 0x00007ff846bab000 	C:\WINDOWS\System32\gdi32full.dll
0x00007ff848ef0000 - 0x00007ff848f8e000 	C:\WINDOWS\System32\msvcrt.dll
0x00007ff8470e0000 - 0x00007ff84717d000 	C:\WINDOWS\System32\msvcp_win.dll
0x00007ff847ef0000 - 0x00007ff847f20000 	C:\WINDOWS\System32\IMM32.DLL
0x00007ff843bd0000 - 0x00007ff843bdc000 	C:\Users\eneko\.p2\pool\plugins\org.eclipse.justj.openjdk.hotspot.jre.full.win32.x86_64_15.0.2.v20210201-0955\jre\bin\vcruntime140_1.dll
0x00007ff82ed10000 - 0x00007ff82eda1000 	C:\Users\eneko\.p2\pool\plugins\org.eclipse.justj.openjdk.hotspot.jre.full.win32.x86_64_15.0.2.v20210201-0955\jre\bin\msvcp140.dll
0x00007ffff4210000 - 0x00007ffff4d6e000 	C:\Users\eneko\.p2\pool\plugins\org.eclipse.justj.openjdk.hotspot.jre.full.win32.x86_64_15.0.2.v20210201-0955\jre\bin\server\jvm.dll
0x00007ff849040000 - 0x00007ff8490ec000 	C:\WINDOWS\System32\ADVAPI32.dll
0x00007ff848bb0000 - 0x00007ff848c4b000 	C:\WINDOWS\System32\sechost.dll
0x00007ff848d00000 - 0x00007ff848e2a000 	C:\WINDOWS\System32\RPCRT4.dll
0x00007ff847f80000 - 0x00007ff847f88000 	C:\WINDOWS\System32\PSAPI.DLL
0x00007ff834ea0000 - 0x00007ff834ea9000 	C:\WINDOWS\SYSTEM32\WSOCK32.dll
0x00007ff8217e0000 - 0x00007ff821807000 	C:\WINDOWS\SYSTEM32\WINMM.dll
0x00007ff83e6b0000 - 0x00007ff83e6ba000 	C:\WINDOWS\SYSTEM32\VERSION.dll
0x00007ff848310000 - 0x00007ff84837b000 	C:\WINDOWS\System32\WS2_32.dll
0x00007ff8450d0000 - 0x00007ff8450e2000 	C:\WINDOWS\SYSTEM32\kernel.appcore.dll
0x00007ff8408b0000 - 0x00007ff8408ba000 	C:\Users\eneko\.p2\pool\plugins\org.eclipse.justj.openjdk.hotspot.jre.full.win32.x86_64_15.0.2.v20210201-0955\jre\bin\jimage.dll
0x00007ff844de0000 - 0x00007ff844fc4000 	C:\WINDOWS\SYSTEM32\DBGHELP.DLL
0x00007ff83d9a0000 - 0x00007ff83d9cc000 	C:\WINDOWS\SYSTEM32\dbgcore.DLL
0x00007ff846980000 - 0x00007ff846a03000 	C:\WINDOWS\System32\bcryptPrimitives.dll
0x00007ff826fa0000 - 0x00007ff826fc5000 	C:\Users\eneko\.p2\pool\plugins\org.eclipse.justj.openjdk.hotspot.jre.full.win32.x86_64_15.0.2.v20210201-0955\jre\bin\java.dll
0x00007ff82eef0000 - 0x00007ff82ef08000 	C:\Users\eneko\.p2\pool\plugins\org.eclipse.justj.openjdk.hotspot.jre.full.win32.x86_64_15.0.2.v20210201-0955\jre\bin\zip.dll
0x00007ff847690000 - 0x00007ff847dcf000 	C:\WINDOWS\System32\SHELL32.dll
0x00007ff844590000 - 0x00007ff844d20000 	C:\WINDOWS\SYSTEM32\windows.storage.dll
0x00007ff848380000 - 0x00007ff8486d5000 	C:\WINDOWS\System32\combase.dll
0x00007ff8462a0000 - 0x00007ff8462ce000 	C:\WINDOWS\SYSTEM32\Wldp.dll
0x00007ff848b00000 - 0x00007ff848bad000 	C:\WINDOWS\System32\SHCORE.dll
0x00007ff847f20000 - 0x00007ff847f75000 	C:\WINDOWS\System32\shlwapi.dll
0x00007ff846790000 - 0x00007ff8467af000 	C:\WINDOWS\SYSTEM32\profapi.dll
0x00007ff82def0000 - 0x00007ff82df09000 	C:\Users\eneko\.p2\pool\plugins\org.eclipse.justj.openjdk.hotspot.jre.full.win32.x86_64_15.0.2.v20210201-0955\jre\bin\net.dll
0x00007ff8365c0000 - 0x00007ff8366cc000 	C:\WINDOWS\SYSTEM32\WINHTTP.dll
0x00007ff846000000 - 0x00007ff84606a000 	C:\WINDOWS\system32\mswsock.dll
0x00007ff82c860000 - 0x00007ff82c872000 	C:\Users\eneko\.p2\pool\plugins\org.eclipse.justj.openjdk.hotspot.jre.full.win32.x86_64_15.0.2.v20210201-0955\jre\bin\nio.dll
0x00007ff846200000 - 0x00007ff846218000 	C:\WINDOWS\SYSTEM32\CRYPTSP.dll
0x00007ff845910000 - 0x00007ff845944000 	C:\WINDOWS\system32\rsaenh.dll
0x00007ff846a10000 - 0x00007ff846a37000 	C:\WINDOWS\System32\bcrypt.dll
0x00007ff846750000 - 0x00007ff84677e000 	C:\WINDOWS\SYSTEM32\USERENV.dll
0x00007ff8461f0000 - 0x00007ff8461fc000 	C:\WINDOWS\SYSTEM32\CRYPTBASE.dll
0x00007ff845ca0000 - 0x00007ff845cdb000 	C:\WINDOWS\SYSTEM32\IPHLPAPI.DLL
0x00007ff8489c0000 - 0x00007ff8489c8000 	C:\WINDOWS\System32\NSI.dll
0x00007ff83dc30000 - 0x00007ff83dc47000 	C:\WINDOWS\SYSTEM32\dhcpcsvc6.DLL
0x00007ff83e750000 - 0x00007ff83e76d000 	C:\WINDOWS\SYSTEM32\dhcpcsvc.DLL
0x00007ff845ce0000 - 0x00007ff845dab000 	C:\WINDOWS\SYSTEM32\DNSAPI.dll
0x0000000070bc0000 - 0x0000000070c9c000 	C:\Users\eneko\AppData\Local\Temp\sqlite-3.36.0.3-7a9a4b9a-0da0-4800-bc7d-b8dd9efa6db6-sqlitejdbc.dll
0x00007ff82eb90000 - 0x00007ff82ed0f000 	C:\Users\eneko\.p2\pool\plugins\org.eclipse.justj.openjdk.hotspot.jre.full.win32.x86_64_15.0.2.v20210201-0955\jre\bin\awt.dll
0x00007ff8488f0000 - 0x00007ff8489bd000 	C:\WINDOWS\System32\OLEAUT32.dll
0x00007ff843d70000 - 0x00007ff843e00000 	C:\WINDOWS\SYSTEM32\apphelp.dll
0x00007ff843ed0000 - 0x00007ff843f6e000 	C:\WINDOWS\system32\uxtheme.dll
0x00007ff847dd0000 - 0x00007ff847ee5000 	C:\WINDOWS\System32\MSCTF.dll
0x00007ff8489d0000 - 0x00007ff848afa000 	C:\WINDOWS\System32\ole32.dll
0x00007ff8440c0000 - 0x00007ff8440ef000 	C:\WINDOWS\system32\DWMAPI.DLL
0x00007ff82e040000 - 0x00007ff82e165000 	C:\WINDOWS\system32\opengl32.dll
0x00007ff83aef0000 - 0x00007ff83af1c000 	C:\WINDOWS\SYSTEM32\GLU32.dll
0x000000006e700000 - 0x000000006e72a000 	C:\Users\eneko\AppData\Local\Temp\libgdxeneko\e1cd32f8\gdx64.dll
0x00007ff840030000 - 0x00007ff840040000 	C:\Users\eneko\.p2\pool\plugins\org.eclipse.justj.openjdk.hotspot.jre.full.win32.x86_64_15.0.2.v20210201-0955\jre\bin\verify.dll
0x0000000180000000 - 0x0000000180053000 	C:\Users\eneko\AppData\Local\Temp\libgdxeneko\1cecf4f6\lwjgl64.dll
0x0000027816420000 - 0x0000027816484000 	C:\Users\eneko\AppData\Local\Temp\libgdxeneko\1cecf4f6\OpenAL64.dll
0x00007ff841380000 - 0x00007ff841405000 	C:\WINDOWS\System32\MMDevApi.dll
0x00007ff8465f0000 - 0x00007ff846624000 	C:\WINDOWS\System32\DEVOBJ.dll
0x00007ff847090000 - 0x00007ff8470de000 	C:\WINDOWS\System32\cfgmgr32.dll
0x00007ff82eaf0000 - 0x00007ff82eb8c000 	C:\WINDOWS\SYSTEM32\dsound.dll
0x00007ff845e10000 - 0x00007ff845e5b000 	C:\WINDOWS\SYSTEM32\powrprof.dll
0x00007ff82bb50000 - 0x00007ff82bb76000 	C:\WINDOWS\SYSTEM32\winmmbase.dll
0x00007ff845c80000 - 0x00007ff845c92000 	C:\WINDOWS\SYSTEM32\UMPDC.dll
0x00007ff841410000 - 0x00007ff841591000 	C:\WINDOWS\SYSTEM32\AUDIOSES.DLL
0x00007ff843fc0000 - 0x00007ff843fd4000 	C:\WINDOWS\SYSTEM32\resourcepolicyclient.dll
0x00007ff840ff0000 - 0x00007ff84109e000 	C:\WINDOWS\SYSTEM32\mscms.dll
0x00007ff840ef0000 - 0x00007ff840f01000 	C:\WINDOWS\SYSTEM32\ColorAdapterClient.dll
0x00007ff83f160000 - 0x00007ff83f1a4000 	C:\Windows\System32\Windows.Internal.Graphics.Display.DisplayColorManagement.dll
0x00007ff83abe0000 - 0x00007ff83acd9000 	C:\WINDOWS\SYSTEM32\textinputframework.dll
0x00007ff843690000 - 0x00007ff8439ee000 	C:\WINDOWS\System32\CoreUIComponents.dll
0x00007ff843a30000 - 0x00007ff843b22000 	C:\WINDOWS\System32\CoreMessaging.dll
0x00007ff845540000 - 0x00007ff845573000 	C:\WINDOWS\SYSTEM32\ntmarta.dll
0x00007ff842fc0000 - 0x00007ff843114000 	C:\WINDOWS\SYSTEM32\wintypes.dll
0x00007ff83e460000 - 0x00007ff83e559000 	C:\Windows\System32\AppXDeploymentClient.dll
0x00007fffd7370000 - 0x00007fffd833a000 	C:\WINDOWS\System32\DriverStore\FileRepository\iigd_dch.inf_amd64_c9929a6553f8ecd2\ig9icd64.dll
0x00007ff845140000 - 0x00007ff845234000 	C:\WINDOWS\system32\dxgi.dll
0x00007ff83a840000 - 0x00007ff83aa7f000 	C:\WINDOWS\System32\DriverStore\FileRepository\iigd_dch.inf_amd64_c9929a6553f8ecd2\igdgmm64.dll
0x00007ff83f210000 - 0x00007ff83f253000 	C:\WINDOWS\SYSTEM32\icm32.dll
0x00007ffff9d60000 - 0x00007ffffa16c000 	C:\WINDOWS\System32\DriverStore\FileRepository\iigd_dch.inf_amd64_c9929a6553f8ecd2\igdml64.dll
0x00007ff837ad0000 - 0x00007ff83a699000 	C:\WINDOWS\System32\DriverStore\FileRepository\iigd_dch.inf_amd64_c9929a6553f8ecd2\igc64.dll

dbghelp: loaded successfully - version: 4.0.5 - missing functions: none
symbol engine: initialized successfully - sym options: 0x614 - pdb path: .;C:\Users\eneko\.p2\pool\plugins\org.eclipse.justj.openjdk.hotspot.jre.full.win32.x86_64_15.0.2.v20210201-0955\jre\bin;C:\WINDOWS\SYSTEM32;C:\Program Files\Avast Software\Avast;C:\WINDOWS\WinSxS\amd64_microsoft.windows.common-controls_6595b64144ccf1df_6.0.19041.1110_none_60b5254171f9507e;C:\Users\eneko\.p2\pool\plugins\org.eclipse.justj.openjdk.hotspot.jre.full.win32.x86_64_15.0.2.v20210201-0955\jre\bin\server;C:\Users\eneko\AppData\Local\Temp;C:\Users\eneko\AppData\Local\Temp\libgdxeneko\e1cd32f8;C:\Users\eneko\AppData\Local\Temp\libgdxeneko\1cecf4f6;C:\WINDOWS\System32\DriverStore\FileRepository\iigd_dch.inf_amd64_c9929a6553f8ecd2

VM Arguments:
jvm_args: -Dfile.encoding=UTF-8 -XX:+ShowCodeDetailsInExceptionMessages 
java_command: dg.main.desktop.DesktopLauncher
java_class_path (initial): C:\Users\eneko\git\Dokdo\desktop\bin\main;C:\Users\eneko\git\Dokdo\core\bin\default;C:\Users\eneko\git\Dokdo\core\bin\main;C:\Users\eneko\.gradle\caches\modules-2\files-2.1\com.badlogicgames.gdx\gdx-tools\1.10.0\d699cf4953fb42a071c7c3feb9b5c45601aa6a4b\gdx-tools-1.10.0.jar;C:\Users\eneko\.gradle\caches\modules-2\files-2.1\com.badlogicgames.gdx\gdx-backend-lwjgl\1.10.0\58ff89d9e4fd8a82591367f187d606e781cacc05\gdx-backend-lwjgl-1.10.0.jar;C:\Users\eneko\.gradle\caches\modules-2\files-2.1\com.badlogicgames.gdx\gdx-platform\1.10.0\9a8fa793d2fd6d360afc6c9e4c1f5583da263b88\gdx-platform-1.10.0-natives-desktop.jar;C:\Users\eneko\.gradle\caches\modules-2\files-2.1\com.badlogicgames.gdx\gdx-box2d-platform\1.10.0\588c4191c5a64ed39365e71484aa37d81c38eb5e\gdx-box2d-platform-1.10.0-natives-desktop.jar;C:\Users\eneko\.gradle\caches\modules-2\files-2.1\com.badlogicgames.gdx-controllers\gdx-controllers-desktop\2.1.0\6a40821fd5233d56ef82a78db790784e0d34a340\gdx-controllers-desktop-2.1.0.jar;C:\Users\eneko\.gradle\caches\modules-2\files-2.1\com.badlogicgames.gdx\gdx-freetype-platform\1.10.0\6e5d28752759e69384f12e4569d2c884ff71352f\gdx-freetype-platform-1.10.0-natives-desktop.jar;C:\Users\eneko\.gradle\caches\modules-2\files-2.1\com.badlogicgames.gdx\gdx-bullet-platform\1.10.0\ce92e8dfc762523d769cbc50853163c03bf98cf1\gdx-bullet-platform-1.10.0-natives-desktop.jar;C:\Users\eneko\.gradle\caches\modules-2\files-2.1\com.badlogicgames.gdx\gdx-backend-headless\1.10.0\990eadbb431197c5b9b816d1659c772e0268e65\gdx-backend-headless-1.10.0.jar;C:\Users\eneko\.gradle\caches\modules-2\files-2.1\com.badlogicgames.gdx\gdx-freetype\1.10.0\de1d0d5c1e92e8d91364256fd6b7bb279d3e9859\gdx-freetype-1.10.0.jar;C:\Users\eneko\.gradle\caches\modules-2\files-2.1\com.badlogicgames.box2dlights\box2dlights\1.5\6902dbcd250c95a27973aa24a147a95b3828d348\box2dlights-1.5.jar;C:\Users\eneko\.gradle\caches\modules-2\files-2.1\com.badlogicgames.gdx\gdx-box2d\1.10.0\b3a3c0f00b90716238835434d0ae89
Launcher Type: SUN_STANDARD

[Global flags]
     intx CICompilerCount                          = 4                                         {product} {ergonomic}
     uint ConcGCThreads                            = 3                                         {product} {ergonomic}
     uint G1ConcRefinementThreads                  = 10                                        {product} {ergonomic}
   size_t G1HeapRegionSize                         = 2097152                                   {product} {ergonomic}
    uintx GCDrainStackTargetSize                   = 64                                        {product} {ergonomic}
   size_t InitialHeapSize                          = 266338304                                 {product} {ergonomic}
   size_t MarkStackSize                            = 4194304                                   {product} {ergonomic}
   size_t MaxHeapSize                              = 4261412864                                {product} {ergonomic}
   size_t MaxNewSize                               = 2556428288                                {product} {ergonomic}
   size_t MinHeapDeltaBytes                        = 2097152                                   {product} {ergonomic}
   size_t MinHeapSize                              = 8388608                                   {product} {ergonomic}
    uintx NonNMethodCodeHeapSize                   = 5839372                                {pd product} {ergonomic}
    uintx NonProfiledCodeHeapSize                  = 122909434                              {pd product} {ergonomic}
    uintx ProfiledCodeHeapSize                     = 122909434                              {pd product} {ergonomic}
    uintx ReservedCodeCacheSize                    = 251658240                              {pd product} {ergonomic}
     bool SegmentedCodeCache                       = true                                      {product} {ergonomic}
     bool ShowCodeDetailsInExceptionMessages       = true                                   {manageable} {command line}
   size_t SoftMaxHeapSize                          = 4261412864                             {manageable} {ergonomic}
     bool UseCompressedClassPointers               = true                                 {lp64_product} {ergonomic}
     bool UseCompressedOops                        = true                                 {lp64_product} {ergonomic}
     bool UseG1GC                                  = true                                      {product} {ergonomic}
     bool UseLargePagesIndividualAllocation        = false                                  {pd product} {ergonomic}

Logging:
Log output configuration:
 #0: stdout all=warning uptime,level,tags
 #1: stderr all=off uptime,level,tags

Environment Variables:
JAVA_HOME=C:\Program Files\Semeru\jdk-16.0.2.7-openj9\
PATH=C:/Users/eneko/.p2/pool/plugins/org.eclipse.justj.openjdk.hotspot.jre.full.win32.x86_64_15.0.2.v20210201-0955/jre/bin/server;C:/Users/eneko/.p2/pool/plugins/org.eclipse.justj.openjdk.hotspot.jre.full.win32.x86_64_15.0.2.v20210201-0955/jre/bin;C:\Program Files\Semeru\jdk-16.0.2.7-openj9\bin;C:\Program Files (x86)\Common Files\Oracle\Java\javapath;C:\Windows\system32;C:\Windows;C:\Windows\System32\Wbem;C:\Windows\System32\WindowsPowerShell\v1.0\;C:\Windows\System32\OpenSSH\;C:\Program Files (x86)\NVIDIA Corporation\PhysX\Common;C:\Program Files\NVIDIA Corporation\NVIDIA NvDLISR;C:\WINDOWS\system32;C:\WINDOWS;C:\WINDOWS\System32\Wbem;C:\WINDOWS\System32\WindowsPowerShell\v1.0\;C:\WINDOWS\System32\OpenSSH\;C:\Program Files\MySQL\MySQL Shell 8.0\bin\;C:\Users\eneko\AppData\Local\Microsoft\WindowsApps;;C:\Users\eneko\AppData\Local\Programs\Microsoft VS Code\bin;C:\WINDOWS\System32;
USERNAME=eneko
OS=Windows_NT
PROCESSOR_IDENTIFIER=Intel64 Family 6 Model 165 Stepping 2, GenuineIntel



---------------  S Y S T E M  ---------------

OS:
 Windows 10 , 64 bit Build 19041 (10.0.19041.1348)
OS uptime: 0 days 17:03 hours

CPU: total 12 (initial active 12) (6 cores per cpu, 2 threads per core) family 6 model 165 stepping 2 microcode 0xea, cmov, cx8, fxsr, mmx, sse, sse2, sse3, ssse3, sse4.1, sse4.2, popcnt, vzeroupper, avx, avx2, aes, clmul, erms, 3dnowpref, lzcnt, ht, tsc, tscinvbit, bmi1, bmi2, adx, fma, clflush, clflushopt

Memory: 4k page, system-wide physical 16251M (8612M free)
TotalPageFile size 18683M (AvailPageFile size 8876M)
current process WorkingSet (physical memory assigned to process): 149M, peak: 158M
current process commit charge ("private bytes"): 379M, peak: 387M

vm_info: OpenJDK 64-Bit Server VM (15.0.2+7-27) for windows-amd64 JRE (15.0.2+7-27), built on Dec  7 2020 20:02:38 by "mach5one" with unknown MS VC++:1925

END.
